19:39:41.203 [main] INFO cc.litstar.config.ConfReader - Starting reading information from config file
19:39:41.276 [main] INFO cc.litstar.config.ConfReader - Reading config.json finished
19:39:41.277 [main] INFO cc.litstar.main.StartMapReduce - Run as worker
19:39:41.312 [main] DEBUG io.netty.util.internal.logging.InternalLoggerFactory - Using SLF4J as the default logging framework
19:39:41.314 [main] DEBUG io.netty.channel.MultithreadEventLoopGroup - -Dio.netty.eventLoopThreads: 8
19:39:41.347 [main] DEBUG io.netty.util.internal.PlatformDependent0 - -Dio.netty.noUnsafe: false
19:39:41.347 [main] DEBUG io.netty.util.internal.PlatformDependent0 - Java version: 8
19:39:41.349 [main] DEBUG io.netty.util.internal.PlatformDependent0 - sun.misc.Unsafe.theUnsafe: available
19:39:41.350 [main] DEBUG io.netty.util.internal.PlatformDependent0 - sun.misc.Unsafe.copyMemory: available
19:39:41.350 [main] DEBUG io.netty.util.internal.PlatformDependent0 - java.nio.Buffer.address: available
19:39:41.351 [main] DEBUG io.netty.util.internal.PlatformDependent0 - direct buffer constructor: available
19:39:41.352 [main] DEBUG io.netty.util.internal.PlatformDependent0 - java.nio.Bits.unaligned: available, true
19:39:41.352 [main] DEBUG io.netty.util.internal.PlatformDependent0 - jdk.internal.misc.Unsafe.allocateUninitializedArray(int): unavailable prior to Java9
19:39:41.352 [main] DEBUG io.netty.util.internal.PlatformDependent0 - java.nio.DirectByteBuffer.<init>(long, int): available
19:39:41.352 [main] DEBUG io.netty.util.internal.PlatformDependent - sun.misc.Unsafe: available
19:39:41.353 [main] DEBUG io.netty.util.internal.PlatformDependent - -Dio.netty.tmpdir: /tmp (java.io.tmpdir)
19:39:41.353 [main] DEBUG io.netty.util.internal.PlatformDependent - -Dio.netty.bitMode: 64 (sun.arch.data.model)
19:39:41.356 [main] DEBUG io.netty.util.internal.PlatformDependent - -Dio.netty.noPreferDirect: false
19:39:41.356 [main] DEBUG io.netty.util.internal.PlatformDependent - -Dio.netty.maxDirectMemory: 894959616 bytes
19:39:41.356 [main] DEBUG io.netty.util.internal.PlatformDependent - -Dio.netty.uninitializedArrayAllocationThreshold: -1
19:39:41.357 [main] DEBUG io.netty.util.internal.CleanerJava6 - java.nio.ByteBuffer.cleaner(): available
19:39:41.381 [main] DEBUG io.netty.channel.nio.NioEventLoop - -Dio.netty.noKeySetOptimization: false
19:39:41.381 [main] DEBUG io.netty.channel.nio.NioEventLoop - -Dio.netty.selectorAutoRebuildThreshold: 512
19:39:41.393 [main] DEBUG io.netty.util.internal.PlatformDependent - org.jctools-core.MpscChunkedArrayQueue: available
19:39:41.417 [main] INFO cc.litstar.comm.CommServer - Mapreduce server init sucessful
19:39:41.436 [main] DEBUG io.netty.channel.DefaultChannelId - -Dio.netty.processId: 12203 (auto-detected)
19:39:41.439 [main] DEBUG io.netty.util.NetUtil - -Djava.net.preferIPv4Stack: false
19:39:41.439 [main] DEBUG io.netty.util.NetUtil - -Djava.net.preferIPv6Addresses: false
19:39:41.440 [main] DEBUG io.netty.util.NetUtil - Loopback interface: lo (lo, 0:0:0:0:0:0:0:1%lo)
19:39:41.441 [main] DEBUG io.netty.util.NetUtil - /proc/sys/net/core/somaxconn: 128
19:39:41.444 [main] DEBUG io.netty.channel.DefaultChannelId - -Dio.netty.machineId: 00:0c:29:ff:fe:48:87:30 (auto-detected)
19:39:41.451 [main] DEBUG io.netty.util.internal.InternalThreadLocalMap - -Dio.netty.threadLocalMap.stringBuilder.initialSize: 1024
19:39:41.451 [main] DEBUG io.netty.util.internal.InternalThreadLocalMap - -Dio.netty.threadLocalMap.stringBuilder.maxSize: 4096
19:39:41.461 [main] DEBUG io.netty.util.ResourceLeakDetector - -Dio.netty.leakDetection.level: simple
19:39:41.461 [main] DEBUG io.netty.util.ResourceLeakDetector - -Dio.netty.leakDetection.maxRecords: 4
19:39:41.461 [main] DEBUG io.netty.util.ResourceLeakDetector - -Dio.netty.leakDetection.maxSampledRecords: 40
19:39:41.490 [main] DEBUG io.netty.buffer.PooledByteBufAllocator - -Dio.netty.allocator.numHeapArenas: 8
19:39:41.490 [main] DEBUG io.netty.buffer.PooledByteBufAllocator - -Dio.netty.allocator.numDirectArenas: 8
19:39:41.490 [main] DEBUG io.netty.buffer.PooledByteBufAllocator - -Dio.netty.allocator.pageSize: 8192
19:39:41.490 [main] DEBUG io.netty.buffer.PooledByteBufAllocator - -Dio.netty.allocator.maxOrder: 11
19:39:41.490 [main] DEBUG io.netty.buffer.PooledByteBufAllocator - -Dio.netty.allocator.chunkSize: 16777216
19:39:41.491 [main] DEBUG io.netty.buffer.PooledByteBufAllocator - -Dio.netty.allocator.tinyCacheSize: 512
19:39:41.491 [main] DEBUG io.netty.buffer.PooledByteBufAllocator - -Dio.netty.allocator.smallCacheSize: 256
19:39:41.491 [main] DEBUG io.netty.buffer.PooledByteBufAllocator - -Dio.netty.allocator.normalCacheSize: 64
19:39:41.491 [main] DEBUG io.netty.buffer.PooledByteBufAllocator - -Dio.netty.allocator.maxCachedBufferCapacity: 32768
19:39:41.491 [main] DEBUG io.netty.buffer.PooledByteBufAllocator - -Dio.netty.allocator.cacheTrimInterval: 8192
19:39:41.491 [main] DEBUG io.netty.buffer.PooledByteBufAllocator - -Dio.netty.allocator.useCacheForAllThreads: true
19:39:41.501 [main] DEBUG io.netty.buffer.ByteBufUtil - -Dio.netty.allocator.type: pooled
19:39:41.501 [main] DEBUG io.netty.buffer.ByteBufUtil - -Dio.netty.threadLocalDirectBufferSize: 65536
19:39:41.502 [main] DEBUG io.netty.buffer.ByteBufUtil - -Dio.netty.maxThreadLocalCharBufferSize: 16384
19:39:41.521 [main] INFO cc.litstar.core.Worker - Sending register information to master
19:39:41.524 [nioEventLoopGroup-2-1] INFO cc.litstar.comm.CommServer - Mapreduce server start sucessful
19:39:41.533 [main] INFO cc.litstar.comm.CommClient - Mapreduce client init sucessful
19:39:41.631 [nioEventLoopGroup-4-1] INFO cc.litstar.comm.CommClient - Starting sending messages
19:39:41.635 [nioEventLoopGroup-4-1] DEBUG io.netty.util.Recycler - -Dio.netty.recycler.maxCapacityPerThread: 32768
19:39:41.635 [nioEventLoopGroup-4-1] DEBUG io.netty.util.Recycler - -Dio.netty.recycler.maxSharedCapacityFactor: 2
19:39:41.635 [nioEventLoopGroup-4-1] DEBUG io.netty.util.Recycler - -Dio.netty.recycler.linkCapacity: 16
19:39:41.635 [nioEventLoopGroup-4-1] DEBUG io.netty.util.Recycler - -Dio.netty.recycler.ratio: 8
19:39:41.657 [nioEventLoopGroup-4-1] DEBUG io.netty.buffer.AbstractByteBuf - -Dio.netty.buffer.bytebuf.checkAccessible: true
19:39:41.659 [nioEventLoopGroup-4-1] DEBUG io.netty.util.ResourceLeakDetectorFactory - Loaded default ResourceLeakDetector: io.netty.util.ResourceLeakDetector@546266f
19:40:15.208 [Thread-0] INFO cc.litstar.core.WorkerMQHandler - Get Message: {"mapNumber":0,"masterInfo":{"ipAddress":"10.108.101.74","port":5000,"username":"root","password":"123456789"},"filePath":"/root/eclipse-workspace/MapReduce/resource/mrtmp.book.txt-0"}
19:40:15.210 [Thread-1] INFO cc.litstar.core.Worker - Get file: [/root/eclipse-workspace/MapReduce/resource/mrtmp.book.txt-0] from master
19:40:15.233 [Thread-0] INFO cc.litstar.core.WorkerMQHandler - Get Message: {"mapNumber":5,"masterInfo":{"ipAddress":"10.108.101.74","port":5000,"username":"root","password":"123456789"},"filePath":"/root/eclipse-workspace/MapReduce/resource/mrtmp.book.txt-5"}
19:40:15.233 [Thread-2] INFO cc.litstar.core.Worker - Get file: [/root/eclipse-workspace/MapReduce/resource/mrtmp.book.txt-5] from master
19:40:16.703 [Thread-2] INFO cc.litstar.core.MapReduce - DoMap: read split mrtmp.book.txt-5:95186
19:40:16.703 [Thread-1] INFO cc.litstar.core.MapReduce - DoMap: read split mrtmp.book.txt-0:95831
19:40:16.798 [Thread-2] INFO cc.litstar.comm.CommClient - Mapreduce client init sucessful
sending successful
19:40:16.803 [Thread-1] INFO cc.litstar.comm.CommClient - Mapreduce client init sucessful
sending successful
19:40:16.807 [nioEventLoopGroup-6-1] INFO cc.litstar.comm.CommClient - Starting sending messages
19:40:16.811 [nioEventLoopGroup-7-1] INFO cc.litstar.comm.CommClient - Starting sending messages
19:40:16.855 [Thread-0] INFO cc.litstar.core.WorkerMQHandler - Get Message: {"reduceNumber":0,"workerList":[{"ipAddress":"10.108.100.236","port":5001,"username":"root","password":"123456789"},{"ipAddress":"10.108.100.125","port":5002,"username":"root","password":"123456789"},{"ipAddress":"10.108.100.240","port":5003,"username":"root","password":"123456789"},{"ipAddress":"10.108.103.102","port":5004,"username":"root","password":"123456789"},{"ipAddress":"10.108.100.247","port":5005,"username":"root","password":"123456789"}],"workerMap":{"0":0,"1":1,"2":2,"3":3,"4":4,"5":0,"6":1,"7":2,"8":3,"9":4},"mapFilePath":{"0":"/root/eclipse-workspace/MapReduce/resource/mrtmp.book.txt-0-0","1":"/root/eclipse-workspace/MapReduce/resource/mrtmp.book.txt-1-0","2":"/root/eclipse-workspace/MapReduce/resource/mrtmp.book.txt-2-0","3":"/root/eclipse-workspace/MapReduce/resource/mrtmp.book.txt-3-0","4":"/root/eclipse-workspace/MapReduce/resource/mrtmp.book.txt-4-0","5":"/root/eclipse-workspace/MapReduce/resource/mrtmp.book.txt-5-0","6":"/root/eclipse-workspace/MapReduce/resource/mrtmp.book.txt-6-0","7":"/root/eclipse-workspace/MapReduce/resource/mrtmp.book.txt-7-0","8":"/root/eclipse-workspace/MapReduce/resource/mrtmp.book.txt-8-0","9":"/root/eclipse-workspace/MapReduce/resource/mrtmp.book.txt-9-0"}}
19:40:16.861 [Thread-5] INFO cc.litstar.core.Worker - Get file: [/root/eclipse-workspace/MapReduce/resource/mrtmp.book.txt-0-0] from worker 0
19:40:17.255 [Thread-5] INFO cc.litstar.core.Worker - Get file: [/root/eclipse-workspace/MapReduce/resource/mrtmp.book.txt-1-0] from worker 1
19:40:17.610 [Thread-5] INFO cc.litstar.core.Worker - Get file: [/root/eclipse-workspace/MapReduce/resource/mrtmp.book.txt-2-0] from worker 2
19:40:17.947 [Thread-5] INFO cc.litstar.core.Worker - Get file: [/root/eclipse-workspace/MapReduce/resource/mrtmp.book.txt-3-0] from worker 3
19:40:18.330 [Thread-5] INFO cc.litstar.core.Worker - Get file: [/root/eclipse-workspace/MapReduce/resource/mrtmp.book.txt-4-0] from worker 4
19:40:18.330 [Thread-5] INFO cc.litstar.core.Worker - Get file: [/root/eclipse-workspace/MapReduce/resource/mrtmp.book.txt-5-0] from worker 0
19:40:18.763 [Thread-5] INFO cc.litstar.core.Worker - Get file: [/root/eclipse-workspace/MapReduce/resource/mrtmp.book.txt-6-0] from worker 1
19:40:19.083 [Thread-5] INFO cc.litstar.core.Worker - Get file: [/root/eclipse-workspace/MapReduce/resource/mrtmp.book.txt-7-0] from worker 2
19:40:19.378 [Thread-5] INFO cc.litstar.core.Worker - Get file: [/root/eclipse-workspace/MapReduce/resource/mrtmp.book.txt-8-0] from worker 3
19:40:19.738 [Thread-5] INFO cc.litstar.core.Worker - Get file: [/root/eclipse-workspace/MapReduce/resource/mrtmp.book.txt-9-0] from worker 4
19:40:19.738 [Thread-5] INFO cc.litstar.core.MapReduce - DoReduce: read map mrtmp.book.txt-0-0:26658
19:40:19.739 [Thread-5] INFO cc.litstar.core.MapReduce - DoReduce: read map mrtmp.book.txt-1-0:25285
19:40:19.739 [Thread-5] INFO cc.litstar.core.MapReduce - DoReduce: read map mrtmp.book.txt-2-0:26619
19:40:19.739 [Thread-5] INFO cc.litstar.core.MapReduce - DoReduce: read map mrtmp.book.txt-3-0:26492
19:40:19.739 [Thread-5] INFO cc.litstar.core.MapReduce - DoReduce: read map mrtmp.book.txt-4-0:27095
19:40:19.739 [Thread-5] INFO cc.litstar.core.MapReduce - DoReduce: read map mrtmp.book.txt-5-0:26672
19:40:19.739 [Thread-5] INFO cc.litstar.core.MapReduce - DoReduce: read map mrtmp.book.txt-6-0:28620
19:40:19.739 [Thread-5] INFO cc.litstar.core.MapReduce - DoReduce: read map mrtmp.book.txt-7-0:26200
19:40:19.739 [Thread-5] INFO cc.litstar.core.MapReduce - DoReduce: read map mrtmp.book.txt-8-0:25607
19:40:19.739 [Thread-5] INFO cc.litstar.core.MapReduce - DoReduce: read map mrtmp.book.txt-9-0:24357
19:40:19.991 [Thread-5] INFO cc.litstar.comm.CommClient - Mapreduce client init sucessful
19:40:19.991 [Thread-5] INFO cc.litstar.core.Worker - sending successful
19:40:19.994 [nioEventLoopGroup-8-1] INFO cc.litstar.comm.CommClient - Starting sending messages
19:40:22.655 [Thread-0] INFO cc.litstar.core.WorkerMQHandler - Get Message: {"info":"ShutDown"}
19:40:22.660 [Thread-14] INFO cc.litstar.comm.CommClient - Mapreduce client init sucessful
19:40:22.662 [nioEventLoopGroup-9-1] INFO cc.litstar.comm.CommClient - Starting sending messages
