19:40:15.404 [main] INFO cc.litstar.config.ConfReader - Starting reading information from config file
19:40:15.478 [main] INFO cc.litstar.config.ConfReader - Reading config.json finished
19:40:15.479 [main] INFO cc.litstar.main.StartMapReduce - Run as worker
19:40:15.509 [main] DEBUG io.netty.util.internal.logging.InternalLoggerFactory - Using SLF4J as the default logging framework
19:40:15.511 [main] DEBUG io.netty.channel.MultithreadEventLoopGroup - -Dio.netty.eventLoopThreads: 8
19:40:15.543 [main] DEBUG io.netty.util.internal.PlatformDependent0 - -Dio.netty.noUnsafe: false
19:40:15.543 [main] DEBUG io.netty.util.internal.PlatformDependent0 - Java version: 8
19:40:15.544 [main] DEBUG io.netty.util.internal.PlatformDependent0 - sun.misc.Unsafe.theUnsafe: available
19:40:15.545 [main] DEBUG io.netty.util.internal.PlatformDependent0 - sun.misc.Unsafe.copyMemory: available
19:40:15.546 [main] DEBUG io.netty.util.internal.PlatformDependent0 - java.nio.Buffer.address: available
19:40:15.547 [main] DEBUG io.netty.util.internal.PlatformDependent0 - direct buffer constructor: available
19:40:15.548 [main] DEBUG io.netty.util.internal.PlatformDependent0 - java.nio.Bits.unaligned: available, true
19:40:15.548 [main] DEBUG io.netty.util.internal.PlatformDependent0 - jdk.internal.misc.Unsafe.allocateUninitializedArray(int): unavailable prior to Java9
19:40:15.548 [main] DEBUG io.netty.util.internal.PlatformDependent0 - java.nio.DirectByteBuffer.<init>(long, int): available
19:40:15.548 [main] DEBUG io.netty.util.internal.PlatformDependent - sun.misc.Unsafe: available
19:40:15.549 [main] DEBUG io.netty.util.internal.PlatformDependent - -Dio.netty.tmpdir: /tmp (java.io.tmpdir)
19:40:15.549 [main] DEBUG io.netty.util.internal.PlatformDependent - -Dio.netty.bitMode: 64 (sun.arch.data.model)
19:40:15.550 [main] DEBUG io.netty.util.internal.PlatformDependent - -Dio.netty.noPreferDirect: false
19:40:15.550 [main] DEBUG io.netty.util.internal.PlatformDependent - -Dio.netty.maxDirectMemory: 894959616 bytes
19:40:15.550 [main] DEBUG io.netty.util.internal.PlatformDependent - -Dio.netty.uninitializedArrayAllocationThreshold: -1
19:40:15.551 [main] DEBUG io.netty.util.internal.CleanerJava6 - java.nio.ByteBuffer.cleaner(): available
19:40:15.572 [main] DEBUG io.netty.channel.nio.NioEventLoop - -Dio.netty.noKeySetOptimization: false
19:40:15.573 [main] DEBUG io.netty.channel.nio.NioEventLoop - -Dio.netty.selectorAutoRebuildThreshold: 512
19:40:15.582 [main] DEBUG io.netty.util.internal.PlatformDependent - org.jctools-core.MpscChunkedArrayQueue: available
19:40:15.604 [main] INFO cc.litstar.comm.CommServer - Mapreduce server init sucessful
19:40:15.623 [main] DEBUG io.netty.channel.DefaultChannelId - -Dio.netty.processId: 12244 (auto-detected)
19:40:15.625 [main] DEBUG io.netty.util.NetUtil - -Djava.net.preferIPv4Stack: false
19:40:15.625 [main] DEBUG io.netty.util.NetUtil - -Djava.net.preferIPv6Addresses: false
19:40:15.626 [main] DEBUG io.netty.util.NetUtil - Loopback interface: lo (lo, 0:0:0:0:0:0:0:1%lo)
19:40:15.628 [main] DEBUG io.netty.util.NetUtil - /proc/sys/net/core/somaxconn: 128
19:40:15.631 [main] DEBUG io.netty.channel.DefaultChannelId - -Dio.netty.machineId: 00:0c:29:ff:fe:f5:99:f9 (auto-detected)
19:40:15.638 [main] DEBUG io.netty.util.internal.InternalThreadLocalMap - -Dio.netty.threadLocalMap.stringBuilder.initialSize: 1024
19:40:15.638 [main] DEBUG io.netty.util.internal.InternalThreadLocalMap - -Dio.netty.threadLocalMap.stringBuilder.maxSize: 4096
19:40:15.648 [main] DEBUG io.netty.util.ResourceLeakDetector - -Dio.netty.leakDetection.level: simple
19:40:15.648 [main] DEBUG io.netty.util.ResourceLeakDetector - -Dio.netty.leakDetection.maxRecords: 4
19:40:15.648 [main] DEBUG io.netty.util.ResourceLeakDetector - -Dio.netty.leakDetection.maxSampledRecords: 40
19:40:15.688 [main] DEBUG io.netty.buffer.PooledByteBufAllocator - -Dio.netty.allocator.numHeapArenas: 8
19:40:15.689 [main] DEBUG io.netty.buffer.PooledByteBufAllocator - -Dio.netty.allocator.numDirectArenas: 8
19:40:15.689 [main] DEBUG io.netty.buffer.PooledByteBufAllocator - -Dio.netty.allocator.pageSize: 8192
19:40:15.689 [main] DEBUG io.netty.buffer.PooledByteBufAllocator - -Dio.netty.allocator.maxOrder: 11
19:40:15.689 [main] DEBUG io.netty.buffer.PooledByteBufAllocator - -Dio.netty.allocator.chunkSize: 16777216
19:40:15.689 [main] DEBUG io.netty.buffer.PooledByteBufAllocator - -Dio.netty.allocator.tinyCacheSize: 512
19:40:15.689 [main] DEBUG io.netty.buffer.PooledByteBufAllocator - -Dio.netty.allocator.smallCacheSize: 256
19:40:15.689 [main] DEBUG io.netty.buffer.PooledByteBufAllocator - -Dio.netty.allocator.normalCacheSize: 64
19:40:15.689 [main] DEBUG io.netty.buffer.PooledByteBufAllocator - -Dio.netty.allocator.maxCachedBufferCapacity: 32768
19:40:15.689 [main] DEBUG io.netty.buffer.PooledByteBufAllocator - -Dio.netty.allocator.cacheTrimInterval: 8192
19:40:15.689 [main] DEBUG io.netty.buffer.PooledByteBufAllocator - -Dio.netty.allocator.useCacheForAllThreads: true
19:40:15.700 [main] DEBUG io.netty.buffer.ByteBufUtil - -Dio.netty.allocator.type: pooled
19:40:15.700 [main] DEBUG io.netty.buffer.ByteBufUtil - -Dio.netty.threadLocalDirectBufferSize: 65536
19:40:15.700 [main] DEBUG io.netty.buffer.ByteBufUtil - -Dio.netty.maxThreadLocalCharBufferSize: 16384
19:40:15.720 [main] INFO cc.litstar.core.Worker - Sending register information to master
19:40:15.723 [nioEventLoopGroup-2-1] INFO cc.litstar.comm.CommServer - Mapreduce server start sucessful
19:40:15.731 [main] INFO cc.litstar.comm.CommClient - Mapreduce client init sucessful
19:40:15.826 [nioEventLoopGroup-4-1] INFO cc.litstar.comm.CommClient - Starting sending messages
19:40:15.829 [nioEventLoopGroup-4-1] DEBUG io.netty.util.Recycler - -Dio.netty.recycler.maxCapacityPerThread: 32768
19:40:15.830 [nioEventLoopGroup-4-1] DEBUG io.netty.util.Recycler - -Dio.netty.recycler.maxSharedCapacityFactor: 2
19:40:15.830 [nioEventLoopGroup-4-1] DEBUG io.netty.util.Recycler - -Dio.netty.recycler.linkCapacity: 16
19:40:15.830 [nioEventLoopGroup-4-1] DEBUG io.netty.util.Recycler - -Dio.netty.recycler.ratio: 8
19:40:15.854 [nioEventLoopGroup-4-1] DEBUG io.netty.buffer.AbstractByteBuf - -Dio.netty.buffer.bytebuf.checkAccessible: true
19:40:15.855 [nioEventLoopGroup-4-1] DEBUG io.netty.util.ResourceLeakDetectorFactory - Loaded default ResourceLeakDetector: io.netty.util.ResourceLeakDetector@546266f
19:40:15.923 [Thread-0] INFO cc.litstar.core.WorkerMQHandler - Get Message: {"mapNumber":4,"masterInfo":{"ipAddress":"10.108.101.74","port":5000,"username":"root","password":"123456789"},"filePath":"/root/eclipse-workspace/MapReduce/resource/mrtmp.book.txt-4"}
19:40:15.925 [Thread-1] INFO cc.litstar.core.Worker - Get file: [/root/eclipse-workspace/MapReduce/resource/mrtmp.book.txt-4] from master
19:40:15.940 [Thread-0] INFO cc.litstar.core.WorkerMQHandler - Get Message: {"mapNumber":9,"masterInfo":{"ipAddress":"10.108.101.74","port":5000,"username":"root","password":"123456789"},"filePath":"/root/eclipse-workspace/MapReduce/resource/mrtmp.book.txt-9"}
19:40:15.947 [Thread-2] INFO cc.litstar.core.Worker - Get file: [/root/eclipse-workspace/MapReduce/resource/mrtmp.book.txt-9] from master
19:40:17.389 [Thread-1] INFO cc.litstar.core.MapReduce - DoMap: read split mrtmp.book.txt-4:94522
19:40:17.458 [Thread-1] INFO cc.litstar.comm.CommClient - Mapreduce client init sucessful
sending successful
19:40:17.460 [nioEventLoopGroup-6-1] INFO cc.litstar.comm.CommClient - Starting sending messages
19:40:17.462 [Thread-2] INFO cc.litstar.core.MapReduce - DoMap: read split mrtmp.book.txt-9:89161
19:40:17.500 [Thread-2] INFO cc.litstar.comm.CommClient - Mapreduce client init sucessful
sending successful
19:40:17.503 [nioEventLoopGroup-7-1] INFO cc.litstar.comm.CommClient - Starting sending messages
19:40:17.582 [Thread-0] INFO cc.litstar.core.WorkerMQHandler - Get Message: {"reduceNumber":4,"workerList":[{"ipAddress":"10.108.100.236","port":5001,"username":"root","password":"123456789"},{"ipAddress":"10.108.100.125","port":5002,"username":"root","password":"123456789"},{"ipAddress":"10.108.100.240","port":5003,"username":"root","password":"123456789"},{"ipAddress":"10.108.103.102","port":5004,"username":"root","password":"123456789"},{"ipAddress":"10.108.100.247","port":5005,"username":"root","password":"123456789"}],"workerMap":{"0":0,"1":1,"2":2,"3":3,"4":4,"5":0,"6":1,"7":2,"8":3,"9":4},"mapFilePath":{"0":"/root/eclipse-workspace/MapReduce/resource/mrtmp.book.txt-0-4","1":"/root/eclipse-workspace/MapReduce/resource/mrtmp.book.txt-1-4","2":"/root/eclipse-workspace/MapReduce/resource/mrtmp.book.txt-2-4","3":"/root/eclipse-workspace/MapReduce/resource/mrtmp.book.txt-3-4","4":"/root/eclipse-workspace/MapReduce/resource/mrtmp.book.txt-4-4","5":"/root/eclipse-workspace/MapReduce/resource/mrtmp.book.txt-5-4","6":"/root/eclipse-workspace/MapReduce/resource/mrtmp.book.txt-6-4","7":"/root/eclipse-workspace/MapReduce/resource/mrtmp.book.txt-7-4","8":"/root/eclipse-workspace/MapReduce/resource/mrtmp.book.txt-8-4","9":"/root/eclipse-workspace/MapReduce/resource/mrtmp.book.txt-9-4"}}
19:40:17.936 [Thread-5] INFO cc.litstar.core.Worker - Get file: [/root/eclipse-workspace/MapReduce/resource/mrtmp.book.txt-0-4] from worker 0
19:40:18.272 [Thread-5] INFO cc.litstar.core.Worker - Get file: [/root/eclipse-workspace/MapReduce/resource/mrtmp.book.txt-1-4] from worker 1
19:40:18.634 [Thread-5] INFO cc.litstar.core.Worker - Get file: [/root/eclipse-workspace/MapReduce/resource/mrtmp.book.txt-2-4] from worker 2
19:40:19.008 [Thread-5] INFO cc.litstar.core.Worker - Get file: [/root/eclipse-workspace/MapReduce/resource/mrtmp.book.txt-3-4] from worker 3
19:40:19.008 [Thread-5] INFO cc.litstar.core.Worker - Get file: [/root/eclipse-workspace/MapReduce/resource/mrtmp.book.txt-4-4] from worker 4
19:40:19.379 [Thread-5] INFO cc.litstar.core.Worker - Get file: [/root/eclipse-workspace/MapReduce/resource/mrtmp.book.txt-5-4] from worker 0
19:40:19.742 [Thread-5] INFO cc.litstar.core.Worker - Get file: [/root/eclipse-workspace/MapReduce/resource/mrtmp.book.txt-6-4] from worker 1
19:40:20.094 [Thread-5] INFO cc.litstar.core.Worker - Get file: [/root/eclipse-workspace/MapReduce/resource/mrtmp.book.txt-7-4] from worker 2
19:40:20.477 [Thread-5] INFO cc.litstar.core.Worker - Get file: [/root/eclipse-workspace/MapReduce/resource/mrtmp.book.txt-8-4] from worker 3
19:40:20.478 [Thread-5] INFO cc.litstar.core.Worker - Get file: [/root/eclipse-workspace/MapReduce/resource/mrtmp.book.txt-9-4] from worker 4
19:40:20.478 [Thread-5] INFO cc.litstar.core.MapReduce - DoReduce: read map mrtmp.book.txt-0-4:26374
19:40:20.478 [Thread-5] INFO cc.litstar.core.MapReduce - DoReduce: read map mrtmp.book.txt-1-4:24448
19:40:20.478 [Thread-5] INFO cc.litstar.core.MapReduce - DoReduce: read map mrtmp.book.txt-2-4:24015
19:40:20.478 [Thread-5] INFO cc.litstar.core.MapReduce - DoReduce: read map mrtmp.book.txt-3-4:23471
19:40:20.479 [Thread-5] INFO cc.litstar.core.MapReduce - DoReduce: read map mrtmp.book.txt-4-4:23764
19:40:20.479 [Thread-5] INFO cc.litstar.core.MapReduce - DoReduce: read map mrtmp.book.txt-5-4:24482
19:40:20.479 [Thread-5] INFO cc.litstar.core.MapReduce - DoReduce: read map mrtmp.book.txt-6-4:22911
19:40:20.479 [Thread-5] INFO cc.litstar.core.MapReduce - DoReduce: read map mrtmp.book.txt-7-4:24673
19:40:20.479 [Thread-5] INFO cc.litstar.core.MapReduce - DoReduce: read map mrtmp.book.txt-8-4:24820
19:40:20.479 [Thread-5] INFO cc.litstar.core.MapReduce - DoReduce: read map mrtmp.book.txt-9-4:22387
19:40:20.719 [Thread-5] INFO cc.litstar.comm.CommClient - Mapreduce client init sucessful
19:40:20.719 [Thread-5] INFO cc.litstar.core.Worker - sending successful
19:40:20.722 [nioEventLoopGroup-8-1] INFO cc.litstar.comm.CommClient - Starting sending messages
19:40:23.378 [Thread-0] INFO cc.litstar.core.WorkerMQHandler - Get Message: {"info":"ShutDown"}
19:40:23.383 [Thread-14] INFO cc.litstar.comm.CommClient - Mapreduce client init sucessful
19:40:23.386 [nioEventLoopGroup-9-1] INFO cc.litstar.comm.CommClient - Starting sending messages
