2017-10-20 21:35:42.754 [Thread-1] DEBUG io.netty.util.internal.logging.InternalLoggerFactory - Using SLF4J as the default logging framework
2017-10-20 21:35:42.759 [Thread-1] DEBUG io.netty.channel.MultithreadEventLoopGroup - -Dio.netty.eventLoopThreads: 8
2017-10-20 21:35:42.803 [Thread-1] DEBUG io.netty.util.internal.PlatformDependent - Platform: Windows
2017-10-20 21:35:42.805 [Thread-1] DEBUG io.netty.util.internal.PlatformDependent0 - -Dio.netty.noUnsafe: false
2017-10-20 21:35:42.806 [Thread-1] DEBUG io.netty.util.internal.PlatformDependent0 - Java version: 8
2017-10-20 21:35:42.808 [Thread-1] DEBUG io.netty.util.internal.PlatformDependent0 - sun.misc.Unsafe.theUnsafe: available
2017-10-20 21:35:42.810 [Thread-1] DEBUG io.netty.util.internal.PlatformDependent0 - sun.misc.Unsafe.copyMemory: available
2017-10-20 21:35:42.811 [Thread-1] DEBUG io.netty.util.internal.PlatformDependent0 - java.nio.Buffer.address: available
2017-10-20 21:35:42.812 [Thread-1] DEBUG io.netty.util.internal.PlatformDependent0 - direct buffer constructor: available
2017-10-20 21:35:42.813 [Thread-1] DEBUG io.netty.util.internal.PlatformDependent0 - java.nio.Bits.unaligned: available, true
2017-10-20 21:35:42.813 [Thread-1] DEBUG io.netty.util.internal.PlatformDependent0 - jdk.internal.misc.Unsafe.allocateUninitializedArray(int): unavailable prior to Java9
2017-10-20 21:35:42.813 [Thread-1] DEBUG io.netty.util.internal.PlatformDependent0 - java.nio.DirectByteBuffer.<init>(long, int): available
2017-10-20 21:35:42.813 [Thread-1] DEBUG io.netty.util.internal.PlatformDependent - sun.misc.Unsafe: available
2017-10-20 21:35:42.814 [Thread-1] DEBUG io.netty.util.internal.PlatformDependent - -Dio.netty.tmpdir: C:\Users\HEHAOX~1\AppData\Local\Temp (java.io.tmpdir)
2017-10-20 21:35:42.815 [Thread-1] DEBUG io.netty.util.internal.PlatformDependent - -Dio.netty.bitMode: 64 (sun.arch.data.model)
2017-10-20 21:35:42.816 [Thread-1] DEBUG io.netty.util.internal.PlatformDependent - -Dio.netty.noPreferDirect: false
2017-10-20 21:35:42.817 [Thread-1] DEBUG io.netty.util.internal.PlatformDependent - -Dio.netty.maxDirectMemory: 1883242496 bytes
2017-10-20 21:35:42.817 [Thread-1] DEBUG io.netty.util.internal.PlatformDependent - -Dio.netty.uninitializedArrayAllocationThreshold: -1
2017-10-20 21:35:42.818 [Thread-1] DEBUG io.netty.util.internal.CleanerJava6 - java.nio.ByteBuffer.cleaner(): available
2017-10-20 21:35:42.835 [Thread-1] DEBUG io.netty.channel.nio.NioEventLoop - -Dio.netty.noKeySetOptimization: false
2017-10-20 21:35:42.835 [Thread-1] DEBUG io.netty.channel.nio.NioEventLoop - -Dio.netty.selectorAutoRebuildThreshold: 512
2017-10-20 21:35:42.844 [Thread-1] DEBUG io.netty.util.internal.PlatformDependent - org.jctools-core.MpscChunkedArrayQueue: available
2017-10-20 21:35:43.004 [Thread-1] DEBUG io.netty.channel.DefaultChannelId - -Dio.netty.processId: 2584 (auto-detected)
2017-10-20 21:35:43.007 [Thread-1] DEBUG io.netty.util.NetUtil - -Djava.net.preferIPv4Stack: false
2017-10-20 21:35:43.007 [Thread-1] DEBUG io.netty.util.NetUtil - -Djava.net.preferIPv6Addresses: false
2017-10-20 21:35:43.063 [Thread-1] DEBUG io.netty.util.NetUtil - Loopback interface: lo (Software Loopback Interface 1, 127.0.0.1)
2017-10-20 21:35:43.064 [Thread-1] DEBUG io.netty.util.NetUtil - Failed to get SOMAXCONN from sysctl and file \proc\sys\net\core\somaxconn. Default: 200
2017-10-20 21:35:43.144 [Thread-1] DEBUG io.netty.channel.DefaultChannelId - -Dio.netty.machineId: 00:00:00:00:00:00:00:e0 (auto-detected)
2017-10-20 21:35:43.149 [Thread-1] DEBUG io.netty.util.internal.InternalThreadLocalMap - -Dio.netty.threadLocalMap.stringBuilder.initialSize: 1024
2017-10-20 21:35:43.149 [Thread-1] DEBUG io.netty.util.internal.InternalThreadLocalMap - -Dio.netty.threadLocalMap.stringBuilder.maxSize: 4096
2017-10-20 21:35:43.158 [Thread-1] DEBUG io.netty.util.ResourceLeakDetector - -Dio.netty.leakDetection.level: simple
2017-10-20 21:35:43.158 [Thread-1] DEBUG io.netty.util.ResourceLeakDetector - -Dio.netty.leakDetection.maxRecords: 4
2017-10-20 21:35:43.159 [Thread-1] DEBUG io.netty.util.ResourceLeakDetector - -Dio.netty.leakDetection.maxSampledRecords: 40
2017-10-20 21:35:43.187 [Thread-1] DEBUG io.netty.buffer.PooledByteBufAllocator - -Dio.netty.allocator.numHeapArenas: 8
2017-10-20 21:35:43.187 [Thread-1] DEBUG io.netty.buffer.PooledByteBufAllocator - -Dio.netty.allocator.numDirectArenas: 8
2017-10-20 21:35:43.187 [Thread-1] DEBUG io.netty.buffer.PooledByteBufAllocator - -Dio.netty.allocator.pageSize: 8192
2017-10-20 21:35:43.187 [Thread-1] DEBUG io.netty.buffer.PooledByteBufAllocator - -Dio.netty.allocator.maxOrder: 11
2017-10-20 21:35:43.187 [Thread-1] DEBUG io.netty.buffer.PooledByteBufAllocator - -Dio.netty.allocator.chunkSize: 16777216
2017-10-20 21:35:43.187 [Thread-1] DEBUG io.netty.buffer.PooledByteBufAllocator - -Dio.netty.allocator.tinyCacheSize: 512
2017-10-20 21:35:43.187 [Thread-1] DEBUG io.netty.buffer.PooledByteBufAllocator - -Dio.netty.allocator.smallCacheSize: 256
2017-10-20 21:35:43.187 [Thread-1] DEBUG io.netty.buffer.PooledByteBufAllocator - -Dio.netty.allocator.normalCacheSize: 64
2017-10-20 21:35:43.187 [Thread-1] DEBUG io.netty.buffer.PooledByteBufAllocator - -Dio.netty.allocator.maxCachedBufferCapacity: 32768
2017-10-20 21:35:43.187 [Thread-1] DEBUG io.netty.buffer.PooledByteBufAllocator - -Dio.netty.allocator.cacheTrimInterval: 8192
2017-10-20 21:35:43.187 [Thread-1] DEBUG io.netty.buffer.PooledByteBufAllocator - -Dio.netty.allocator.useCacheForAllThreads: true
2017-10-20 21:35:43.196 [Thread-1] DEBUG io.netty.buffer.ByteBufUtil - -Dio.netty.allocator.type: pooled
2017-10-20 21:35:43.196 [Thread-1] DEBUG io.netty.buffer.ByteBufUtil - -Dio.netty.threadLocalDirectBufferSize: 65536
2017-10-20 21:35:43.196 [Thread-1] DEBUG io.netty.buffer.ByteBufUtil - -Dio.netty.maxThreadLocalCharBufferSize: 16384
2017-10-20 21:35:53.083 [main] DEBUG io.netty.util.internal.logging.InternalLoggerFactory - Using SLF4J as the default logging framework
2017-10-20 21:35:53.091 [main] DEBUG io.netty.channel.MultithreadEventLoopGroup - -Dio.netty.eventLoopThreads: 8
2017-10-20 21:35:53.113 [main] DEBUG io.netty.util.internal.PlatformDependent - Platform: Windows
2017-10-20 21:35:53.115 [main] DEBUG io.netty.util.internal.PlatformDependent0 - -Dio.netty.noUnsafe: false
2017-10-20 21:35:53.115 [main] DEBUG io.netty.util.internal.PlatformDependent0 - Java version: 8
2017-10-20 21:35:53.116 [main] DEBUG io.netty.util.internal.PlatformDependent0 - sun.misc.Unsafe.theUnsafe: available
2017-10-20 21:35:53.117 [main] DEBUG io.netty.util.internal.PlatformDependent0 - sun.misc.Unsafe.copyMemory: available
2017-10-20 21:35:53.118 [main] DEBUG io.netty.util.internal.PlatformDependent0 - java.nio.Buffer.address: available
2017-10-20 21:35:53.119 [main] DEBUG io.netty.util.internal.PlatformDependent0 - direct buffer constructor: available
2017-10-20 21:35:53.121 [main] DEBUG io.netty.util.internal.PlatformDependent0 - java.nio.Bits.unaligned: available, true
2017-10-20 21:35:53.121 [main] DEBUG io.netty.util.internal.PlatformDependent0 - jdk.internal.misc.Unsafe.allocateUninitializedArray(int): unavailable prior to Java9
2017-10-20 21:35:53.121 [main] DEBUG io.netty.util.internal.PlatformDependent0 - java.nio.DirectByteBuffer.<init>(long, int): available
2017-10-20 21:35:53.122 [main] DEBUG io.netty.util.internal.PlatformDependent - sun.misc.Unsafe: available
2017-10-20 21:35:53.122 [main] DEBUG io.netty.util.internal.PlatformDependent - -Dio.netty.tmpdir: C:\Users\HEHAOX~1\AppData\Local\Temp (java.io.tmpdir)
2017-10-20 21:35:53.123 [main] DEBUG io.netty.util.internal.PlatformDependent - -Dio.netty.bitMode: 64 (sun.arch.data.model)
2017-10-20 21:35:53.124 [main] DEBUG io.netty.util.internal.PlatformDependent - -Dio.netty.noPreferDirect: false
2017-10-20 21:35:53.125 [main] DEBUG io.netty.util.internal.PlatformDependent - -Dio.netty.maxDirectMemory: 1883242496 bytes
2017-10-20 21:35:53.125 [main] DEBUG io.netty.util.internal.PlatformDependent - -Dio.netty.uninitializedArrayAllocationThreshold: -1
2017-10-20 21:35:53.126 [main] DEBUG io.netty.util.internal.CleanerJava6 - java.nio.ByteBuffer.cleaner(): available
2017-10-20 21:35:53.141 [main] DEBUG io.netty.channel.nio.NioEventLoop - -Dio.netty.noKeySetOptimization: false
2017-10-20 21:35:53.141 [main] DEBUG io.netty.channel.nio.NioEventLoop - -Dio.netty.selectorAutoRebuildThreshold: 512
2017-10-20 21:35:53.149 [main] DEBUG io.netty.util.internal.PlatformDependent - org.jctools-core.MpscChunkedArrayQueue: available
2017-10-20 21:35:53.339 [main] DEBUG io.netty.channel.DefaultChannelId - -Dio.netty.processId: 5692 (auto-detected)
2017-10-20 21:35:53.341 [main] DEBUG io.netty.util.NetUtil - -Djava.net.preferIPv4Stack: false
2017-10-20 21:35:53.342 [main] DEBUG io.netty.util.NetUtil - -Djava.net.preferIPv6Addresses: false
2017-10-20 21:35:53.400 [main] DEBUG io.netty.util.NetUtil - Loopback interface: lo (Software Loopback Interface 1, 127.0.0.1)
2017-10-20 21:35:53.401 [main] DEBUG io.netty.util.NetUtil - Failed to get SOMAXCONN from sysctl and file \proc\sys\net\core\somaxconn. Default: 200
2017-10-20 21:35:53.474 [main] DEBUG io.netty.channel.DefaultChannelId - -Dio.netty.machineId: 00:00:00:00:00:00:00:e0 (auto-detected)
2017-10-20 21:35:53.478 [main] DEBUG io.netty.util.internal.InternalThreadLocalMap - -Dio.netty.threadLocalMap.stringBuilder.initialSize: 1024
2017-10-20 21:35:53.478 [main] DEBUG io.netty.util.internal.InternalThreadLocalMap - -Dio.netty.threadLocalMap.stringBuilder.maxSize: 4096
2017-10-20 21:35:53.485 [main] DEBUG io.netty.util.ResourceLeakDetector - -Dio.netty.leakDetection.level: simple
2017-10-20 21:35:53.487 [main] DEBUG io.netty.util.ResourceLeakDetector - -Dio.netty.leakDetection.maxRecords: 4
2017-10-20 21:35:53.487 [main] DEBUG io.netty.util.ResourceLeakDetector - -Dio.netty.leakDetection.maxSampledRecords: 40
2017-10-20 21:35:53.504 [main] DEBUG io.netty.buffer.PooledByteBufAllocator - -Dio.netty.allocator.numHeapArenas: 8
2017-10-20 21:35:53.504 [main] DEBUG io.netty.buffer.PooledByteBufAllocator - -Dio.netty.allocator.numDirectArenas: 8
2017-10-20 21:35:53.504 [main] DEBUG io.netty.buffer.PooledByteBufAllocator - -Dio.netty.allocator.pageSize: 8192
2017-10-20 21:35:53.504 [main] DEBUG io.netty.buffer.PooledByteBufAllocator - -Dio.netty.allocator.maxOrder: 11
2017-10-20 21:35:53.504 [main] DEBUG io.netty.buffer.PooledByteBufAllocator - -Dio.netty.allocator.chunkSize: 16777216
2017-10-20 21:35:53.504 [main] DEBUG io.netty.buffer.PooledByteBufAllocator - -Dio.netty.allocator.tinyCacheSize: 512
2017-10-20 21:35:53.504 [main] DEBUG io.netty.buffer.PooledByteBufAllocator - -Dio.netty.allocator.smallCacheSize: 256
2017-10-20 21:35:53.505 [main] DEBUG io.netty.buffer.PooledByteBufAllocator - -Dio.netty.allocator.normalCacheSize: 64
2017-10-20 21:35:53.505 [main] DEBUG io.netty.buffer.PooledByteBufAllocator - -Dio.netty.allocator.maxCachedBufferCapacity: 32768
2017-10-20 21:35:53.505 [main] DEBUG io.netty.buffer.PooledByteBufAllocator - -Dio.netty.allocator.cacheTrimInterval: 8192
2017-10-20 21:35:53.505 [main] DEBUG io.netty.buffer.PooledByteBufAllocator - -Dio.netty.allocator.useCacheForAllThreads: true
2017-10-20 21:35:53.511 [main] DEBUG io.netty.buffer.ByteBufUtil - -Dio.netty.allocator.type: pooled
2017-10-20 21:35:53.512 [main] DEBUG io.netty.buffer.ByteBufUtil - -Dio.netty.threadLocalDirectBufferSize: 65536
2017-10-20 21:35:53.512 [main] DEBUG io.netty.buffer.ByteBufUtil - -Dio.netty.maxThreadLocalCharBufferSize: 16384
2017-10-20 21:35:53.543 [nioEventLoopGroup-2-1] DEBUG io.netty.util.Recycler - -Dio.netty.recycler.maxCapacityPerThread: 32768
2017-10-20 21:35:53.543 [nioEventLoopGroup-2-1] DEBUG io.netty.util.Recycler - -Dio.netty.recycler.maxSharedCapacityFactor: 2
2017-10-20 21:35:53.543 [nioEventLoopGroup-2-1] DEBUG io.netty.util.Recycler - -Dio.netty.recycler.linkCapacity: 16
2017-10-20 21:35:53.543 [nioEventLoopGroup-2-1] DEBUG io.netty.util.Recycler - -Dio.netty.recycler.ratio: 8
2017-10-20 21:35:53.557 [nioEventLoopGroup-2-1] DEBUG io.netty.buffer.AbstractByteBuf - -Dio.netty.buffer.bytebuf.checkAccessible: true
2017-10-20 21:35:53.558 [nioEventLoopGroup-2-1] DEBUG io.netty.util.ResourceLeakDetectorFactory - Loaded default ResourceLeakDetector: io.netty.util.ResourceLeakDetector@6a0f41e5
2017-10-20 21:35:53.565 [nioEventLoopGroup-3-1] DEBUG io.netty.util.Recycler - -Dio.netty.recycler.maxCapacityPerThread: 32768
2017-10-20 21:35:53.565 [nioEventLoopGroup-3-1] DEBUG io.netty.util.Recycler - -Dio.netty.recycler.maxSharedCapacityFactor: 2
2017-10-20 21:35:53.565 [nioEventLoopGroup-3-1] DEBUG io.netty.util.Recycler - -Dio.netty.recycler.linkCapacity: 16
2017-10-20 21:35:53.565 [nioEventLoopGroup-3-1] DEBUG io.netty.util.Recycler - -Dio.netty.recycler.ratio: 8
2017-10-20 21:35:53.573 [nioEventLoopGroup-3-1] DEBUG io.netty.buffer.AbstractByteBuf - -Dio.netty.buffer.bytebuf.checkAccessible: true
2017-10-20 21:35:53.574 [nioEventLoopGroup-3-1] DEBUG io.netty.util.ResourceLeakDetectorFactory - Loaded default ResourceLeakDetector: io.netty.util.ResourceLeakDetector@51bd1364
2017-10-20 21:36:37.975 [Thread-1] DEBUG io.netty.util.internal.logging.InternalLoggerFactory - Using SLF4J as the default logging framework
2017-10-20 21:36:37.980 [Thread-1] DEBUG io.netty.channel.MultithreadEventLoopGroup - -Dio.netty.eventLoopThreads: 8
2017-10-20 21:36:38.016 [Thread-1] DEBUG io.netty.util.internal.PlatformDependent - Platform: Windows
2017-10-20 21:36:38.018 [Thread-1] DEBUG io.netty.util.internal.PlatformDependent0 - -Dio.netty.noUnsafe: false
2017-10-20 21:36:38.019 [Thread-1] DEBUG io.netty.util.internal.PlatformDependent0 - Java version: 8
2017-10-20 21:36:38.022 [Thread-1] DEBUG io.netty.util.internal.PlatformDependent0 - sun.misc.Unsafe.theUnsafe: available
2017-10-20 21:36:38.023 [Thread-1] DEBUG io.netty.util.internal.PlatformDependent0 - sun.misc.Unsafe.copyMemory: available
2017-10-20 21:36:38.023 [Thread-1] DEBUG io.netty.util.internal.PlatformDependent0 - java.nio.Buffer.address: available
2017-10-20 21:36:38.024 [Thread-1] DEBUG io.netty.util.internal.PlatformDependent0 - direct buffer constructor: available
2017-10-20 21:36:38.025 [Thread-1] DEBUG io.netty.util.internal.PlatformDependent0 - java.nio.Bits.unaligned: available, true
2017-10-20 21:36:38.026 [Thread-1] DEBUG io.netty.util.internal.PlatformDependent0 - jdk.internal.misc.Unsafe.allocateUninitializedArray(int): unavailable prior to Java9
2017-10-20 21:36:38.026 [Thread-1] DEBUG io.netty.util.internal.PlatformDependent0 - java.nio.DirectByteBuffer.<init>(long, int): available
2017-10-20 21:36:38.026 [Thread-1] DEBUG io.netty.util.internal.PlatformDependent - sun.misc.Unsafe: available
2017-10-20 21:36:38.027 [Thread-1] DEBUG io.netty.util.internal.PlatformDependent - -Dio.netty.tmpdir: C:\Users\HEHAOX~1\AppData\Local\Temp (java.io.tmpdir)
2017-10-20 21:36:38.027 [Thread-1] DEBUG io.netty.util.internal.PlatformDependent - -Dio.netty.bitMode: 64 (sun.arch.data.model)
2017-10-20 21:36:38.029 [Thread-1] DEBUG io.netty.util.internal.PlatformDependent - -Dio.netty.noPreferDirect: false
2017-10-20 21:36:38.029 [Thread-1] DEBUG io.netty.util.internal.PlatformDependent - -Dio.netty.maxDirectMemory: 1883242496 bytes
2017-10-20 21:36:38.029 [Thread-1] DEBUG io.netty.util.internal.PlatformDependent - -Dio.netty.uninitializedArrayAllocationThreshold: -1
2017-10-20 21:36:38.031 [Thread-1] DEBUG io.netty.util.internal.CleanerJava6 - java.nio.ByteBuffer.cleaner(): available
2017-10-20 21:36:38.045 [Thread-1] DEBUG io.netty.channel.nio.NioEventLoop - -Dio.netty.noKeySetOptimization: false
2017-10-20 21:36:38.046 [Thread-1] DEBUG io.netty.channel.nio.NioEventLoop - -Dio.netty.selectorAutoRebuildThreshold: 512
2017-10-20 21:36:38.054 [Thread-1] DEBUG io.netty.util.internal.PlatformDependent - org.jctools-core.MpscChunkedArrayQueue: available
2017-10-20 21:36:38.201 [Thread-1] DEBUG io.netty.channel.DefaultChannelId - -Dio.netty.processId: 4056 (auto-detected)
2017-10-20 21:36:38.203 [Thread-1] DEBUG io.netty.util.NetUtil - -Djava.net.preferIPv4Stack: false
2017-10-20 21:36:38.204 [Thread-1] DEBUG io.netty.util.NetUtil - -Djava.net.preferIPv6Addresses: false
2017-10-20 21:36:38.263 [Thread-1] DEBUG io.netty.util.NetUtil - Loopback interface: lo (Software Loopback Interface 1, 127.0.0.1)
2017-10-20 21:36:38.264 [Thread-1] DEBUG io.netty.util.NetUtil - Failed to get SOMAXCONN from sysctl and file \proc\sys\net\core\somaxconn. Default: 200
2017-10-20 21:36:38.339 [Thread-1] DEBUG io.netty.channel.DefaultChannelId - -Dio.netty.machineId: 00:00:00:00:00:00:00:e0 (auto-detected)
2017-10-20 21:36:38.346 [Thread-1] DEBUG io.netty.util.internal.InternalThreadLocalMap - -Dio.netty.threadLocalMap.stringBuilder.initialSize: 1024
2017-10-20 21:36:38.346 [Thread-1] DEBUG io.netty.util.internal.InternalThreadLocalMap - -Dio.netty.threadLocalMap.stringBuilder.maxSize: 4096
2017-10-20 21:36:38.354 [Thread-1] DEBUG io.netty.util.ResourceLeakDetector - -Dio.netty.leakDetection.level: simple
2017-10-20 21:36:38.354 [Thread-1] DEBUG io.netty.util.ResourceLeakDetector - -Dio.netty.leakDetection.maxRecords: 4
2017-10-20 21:36:38.354 [Thread-1] DEBUG io.netty.util.ResourceLeakDetector - -Dio.netty.leakDetection.maxSampledRecords: 40
2017-10-20 21:36:38.373 [Thread-1] DEBUG io.netty.buffer.PooledByteBufAllocator - -Dio.netty.allocator.numHeapArenas: 8
2017-10-20 21:36:38.373 [Thread-1] DEBUG io.netty.buffer.PooledByteBufAllocator - -Dio.netty.allocator.numDirectArenas: 8
2017-10-20 21:36:38.373 [Thread-1] DEBUG io.netty.buffer.PooledByteBufAllocator - -Dio.netty.allocator.pageSize: 8192
2017-10-20 21:36:38.373 [Thread-1] DEBUG io.netty.buffer.PooledByteBufAllocator - -Dio.netty.allocator.maxOrder: 11
2017-10-20 21:36:38.373 [Thread-1] DEBUG io.netty.buffer.PooledByteBufAllocator - -Dio.netty.allocator.chunkSize: 16777216
2017-10-20 21:36:38.373 [Thread-1] DEBUG io.netty.buffer.PooledByteBufAllocator - -Dio.netty.allocator.tinyCacheSize: 512
2017-10-20 21:36:38.373 [Thread-1] DEBUG io.netty.buffer.PooledByteBufAllocator - -Dio.netty.allocator.smallCacheSize: 256
2017-10-20 21:36:38.373 [Thread-1] DEBUG io.netty.buffer.PooledByteBufAllocator - -Dio.netty.allocator.normalCacheSize: 64
2017-10-20 21:36:38.373 [Thread-1] DEBUG io.netty.buffer.PooledByteBufAllocator - -Dio.netty.allocator.maxCachedBufferCapacity: 32768
2017-10-20 21:36:38.373 [Thread-1] DEBUG io.netty.buffer.PooledByteBufAllocator - -Dio.netty.allocator.cacheTrimInterval: 8192
2017-10-20 21:36:38.373 [Thread-1] DEBUG io.netty.buffer.PooledByteBufAllocator - -Dio.netty.allocator.useCacheForAllThreads: true
2017-10-20 21:36:38.380 [Thread-1] DEBUG io.netty.buffer.ByteBufUtil - -Dio.netty.allocator.type: pooled
2017-10-20 21:36:38.380 [Thread-1] DEBUG io.netty.buffer.ByteBufUtil - -Dio.netty.threadLocalDirectBufferSize: 65536
2017-10-20 21:36:38.380 [Thread-1] DEBUG io.netty.buffer.ByteBufUtil - -Dio.netty.maxThreadLocalCharBufferSize: 16384
2017-10-20 21:36:44.614 [main] DEBUG io.netty.util.internal.logging.InternalLoggerFactory - Using SLF4J as the default logging framework
2017-10-20 21:36:44.630 [main] DEBUG io.netty.channel.MultithreadEventLoopGroup - -Dio.netty.eventLoopThreads: 8
2017-10-20 21:36:44.685 [main] DEBUG io.netty.util.internal.PlatformDependent - Platform: Windows
2017-10-20 21:36:44.690 [main] DEBUG io.netty.util.internal.PlatformDependent0 - -Dio.netty.noUnsafe: false
2017-10-20 21:36:44.691 [main] DEBUG io.netty.util.internal.PlatformDependent0 - Java version: 8
2017-10-20 21:36:44.693 [main] DEBUG io.netty.util.internal.PlatformDependent0 - sun.misc.Unsafe.theUnsafe: available
2017-10-20 21:36:44.695 [main] DEBUG io.netty.util.internal.PlatformDependent0 - sun.misc.Unsafe.copyMemory: available
2017-10-20 21:36:44.696 [main] DEBUG io.netty.util.internal.PlatformDependent0 - java.nio.Buffer.address: available
2017-10-20 21:36:44.699 [main] DEBUG io.netty.util.internal.PlatformDependent0 - direct buffer constructor: available
2017-10-20 21:36:44.700 [main] DEBUG io.netty.util.internal.PlatformDependent0 - java.nio.Bits.unaligned: available, true
2017-10-20 21:36:44.700 [main] DEBUG io.netty.util.internal.PlatformDependent0 - jdk.internal.misc.Unsafe.allocateUninitializedArray(int): unavailable prior to Java9
2017-10-20 21:36:44.701 [main] DEBUG io.netty.util.internal.PlatformDependent0 - java.nio.DirectByteBuffer.<init>(long, int): available
2017-10-20 21:36:44.701 [main] DEBUG io.netty.util.internal.PlatformDependent - sun.misc.Unsafe: available
2017-10-20 21:36:44.702 [main] DEBUG io.netty.util.internal.PlatformDependent - -Dio.netty.tmpdir: C:\Users\HEHAOX~1\AppData\Local\Temp (java.io.tmpdir)
2017-10-20 21:36:44.704 [main] DEBUG io.netty.util.internal.PlatformDependent - -Dio.netty.bitMode: 64 (sun.arch.data.model)
2017-10-20 21:36:44.708 [main] DEBUG io.netty.util.internal.PlatformDependent - -Dio.netty.noPreferDirect: false
2017-10-20 21:36:44.709 [main] DEBUG io.netty.util.internal.PlatformDependent - -Dio.netty.maxDirectMemory: 1883242496 bytes
2017-10-20 21:36:44.709 [main] DEBUG io.netty.util.internal.PlatformDependent - -Dio.netty.uninitializedArrayAllocationThreshold: -1
2017-10-20 21:36:44.711 [main] DEBUG io.netty.util.internal.CleanerJava6 - java.nio.ByteBuffer.cleaner(): available
2017-10-20 21:36:44.733 [main] DEBUG io.netty.channel.nio.NioEventLoop - -Dio.netty.noKeySetOptimization: false
2017-10-20 21:36:44.733 [main] DEBUG io.netty.channel.nio.NioEventLoop - -Dio.netty.selectorAutoRebuildThreshold: 512
2017-10-20 21:36:44.744 [main] DEBUG io.netty.util.internal.PlatformDependent - org.jctools-core.MpscChunkedArrayQueue: available
2017-10-20 21:36:45.016 [main] DEBUG io.netty.channel.DefaultChannelId - -Dio.netty.processId: 4844 (auto-detected)
2017-10-20 21:36:45.018 [main] DEBUG io.netty.util.NetUtil - -Djava.net.preferIPv4Stack: false
2017-10-20 21:36:45.018 [main] DEBUG io.netty.util.NetUtil - -Djava.net.preferIPv6Addresses: false
2017-10-20 21:36:45.072 [main] DEBUG io.netty.util.NetUtil - Loopback interface: lo (Software Loopback Interface 1, 127.0.0.1)
2017-10-20 21:36:45.073 [main] DEBUG io.netty.util.NetUtil - Failed to get SOMAXCONN from sysctl and file \proc\sys\net\core\somaxconn. Default: 200
2017-10-20 21:36:45.144 [main] DEBUG io.netty.channel.DefaultChannelId - -Dio.netty.machineId: 00:00:00:00:00:00:00:e0 (auto-detected)
2017-10-20 21:36:45.149 [main] DEBUG io.netty.util.internal.InternalThreadLocalMap - -Dio.netty.threadLocalMap.stringBuilder.initialSize: 1024
2017-10-20 21:36:45.149 [main] DEBUG io.netty.util.internal.InternalThreadLocalMap - -Dio.netty.threadLocalMap.stringBuilder.maxSize: 4096
2017-10-20 21:36:45.157 [main] DEBUG io.netty.util.ResourceLeakDetector - -Dio.netty.leakDetection.level: simple
2017-10-20 21:36:45.158 [main] DEBUG io.netty.util.ResourceLeakDetector - -Dio.netty.leakDetection.maxRecords: 4
2017-10-20 21:36:45.158 [main] DEBUG io.netty.util.ResourceLeakDetector - -Dio.netty.leakDetection.maxSampledRecords: 40
2017-10-20 21:36:45.175 [main] DEBUG io.netty.buffer.PooledByteBufAllocator - -Dio.netty.allocator.numHeapArenas: 8
2017-10-20 21:36:45.175 [main] DEBUG io.netty.buffer.PooledByteBufAllocator - -Dio.netty.allocator.numDirectArenas: 8
2017-10-20 21:36:45.175 [main] DEBUG io.netty.buffer.PooledByteBufAllocator - -Dio.netty.allocator.pageSize: 8192
2017-10-20 21:36:45.175 [main] DEBUG io.netty.buffer.PooledByteBufAllocator - -Dio.netty.allocator.maxOrder: 11
2017-10-20 21:36:45.176 [main] DEBUG io.netty.buffer.PooledByteBufAllocator - -Dio.netty.allocator.chunkSize: 16777216
2017-10-20 21:36:45.176 [main] DEBUG io.netty.buffer.PooledByteBufAllocator - -Dio.netty.allocator.tinyCacheSize: 512
2017-10-20 21:36:45.176 [main] DEBUG io.netty.buffer.PooledByteBufAllocator - -Dio.netty.allocator.smallCacheSize: 256
2017-10-20 21:36:45.176 [main] DEBUG io.netty.buffer.PooledByteBufAllocator - -Dio.netty.allocator.normalCacheSize: 64
2017-10-20 21:36:45.176 [main] DEBUG io.netty.buffer.PooledByteBufAllocator - -Dio.netty.allocator.maxCachedBufferCapacity: 32768
2017-10-20 21:36:45.176 [main] DEBUG io.netty.buffer.PooledByteBufAllocator - -Dio.netty.allocator.cacheTrimInterval: 8192
2017-10-20 21:36:45.176 [main] DEBUG io.netty.buffer.PooledByteBufAllocator - -Dio.netty.allocator.useCacheForAllThreads: true
2017-10-20 21:36:45.185 [main] DEBUG io.netty.buffer.ByteBufUtil - -Dio.netty.allocator.type: pooled
2017-10-20 21:36:45.186 [main] DEBUG io.netty.buffer.ByteBufUtil - -Dio.netty.threadLocalDirectBufferSize: 65536
2017-10-20 21:36:45.186 [main] DEBUG io.netty.buffer.ByteBufUtil - -Dio.netty.maxThreadLocalCharBufferSize: 16384
2017-10-20 21:36:45.209 [nioEventLoopGroup-2-1] DEBUG io.netty.util.Recycler - -Dio.netty.recycler.maxCapacityPerThread: 32768
2017-10-20 21:36:45.210 [nioEventLoopGroup-2-1] DEBUG io.netty.util.Recycler - -Dio.netty.recycler.maxSharedCapacityFactor: 2
2017-10-20 21:36:45.210 [nioEventLoopGroup-2-1] DEBUG io.netty.util.Recycler - -Dio.netty.recycler.linkCapacity: 16
2017-10-20 21:36:45.210 [nioEventLoopGroup-2-1] DEBUG io.netty.util.Recycler - -Dio.netty.recycler.ratio: 8
2017-10-20 21:36:45.223 [nioEventLoopGroup-2-1] DEBUG io.netty.buffer.AbstractByteBuf - -Dio.netty.buffer.bytebuf.checkAccessible: true
2017-10-20 21:36:45.225 [nioEventLoopGroup-2-1] DEBUG io.netty.util.ResourceLeakDetectorFactory - Loaded default ResourceLeakDetector: io.netty.util.ResourceLeakDetector@685290b4
2017-10-20 21:36:45.232 [nioEventLoopGroup-3-1] DEBUG io.netty.util.Recycler - -Dio.netty.recycler.maxCapacityPerThread: 32768
2017-10-20 21:36:45.232 [nioEventLoopGroup-3-1] DEBUG io.netty.util.Recycler - -Dio.netty.recycler.maxSharedCapacityFactor: 2
2017-10-20 21:36:45.232 [nioEventLoopGroup-3-1] DEBUG io.netty.util.Recycler - -Dio.netty.recycler.linkCapacity: 16
2017-10-20 21:36:45.232 [nioEventLoopGroup-3-1] DEBUG io.netty.util.Recycler - -Dio.netty.recycler.ratio: 8
2017-10-20 21:36:45.241 [nioEventLoopGroup-3-1] DEBUG io.netty.buffer.AbstractByteBuf - -Dio.netty.buffer.bytebuf.checkAccessible: true
2017-10-20 21:36:45.242 [nioEventLoopGroup-3-1] DEBUG io.netty.util.ResourceLeakDetectorFactory - Loaded default ResourceLeakDetector: io.netty.util.ResourceLeakDetector@76dfc386
2017-10-20 21:37:40.694 [Thread-1] DEBUG io.netty.util.internal.logging.InternalLoggerFactory - Using SLF4J as the default logging framework
2017-10-20 21:37:40.705 [Thread-1] DEBUG io.netty.channel.MultithreadEventLoopGroup - -Dio.netty.eventLoopThreads: 8
2017-10-20 21:37:40.738 [Thread-1] DEBUG io.netty.util.internal.PlatformDependent - Platform: Windows
2017-10-20 21:37:40.740 [Thread-1] DEBUG io.netty.util.internal.PlatformDependent0 - -Dio.netty.noUnsafe: false
2017-10-20 21:37:40.741 [Thread-1] DEBUG io.netty.util.internal.PlatformDependent0 - Java version: 8
2017-10-20 21:37:40.742 [Thread-1] DEBUG io.netty.util.internal.PlatformDependent0 - sun.misc.Unsafe.theUnsafe: available
2017-10-20 21:37:40.742 [Thread-1] DEBUG io.netty.util.internal.PlatformDependent0 - sun.misc.Unsafe.copyMemory: available
2017-10-20 21:37:40.743 [Thread-1] DEBUG io.netty.util.internal.PlatformDependent0 - java.nio.Buffer.address: available
2017-10-20 21:37:40.744 [Thread-1] DEBUG io.netty.util.internal.PlatformDependent0 - direct buffer constructor: available
2017-10-20 21:37:40.744 [Thread-1] DEBUG io.netty.util.internal.PlatformDependent0 - java.nio.Bits.unaligned: available, true
2017-10-20 21:37:40.744 [Thread-1] DEBUG io.netty.util.internal.PlatformDependent0 - jdk.internal.misc.Unsafe.allocateUninitializedArray(int): unavailable prior to Java9
2017-10-20 21:37:40.745 [Thread-1] DEBUG io.netty.util.internal.PlatformDependent0 - java.nio.DirectByteBuffer.<init>(long, int): available
2017-10-20 21:37:40.745 [Thread-1] DEBUG io.netty.util.internal.PlatformDependent - sun.misc.Unsafe: available
2017-10-20 21:37:40.746 [Thread-1] DEBUG io.netty.util.internal.PlatformDependent - -Dio.netty.tmpdir: C:\Users\HEHAOX~1\AppData\Local\Temp (java.io.tmpdir)
2017-10-20 21:37:40.746 [Thread-1] DEBUG io.netty.util.internal.PlatformDependent - -Dio.netty.bitMode: 64 (sun.arch.data.model)
2017-10-20 21:37:40.748 [Thread-1] DEBUG io.netty.util.internal.PlatformDependent - -Dio.netty.noPreferDirect: false
2017-10-20 21:37:40.749 [Thread-1] DEBUG io.netty.util.internal.PlatformDependent - -Dio.netty.maxDirectMemory: 1883242496 bytes
2017-10-20 21:37:40.749 [Thread-1] DEBUG io.netty.util.internal.PlatformDependent - -Dio.netty.uninitializedArrayAllocationThreshold: -1
2017-10-20 21:37:40.751 [Thread-1] DEBUG io.netty.util.internal.CleanerJava6 - java.nio.ByteBuffer.cleaner(): available
2017-10-20 21:37:40.777 [Thread-1] DEBUG io.netty.channel.nio.NioEventLoop - -Dio.netty.noKeySetOptimization: false
2017-10-20 21:37:40.777 [Thread-1] DEBUG io.netty.channel.nio.NioEventLoop - -Dio.netty.selectorAutoRebuildThreshold: 512
2017-10-20 21:37:40.788 [Thread-1] DEBUG io.netty.util.internal.PlatformDependent - org.jctools-core.MpscChunkedArrayQueue: available
2017-10-20 21:37:40.932 [Thread-1] DEBUG io.netty.channel.DefaultChannelId - -Dio.netty.processId: 1608 (auto-detected)
2017-10-20 21:37:40.934 [Thread-1] DEBUG io.netty.util.NetUtil - -Djava.net.preferIPv4Stack: false
2017-10-20 21:37:40.934 [Thread-1] DEBUG io.netty.util.NetUtil - -Djava.net.preferIPv6Addresses: false
2017-10-20 21:37:40.991 [Thread-1] DEBUG io.netty.util.NetUtil - Loopback interface: lo (Software Loopback Interface 1, 127.0.0.1)
2017-10-20 21:37:40.992 [Thread-1] DEBUG io.netty.util.NetUtil - Failed to get SOMAXCONN from sysctl and file \proc\sys\net\core\somaxconn. Default: 200
2017-10-20 21:37:41.071 [Thread-1] DEBUG io.netty.channel.DefaultChannelId - -Dio.netty.machineId: 00:00:00:00:00:00:00:e0 (auto-detected)
2017-10-20 21:37:41.077 [Thread-1] DEBUG io.netty.util.internal.InternalThreadLocalMap - -Dio.netty.threadLocalMap.stringBuilder.initialSize: 1024
2017-10-20 21:37:41.077 [Thread-1] DEBUG io.netty.util.internal.InternalThreadLocalMap - -Dio.netty.threadLocalMap.stringBuilder.maxSize: 4096
2017-10-20 21:37:41.086 [Thread-1] DEBUG io.netty.util.ResourceLeakDetector - -Dio.netty.leakDetection.level: simple
2017-10-20 21:37:41.087 [Thread-1] DEBUG io.netty.util.ResourceLeakDetector - -Dio.netty.leakDetection.maxRecords: 4
2017-10-20 21:37:41.088 [Thread-1] DEBUG io.netty.util.ResourceLeakDetector - -Dio.netty.leakDetection.maxSampledRecords: 40
2017-10-20 21:37:41.111 [Thread-1] DEBUG io.netty.buffer.PooledByteBufAllocator - -Dio.netty.allocator.numHeapArenas: 8
2017-10-20 21:37:41.111 [Thread-1] DEBUG io.netty.buffer.PooledByteBufAllocator - -Dio.netty.allocator.numDirectArenas: 8
2017-10-20 21:37:41.111 [Thread-1] DEBUG io.netty.buffer.PooledByteBufAllocator - -Dio.netty.allocator.pageSize: 8192
2017-10-20 21:37:41.112 [Thread-1] DEBUG io.netty.buffer.PooledByteBufAllocator - -Dio.netty.allocator.maxOrder: 11
2017-10-20 21:37:41.112 [Thread-1] DEBUG io.netty.buffer.PooledByteBufAllocator - -Dio.netty.allocator.chunkSize: 16777216
2017-10-20 21:37:41.112 [Thread-1] DEBUG io.netty.buffer.PooledByteBufAllocator - -Dio.netty.allocator.tinyCacheSize: 512
2017-10-20 21:37:41.112 [Thread-1] DEBUG io.netty.buffer.PooledByteBufAllocator - -Dio.netty.allocator.smallCacheSize: 256
2017-10-20 21:37:41.112 [Thread-1] DEBUG io.netty.buffer.PooledByteBufAllocator - -Dio.netty.allocator.normalCacheSize: 64
2017-10-20 21:37:41.112 [Thread-1] DEBUG io.netty.buffer.PooledByteBufAllocator - -Dio.netty.allocator.maxCachedBufferCapacity: 32768
2017-10-20 21:37:41.112 [Thread-1] DEBUG io.netty.buffer.PooledByteBufAllocator - -Dio.netty.allocator.cacheTrimInterval: 8192
2017-10-20 21:37:41.112 [Thread-1] DEBUG io.netty.buffer.PooledByteBufAllocator - -Dio.netty.allocator.useCacheForAllThreads: true
2017-10-20 21:37:41.119 [Thread-1] DEBUG io.netty.buffer.ByteBufUtil - -Dio.netty.allocator.type: pooled
2017-10-20 21:37:41.119 [Thread-1] DEBUG io.netty.buffer.ByteBufUtil - -Dio.netty.threadLocalDirectBufferSize: 65536
2017-10-20 21:37:41.119 [Thread-1] DEBUG io.netty.buffer.ByteBufUtil - -Dio.netty.maxThreadLocalCharBufferSize: 16384
2017-10-20 21:37:45.793 [main] DEBUG io.netty.util.internal.logging.InternalLoggerFactory - Using SLF4J as the default logging framework
2017-10-20 21:37:45.798 [main] DEBUG io.netty.channel.MultithreadEventLoopGroup - -Dio.netty.eventLoopThreads: 8
2017-10-20 21:37:45.819 [main] DEBUG io.netty.util.internal.PlatformDependent - Platform: Windows
2017-10-20 21:37:45.821 [main] DEBUG io.netty.util.internal.PlatformDependent0 - -Dio.netty.noUnsafe: false
2017-10-20 21:37:45.821 [main] DEBUG io.netty.util.internal.PlatformDependent0 - Java version: 8
2017-10-20 21:37:45.822 [main] DEBUG io.netty.util.internal.PlatformDependent0 - sun.misc.Unsafe.theUnsafe: available
2017-10-20 21:37:45.823 [main] DEBUG io.netty.util.internal.PlatformDependent0 - sun.misc.Unsafe.copyMemory: available
2017-10-20 21:37:45.824 [main] DEBUG io.netty.util.internal.PlatformDependent0 - java.nio.Buffer.address: available
2017-10-20 21:37:45.824 [main] DEBUG io.netty.util.internal.PlatformDependent0 - direct buffer constructor: available
2017-10-20 21:37:45.825 [main] DEBUG io.netty.util.internal.PlatformDependent0 - java.nio.Bits.unaligned: available, true
2017-10-20 21:37:45.826 [main] DEBUG io.netty.util.internal.PlatformDependent0 - jdk.internal.misc.Unsafe.allocateUninitializedArray(int): unavailable prior to Java9
2017-10-20 21:37:45.826 [main] DEBUG io.netty.util.internal.PlatformDependent0 - java.nio.DirectByteBuffer.<init>(long, int): available
2017-10-20 21:37:45.827 [main] DEBUG io.netty.util.internal.PlatformDependent - sun.misc.Unsafe: available
2017-10-20 21:37:45.828 [main] DEBUG io.netty.util.internal.PlatformDependent - -Dio.netty.tmpdir: C:\Users\HEHAOX~1\AppData\Local\Temp (java.io.tmpdir)
2017-10-20 21:37:45.828 [main] DEBUG io.netty.util.internal.PlatformDependent - -Dio.netty.bitMode: 64 (sun.arch.data.model)
2017-10-20 21:37:45.829 [main] DEBUG io.netty.util.internal.PlatformDependent - -Dio.netty.noPreferDirect: false
2017-10-20 21:37:45.830 [main] DEBUG io.netty.util.internal.PlatformDependent - -Dio.netty.maxDirectMemory: 1883242496 bytes
2017-10-20 21:37:45.830 [main] DEBUG io.netty.util.internal.PlatformDependent - -Dio.netty.uninitializedArrayAllocationThreshold: -1
2017-10-20 21:37:45.831 [main] DEBUG io.netty.util.internal.CleanerJava6 - java.nio.ByteBuffer.cleaner(): available
2017-10-20 21:37:45.849 [main] DEBUG io.netty.channel.nio.NioEventLoop - -Dio.netty.noKeySetOptimization: false
2017-10-20 21:37:45.849 [main] DEBUG io.netty.channel.nio.NioEventLoop - -Dio.netty.selectorAutoRebuildThreshold: 512
2017-10-20 21:37:45.856 [main] DEBUG io.netty.util.internal.PlatformDependent - org.jctools-core.MpscChunkedArrayQueue: available
2017-10-20 21:37:46.032 [main] DEBUG io.netty.channel.DefaultChannelId - -Dio.netty.processId: 8196 (auto-detected)
2017-10-20 21:37:46.034 [main] DEBUG io.netty.util.NetUtil - -Djava.net.preferIPv4Stack: false
2017-10-20 21:37:46.034 [main] DEBUG io.netty.util.NetUtil - -Djava.net.preferIPv6Addresses: false
2017-10-20 21:37:46.093 [main] DEBUG io.netty.util.NetUtil - Loopback interface: lo (Software Loopback Interface 1, 127.0.0.1)
2017-10-20 21:37:46.094 [main] DEBUG io.netty.util.NetUtil - Failed to get SOMAXCONN from sysctl and file \proc\sys\net\core\somaxconn. Default: 200
2017-10-20 21:37:46.177 [main] DEBUG io.netty.channel.DefaultChannelId - -Dio.netty.machineId: 00:00:00:00:00:00:00:e0 (auto-detected)
2017-10-20 21:37:46.183 [main] DEBUG io.netty.util.internal.InternalThreadLocalMap - -Dio.netty.threadLocalMap.stringBuilder.initialSize: 1024
2017-10-20 21:37:46.183 [main] DEBUG io.netty.util.internal.InternalThreadLocalMap - -Dio.netty.threadLocalMap.stringBuilder.maxSize: 4096
2017-10-20 21:37:46.192 [main] DEBUG io.netty.util.ResourceLeakDetector - -Dio.netty.leakDetection.level: simple
2017-10-20 21:37:46.193 [main] DEBUG io.netty.util.ResourceLeakDetector - -Dio.netty.leakDetection.maxRecords: 4
2017-10-20 21:37:46.193 [main] DEBUG io.netty.util.ResourceLeakDetector - -Dio.netty.leakDetection.maxSampledRecords: 40
2017-10-20 21:37:46.212 [main] DEBUG io.netty.buffer.PooledByteBufAllocator - -Dio.netty.allocator.numHeapArenas: 8
2017-10-20 21:37:46.212 [main] DEBUG io.netty.buffer.PooledByteBufAllocator - -Dio.netty.allocator.numDirectArenas: 8
2017-10-20 21:37:46.212 [main] DEBUG io.netty.buffer.PooledByteBufAllocator - -Dio.netty.allocator.pageSize: 8192
2017-10-20 21:37:46.212 [main] DEBUG io.netty.buffer.PooledByteBufAllocator - -Dio.netty.allocator.maxOrder: 11
2017-10-20 21:37:46.213 [main] DEBUG io.netty.buffer.PooledByteBufAllocator - -Dio.netty.allocator.chunkSize: 16777216
2017-10-20 21:37:46.213 [main] DEBUG io.netty.buffer.PooledByteBufAllocator - -Dio.netty.allocator.tinyCacheSize: 512
2017-10-20 21:37:46.213 [main] DEBUG io.netty.buffer.PooledByteBufAllocator - -Dio.netty.allocator.smallCacheSize: 256
2017-10-20 21:37:46.213 [main] DEBUG io.netty.buffer.PooledByteBufAllocator - -Dio.netty.allocator.normalCacheSize: 64
2017-10-20 21:37:46.213 [main] DEBUG io.netty.buffer.PooledByteBufAllocator - -Dio.netty.allocator.maxCachedBufferCapacity: 32768
2017-10-20 21:37:46.213 [main] DEBUG io.netty.buffer.PooledByteBufAllocator - -Dio.netty.allocator.cacheTrimInterval: 8192
2017-10-20 21:37:46.213 [main] DEBUG io.netty.buffer.PooledByteBufAllocator - -Dio.netty.allocator.useCacheForAllThreads: true
2017-10-20 21:37:46.221 [main] DEBUG io.netty.buffer.ByteBufUtil - -Dio.netty.allocator.type: pooled
2017-10-20 21:37:46.221 [main] DEBUG io.netty.buffer.ByteBufUtil - -Dio.netty.threadLocalDirectBufferSize: 65536
2017-10-20 21:37:46.221 [main] DEBUG io.netty.buffer.ByteBufUtil - -Dio.netty.maxThreadLocalCharBufferSize: 16384
2017-10-20 21:37:46.253 [nioEventLoopGroup-2-1] DEBUG io.netty.util.Recycler - -Dio.netty.recycler.maxCapacityPerThread: 32768
2017-10-20 21:37:46.254 [nioEventLoopGroup-2-1] DEBUG io.netty.util.Recycler - -Dio.netty.recycler.maxSharedCapacityFactor: 2
2017-10-20 21:37:46.254 [nioEventLoopGroup-2-1] DEBUG io.netty.util.Recycler - -Dio.netty.recycler.linkCapacity: 16
2017-10-20 21:37:46.254 [nioEventLoopGroup-2-1] DEBUG io.netty.util.Recycler - -Dio.netty.recycler.ratio: 8
2017-10-20 21:37:46.266 [nioEventLoopGroup-2-1] DEBUG io.netty.buffer.AbstractByteBuf - -Dio.netty.buffer.bytebuf.checkAccessible: true
2017-10-20 21:37:46.268 [nioEventLoopGroup-2-1] DEBUG io.netty.util.ResourceLeakDetectorFactory - Loaded default ResourceLeakDetector: io.netty.util.ResourceLeakDetector@6a0f41e5
2017-10-20 21:37:46.275 [nioEventLoopGroup-3-1] DEBUG io.netty.util.Recycler - -Dio.netty.recycler.maxCapacityPerThread: 32768
2017-10-20 21:37:46.275 [nioEventLoopGroup-3-1] DEBUG io.netty.util.Recycler - -Dio.netty.recycler.maxSharedCapacityFactor: 2
2017-10-20 21:37:46.275 [nioEventLoopGroup-3-1] DEBUG io.netty.util.Recycler - -Dio.netty.recycler.linkCapacity: 16
2017-10-20 21:37:46.275 [nioEventLoopGroup-3-1] DEBUG io.netty.util.Recycler - -Dio.netty.recycler.ratio: 8
2017-10-20 21:37:46.283 [nioEventLoopGroup-3-1] DEBUG io.netty.buffer.AbstractByteBuf - -Dio.netty.buffer.bytebuf.checkAccessible: true
2017-10-20 21:37:46.284 [nioEventLoopGroup-3-1] DEBUG io.netty.util.ResourceLeakDetectorFactory - Loaded default ResourceLeakDetector: io.netty.util.ResourceLeakDetector@3d2bbff7
2017-10-20 21:39:12.625 [Thread-1] DEBUG io.netty.util.internal.logging.InternalLoggerFactory - Using SLF4J as the default logging framework
2017-10-20 21:39:12.630 [Thread-1] DEBUG io.netty.channel.MultithreadEventLoopGroup - -Dio.netty.eventLoopThreads: 8
2017-10-20 21:39:12.672 [Thread-1] DEBUG io.netty.util.internal.PlatformDependent - Platform: Windows
2017-10-20 21:39:12.674 [Thread-1] DEBUG io.netty.util.internal.PlatformDependent0 - -Dio.netty.noUnsafe: false
2017-10-20 21:39:12.674 [Thread-1] DEBUG io.netty.util.internal.PlatformDependent0 - Java version: 8
2017-10-20 21:39:12.676 [Thread-1] DEBUG io.netty.util.internal.PlatformDependent0 - sun.misc.Unsafe.theUnsafe: available
2017-10-20 21:39:12.677 [Thread-1] DEBUG io.netty.util.internal.PlatformDependent0 - sun.misc.Unsafe.copyMemory: available
2017-10-20 21:39:12.678 [Thread-1] DEBUG io.netty.util.internal.PlatformDependent0 - java.nio.Buffer.address: available
2017-10-20 21:39:12.678 [Thread-1] DEBUG io.netty.util.internal.PlatformDependent0 - direct buffer constructor: available
2017-10-20 21:39:12.679 [Thread-1] DEBUG io.netty.util.internal.PlatformDependent0 - java.nio.Bits.unaligned: available, true
2017-10-20 21:39:12.680 [Thread-1] DEBUG io.netty.util.internal.PlatformDependent0 - jdk.internal.misc.Unsafe.allocateUninitializedArray(int): unavailable prior to Java9
2017-10-20 21:39:12.680 [Thread-1] DEBUG io.netty.util.internal.PlatformDependent0 - java.nio.DirectByteBuffer.<init>(long, int): available
2017-10-20 21:39:12.680 [Thread-1] DEBUG io.netty.util.internal.PlatformDependent - sun.misc.Unsafe: available
2017-10-20 21:39:12.681 [Thread-1] DEBUG io.netty.util.internal.PlatformDependent - -Dio.netty.tmpdir: C:\Users\HEHAOX~1\AppData\Local\Temp (java.io.tmpdir)
2017-10-20 21:39:12.681 [Thread-1] DEBUG io.netty.util.internal.PlatformDependent - -Dio.netty.bitMode: 64 (sun.arch.data.model)
2017-10-20 21:39:12.683 [Thread-1] DEBUG io.netty.util.internal.PlatformDependent - -Dio.netty.noPreferDirect: false
2017-10-20 21:39:12.683 [Thread-1] DEBUG io.netty.util.internal.PlatformDependent - -Dio.netty.maxDirectMemory: 1883242496 bytes
2017-10-20 21:39:12.683 [Thread-1] DEBUG io.netty.util.internal.PlatformDependent - -Dio.netty.uninitializedArrayAllocationThreshold: -1
2017-10-20 21:39:12.684 [Thread-1] DEBUG io.netty.util.internal.CleanerJava6 - java.nio.ByteBuffer.cleaner(): available
2017-10-20 21:39:12.698 [Thread-1] DEBUG io.netty.channel.nio.NioEventLoop - -Dio.netty.noKeySetOptimization: false
2017-10-20 21:39:12.698 [Thread-1] DEBUG io.netty.channel.nio.NioEventLoop - -Dio.netty.selectorAutoRebuildThreshold: 512
2017-10-20 21:39:12.705 [Thread-1] DEBUG io.netty.util.internal.PlatformDependent - org.jctools-core.MpscChunkedArrayQueue: available
2017-10-20 21:39:12.865 [Thread-1] DEBUG io.netty.channel.DefaultChannelId - -Dio.netty.processId: 9564 (auto-detected)
2017-10-20 21:39:12.867 [Thread-1] DEBUG io.netty.util.NetUtil - -Djava.net.preferIPv4Stack: false
2017-10-20 21:39:12.868 [Thread-1] DEBUG io.netty.util.NetUtil - -Djava.net.preferIPv6Addresses: false
2017-10-20 21:39:12.947 [Thread-1] DEBUG io.netty.util.NetUtil - Loopback interface: lo (Software Loopback Interface 1, 127.0.0.1)
2017-10-20 21:39:12.948 [Thread-1] DEBUG io.netty.util.NetUtil - Failed to get SOMAXCONN from sysctl and file \proc\sys\net\core\somaxconn. Default: 200
2017-10-20 21:39:13.048 [Thread-1] DEBUG io.netty.channel.DefaultChannelId - -Dio.netty.machineId: 00:00:00:00:00:00:00:e0 (auto-detected)
2017-10-20 21:39:13.054 [Thread-1] DEBUG io.netty.util.internal.InternalThreadLocalMap - -Dio.netty.threadLocalMap.stringBuilder.initialSize: 1024
2017-10-20 21:39:13.054 [Thread-1] DEBUG io.netty.util.internal.InternalThreadLocalMap - -Dio.netty.threadLocalMap.stringBuilder.maxSize: 4096
2017-10-20 21:39:13.063 [Thread-1] DEBUG io.netty.util.ResourceLeakDetector - -Dio.netty.leakDetection.level: simple
2017-10-20 21:39:13.064 [Thread-1] DEBUG io.netty.util.ResourceLeakDetector - -Dio.netty.leakDetection.maxRecords: 4
2017-10-20 21:39:13.066 [Thread-1] DEBUG io.netty.util.ResourceLeakDetector - -Dio.netty.leakDetection.maxSampledRecords: 40
2017-10-20 21:39:13.090 [Thread-1] DEBUG io.netty.buffer.PooledByteBufAllocator - -Dio.netty.allocator.numHeapArenas: 8
2017-10-20 21:39:13.090 [Thread-1] DEBUG io.netty.buffer.PooledByteBufAllocator - -Dio.netty.allocator.numDirectArenas: 8
2017-10-20 21:39:13.090 [Thread-1] DEBUG io.netty.buffer.PooledByteBufAllocator - -Dio.netty.allocator.pageSize: 8192
2017-10-20 21:39:13.090 [Thread-1] DEBUG io.netty.buffer.PooledByteBufAllocator - -Dio.netty.allocator.maxOrder: 11
2017-10-20 21:39:13.090 [Thread-1] DEBUG io.netty.buffer.PooledByteBufAllocator - -Dio.netty.allocator.chunkSize: 16777216
2017-10-20 21:39:13.090 [Thread-1] DEBUG io.netty.buffer.PooledByteBufAllocator - -Dio.netty.allocator.tinyCacheSize: 512
2017-10-20 21:39:13.090 [Thread-1] DEBUG io.netty.buffer.PooledByteBufAllocator - -Dio.netty.allocator.smallCacheSize: 256
2017-10-20 21:39:13.090 [Thread-1] DEBUG io.netty.buffer.PooledByteBufAllocator - -Dio.netty.allocator.normalCacheSize: 64
2017-10-20 21:39:13.090 [Thread-1] DEBUG io.netty.buffer.PooledByteBufAllocator - -Dio.netty.allocator.maxCachedBufferCapacity: 32768
2017-10-20 21:39:13.090 [Thread-1] DEBUG io.netty.buffer.PooledByteBufAllocator - -Dio.netty.allocator.cacheTrimInterval: 8192
2017-10-20 21:39:13.091 [Thread-1] DEBUG io.netty.buffer.PooledByteBufAllocator - -Dio.netty.allocator.useCacheForAllThreads: true
2017-10-20 21:39:13.099 [Thread-1] DEBUG io.netty.buffer.ByteBufUtil - -Dio.netty.allocator.type: pooled
2017-10-20 21:39:13.099 [Thread-1] DEBUG io.netty.buffer.ByteBufUtil - -Dio.netty.threadLocalDirectBufferSize: 65536
2017-10-20 21:39:13.099 [Thread-1] DEBUG io.netty.buffer.ByteBufUtil - -Dio.netty.maxThreadLocalCharBufferSize: 16384
2017-10-20 21:39:41.246 [main] DEBUG io.netty.util.internal.logging.InternalLoggerFactory - Using SLF4J as the default logging framework
2017-10-20 21:39:41.253 [main] DEBUG io.netty.channel.MultithreadEventLoopGroup - -Dio.netty.eventLoopThreads: 8
2017-10-20 21:39:41.277 [main] DEBUG io.netty.util.internal.PlatformDependent - Platform: Windows
2017-10-20 21:39:41.279 [main] DEBUG io.netty.util.internal.PlatformDependent0 - -Dio.netty.noUnsafe: false
2017-10-20 21:39:41.280 [main] DEBUG io.netty.util.internal.PlatformDependent0 - Java version: 8
2017-10-20 21:39:41.281 [main] DEBUG io.netty.util.internal.PlatformDependent0 - sun.misc.Unsafe.theUnsafe: available
2017-10-20 21:39:41.282 [main] DEBUG io.netty.util.internal.PlatformDependent0 - sun.misc.Unsafe.copyMemory: available
2017-10-20 21:39:41.283 [main] DEBUG io.netty.util.internal.PlatformDependent0 - java.nio.Buffer.address: available
2017-10-20 21:39:41.285 [main] DEBUG io.netty.util.internal.PlatformDependent0 - direct buffer constructor: available
2017-10-20 21:39:41.286 [main] DEBUG io.netty.util.internal.PlatformDependent0 - java.nio.Bits.unaligned: available, true
2017-10-20 21:39:41.286 [main] DEBUG io.netty.util.internal.PlatformDependent0 - jdk.internal.misc.Unsafe.allocateUninitializedArray(int): unavailable prior to Java9
2017-10-20 21:39:41.287 [main] DEBUG io.netty.util.internal.PlatformDependent0 - java.nio.DirectByteBuffer.<init>(long, int): available
2017-10-20 21:39:41.288 [main] DEBUG io.netty.util.internal.PlatformDependent - sun.misc.Unsafe: available
2017-10-20 21:39:41.290 [main] DEBUG io.netty.util.internal.PlatformDependent - -Dio.netty.tmpdir: C:\Users\HEHAOX~1\AppData\Local\Temp (java.io.tmpdir)
2017-10-20 21:39:41.290 [main] DEBUG io.netty.util.internal.PlatformDependent - -Dio.netty.bitMode: 64 (sun.arch.data.model)
2017-10-20 21:39:41.291 [main] DEBUG io.netty.util.internal.PlatformDependent - -Dio.netty.noPreferDirect: false
2017-10-20 21:39:41.292 [main] DEBUG io.netty.util.internal.PlatformDependent - -Dio.netty.maxDirectMemory: 1883242496 bytes
2017-10-20 21:39:41.292 [main] DEBUG io.netty.util.internal.PlatformDependent - -Dio.netty.uninitializedArrayAllocationThreshold: -1
2017-10-20 21:39:41.293 [main] DEBUG io.netty.util.internal.CleanerJava6 - java.nio.ByteBuffer.cleaner(): available
2017-10-20 21:39:41.310 [main] DEBUG io.netty.channel.nio.NioEventLoop - -Dio.netty.noKeySetOptimization: false
2017-10-20 21:39:41.310 [main] DEBUG io.netty.channel.nio.NioEventLoop - -Dio.netty.selectorAutoRebuildThreshold: 512
2017-10-20 21:39:41.320 [main] DEBUG io.netty.util.internal.PlatformDependent - org.jctools-core.MpscChunkedArrayQueue: available
2017-10-20 21:39:41.496 [main] DEBUG io.netty.channel.DefaultChannelId - -Dio.netty.processId: 1456 (auto-detected)
2017-10-20 21:39:41.498 [main] DEBUG io.netty.util.NetUtil - -Djava.net.preferIPv4Stack: false
2017-10-20 21:39:41.498 [main] DEBUG io.netty.util.NetUtil - -Djava.net.preferIPv6Addresses: false
2017-10-20 21:39:41.555 [main] DEBUG io.netty.util.NetUtil - Loopback interface: lo (Software Loopback Interface 1, 127.0.0.1)
2017-10-20 21:39:41.556 [main] DEBUG io.netty.util.NetUtil - Failed to get SOMAXCONN from sysctl and file \proc\sys\net\core\somaxconn. Default: 200
2017-10-20 21:39:41.636 [main] DEBUG io.netty.channel.DefaultChannelId - -Dio.netty.machineId: 00:00:00:00:00:00:00:e0 (auto-detected)
2017-10-20 21:39:41.642 [main] DEBUG io.netty.util.internal.InternalThreadLocalMap - -Dio.netty.threadLocalMap.stringBuilder.initialSize: 1024
2017-10-20 21:39:41.643 [main] DEBUG io.netty.util.internal.InternalThreadLocalMap - -Dio.netty.threadLocalMap.stringBuilder.maxSize: 4096
2017-10-20 21:39:41.650 [main] DEBUG io.netty.util.ResourceLeakDetector - -Dio.netty.leakDetection.level: simple
2017-10-20 21:39:41.651 [main] DEBUG io.netty.util.ResourceLeakDetector - -Dio.netty.leakDetection.maxRecords: 4
2017-10-20 21:39:41.651 [main] DEBUG io.netty.util.ResourceLeakDetector - -Dio.netty.leakDetection.maxSampledRecords: 40
2017-10-20 21:39:41.669 [main] DEBUG io.netty.buffer.PooledByteBufAllocator - -Dio.netty.allocator.numHeapArenas: 8
2017-10-20 21:39:41.669 [main] DEBUG io.netty.buffer.PooledByteBufAllocator - -Dio.netty.allocator.numDirectArenas: 8
2017-10-20 21:39:41.670 [main] DEBUG io.netty.buffer.PooledByteBufAllocator - -Dio.netty.allocator.pageSize: 8192
2017-10-20 21:39:41.670 [main] DEBUG io.netty.buffer.PooledByteBufAllocator - -Dio.netty.allocator.maxOrder: 11
2017-10-20 21:39:41.670 [main] DEBUG io.netty.buffer.PooledByteBufAllocator - -Dio.netty.allocator.chunkSize: 16777216
2017-10-20 21:39:41.670 [main] DEBUG io.netty.buffer.PooledByteBufAllocator - -Dio.netty.allocator.tinyCacheSize: 512
2017-10-20 21:39:41.670 [main] DEBUG io.netty.buffer.PooledByteBufAllocator - -Dio.netty.allocator.smallCacheSize: 256
2017-10-20 21:39:41.670 [main] DEBUG io.netty.buffer.PooledByteBufAllocator - -Dio.netty.allocator.normalCacheSize: 64
2017-10-20 21:39:41.670 [main] DEBUG io.netty.buffer.PooledByteBufAllocator - -Dio.netty.allocator.maxCachedBufferCapacity: 32768
2017-10-20 21:39:41.670 [main] DEBUG io.netty.buffer.PooledByteBufAllocator - -Dio.netty.allocator.cacheTrimInterval: 8192
2017-10-20 21:39:41.670 [main] DEBUG io.netty.buffer.PooledByteBufAllocator - -Dio.netty.allocator.useCacheForAllThreads: true
2017-10-20 21:39:41.677 [main] DEBUG io.netty.buffer.ByteBufUtil - -Dio.netty.allocator.type: pooled
2017-10-20 21:39:41.677 [main] DEBUG io.netty.buffer.ByteBufUtil - -Dio.netty.threadLocalDirectBufferSize: 65536
2017-10-20 21:39:41.677 [main] DEBUG io.netty.buffer.ByteBufUtil - -Dio.netty.maxThreadLocalCharBufferSize: 16384
2017-10-20 21:39:41.705 [nioEventLoopGroup-2-1] DEBUG io.netty.util.Recycler - -Dio.netty.recycler.maxCapacityPerThread: 32768
2017-10-20 21:39:41.705 [nioEventLoopGroup-2-1] DEBUG io.netty.util.Recycler - -Dio.netty.recycler.maxSharedCapacityFactor: 2
2017-10-20 21:39:41.705 [nioEventLoopGroup-2-1] DEBUG io.netty.util.Recycler - -Dio.netty.recycler.linkCapacity: 16
2017-10-20 21:39:41.705 [nioEventLoopGroup-2-1] DEBUG io.netty.util.Recycler - -Dio.netty.recycler.ratio: 8
2017-10-20 21:39:41.720 [nioEventLoopGroup-2-1] DEBUG io.netty.buffer.AbstractByteBuf - -Dio.netty.buffer.bytebuf.checkAccessible: true
2017-10-20 21:39:41.722 [nioEventLoopGroup-2-1] DEBUG io.netty.util.ResourceLeakDetectorFactory - Loaded default ResourceLeakDetector: io.netty.util.ResourceLeakDetector@6a0f41e5
2017-10-20 21:39:41.730 [nioEventLoopGroup-3-1] DEBUG io.netty.util.Recycler - -Dio.netty.recycler.maxCapacityPerThread: 32768
2017-10-20 21:39:41.730 [nioEventLoopGroup-3-1] DEBUG io.netty.util.Recycler - -Dio.netty.recycler.maxSharedCapacityFactor: 2
2017-10-20 21:39:41.730 [nioEventLoopGroup-3-1] DEBUG io.netty.util.Recycler - -Dio.netty.recycler.linkCapacity: 16
2017-10-20 21:39:41.730 [nioEventLoopGroup-3-1] DEBUG io.netty.util.Recycler - -Dio.netty.recycler.ratio: 8
2017-10-20 21:39:41.740 [nioEventLoopGroup-3-1] DEBUG io.netty.buffer.AbstractByteBuf - -Dio.netty.buffer.bytebuf.checkAccessible: true
2017-10-20 21:39:41.741 [nioEventLoopGroup-3-1] DEBUG io.netty.util.ResourceLeakDetectorFactory - Loaded default ResourceLeakDetector: io.netty.util.ResourceLeakDetector@51bd1364
2017-10-20 21:40:28.646 [Thread-1] DEBUG io.netty.util.internal.logging.InternalLoggerFactory - Using SLF4J as the default logging framework
2017-10-20 21:40:28.653 [Thread-1] DEBUG io.netty.channel.MultithreadEventLoopGroup - -Dio.netty.eventLoopThreads: 8
2017-10-20 21:40:28.696 [Thread-1] DEBUG io.netty.util.internal.PlatformDependent - Platform: Windows
2017-10-20 21:40:28.698 [Thread-1] DEBUG io.netty.util.internal.PlatformDependent0 - -Dio.netty.noUnsafe: false
2017-10-20 21:40:28.698 [Thread-1] DEBUG io.netty.util.internal.PlatformDependent0 - Java version: 8
2017-10-20 21:40:28.699 [Thread-1] DEBUG io.netty.util.internal.PlatformDependent0 - sun.misc.Unsafe.theUnsafe: available
2017-10-20 21:40:28.700 [Thread-1] DEBUG io.netty.util.internal.PlatformDependent0 - sun.misc.Unsafe.copyMemory: available
2017-10-20 21:40:28.701 [Thread-1] DEBUG io.netty.util.internal.PlatformDependent0 - java.nio.Buffer.address: available
2017-10-20 21:40:28.702 [Thread-1] DEBUG io.netty.util.internal.PlatformDependent0 - direct buffer constructor: available
2017-10-20 21:40:28.703 [Thread-1] DEBUG io.netty.util.internal.PlatformDependent0 - java.nio.Bits.unaligned: available, true
2017-10-20 21:40:28.703 [Thread-1] DEBUG io.netty.util.internal.PlatformDependent0 - jdk.internal.misc.Unsafe.allocateUninitializedArray(int): unavailable prior to Java9
2017-10-20 21:40:28.703 [Thread-1] DEBUG io.netty.util.internal.PlatformDependent0 - java.nio.DirectByteBuffer.<init>(long, int): available
2017-10-20 21:40:28.703 [Thread-1] DEBUG io.netty.util.internal.PlatformDependent - sun.misc.Unsafe: available
2017-10-20 21:40:28.704 [Thread-1] DEBUG io.netty.util.internal.PlatformDependent - -Dio.netty.tmpdir: C:\Users\HEHAOX~1\AppData\Local\Temp (java.io.tmpdir)
2017-10-20 21:40:28.704 [Thread-1] DEBUG io.netty.util.internal.PlatformDependent - -Dio.netty.bitMode: 64 (sun.arch.data.model)
2017-10-20 21:40:28.705 [Thread-1] DEBUG io.netty.util.internal.PlatformDependent - -Dio.netty.noPreferDirect: false
2017-10-20 21:40:28.706 [Thread-1] DEBUG io.netty.util.internal.PlatformDependent - -Dio.netty.maxDirectMemory: 1883242496 bytes
2017-10-20 21:40:28.706 [Thread-1] DEBUG io.netty.util.internal.PlatformDependent - -Dio.netty.uninitializedArrayAllocationThreshold: -1
2017-10-20 21:40:28.707 [Thread-1] DEBUG io.netty.util.internal.CleanerJava6 - java.nio.ByteBuffer.cleaner(): available
2017-10-20 21:40:28.720 [Thread-1] DEBUG io.netty.channel.nio.NioEventLoop - -Dio.netty.noKeySetOptimization: false
2017-10-20 21:40:28.720 [Thread-1] DEBUG io.netty.channel.nio.NioEventLoop - -Dio.netty.selectorAutoRebuildThreshold: 512
2017-10-20 21:40:28.727 [Thread-1] DEBUG io.netty.util.internal.PlatformDependent - org.jctools-core.MpscChunkedArrayQueue: available
2017-10-20 21:40:28.884 [Thread-1] DEBUG io.netty.channel.DefaultChannelId - -Dio.netty.processId: 5196 (auto-detected)
2017-10-20 21:40:28.886 [Thread-1] DEBUG io.netty.util.NetUtil - -Djava.net.preferIPv4Stack: false
2017-10-20 21:40:28.887 [Thread-1] DEBUG io.netty.util.NetUtil - -Djava.net.preferIPv6Addresses: false
2017-10-20 21:40:28.946 [Thread-1] DEBUG io.netty.util.NetUtil - Loopback interface: lo (Software Loopback Interface 1, 127.0.0.1)
2017-10-20 21:40:28.947 [Thread-1] DEBUG io.netty.util.NetUtil - Failed to get SOMAXCONN from sysctl and file \proc\sys\net\core\somaxconn. Default: 200
2017-10-20 21:40:29.018 [Thread-1] DEBUG io.netty.channel.DefaultChannelId - -Dio.netty.machineId: 00:00:00:00:00:00:00:e0 (auto-detected)
2017-10-20 21:40:29.023 [Thread-1] DEBUG io.netty.util.internal.InternalThreadLocalMap - -Dio.netty.threadLocalMap.stringBuilder.initialSize: 1024
2017-10-20 21:40:29.023 [Thread-1] DEBUG io.netty.util.internal.InternalThreadLocalMap - -Dio.netty.threadLocalMap.stringBuilder.maxSize: 4096
2017-10-20 21:40:29.032 [Thread-1] DEBUG io.netty.util.ResourceLeakDetector - -Dio.netty.leakDetection.level: simple
2017-10-20 21:40:29.033 [Thread-1] DEBUG io.netty.util.ResourceLeakDetector - -Dio.netty.leakDetection.maxRecords: 4
2017-10-20 21:40:29.033 [Thread-1] DEBUG io.netty.util.ResourceLeakDetector - -Dio.netty.leakDetection.maxSampledRecords: 40
2017-10-20 21:40:29.052 [Thread-1] DEBUG io.netty.buffer.PooledByteBufAllocator - -Dio.netty.allocator.numHeapArenas: 8
2017-10-20 21:40:29.052 [Thread-1] DEBUG io.netty.buffer.PooledByteBufAllocator - -Dio.netty.allocator.numDirectArenas: 8
2017-10-20 21:40:29.052 [Thread-1] DEBUG io.netty.buffer.PooledByteBufAllocator - -Dio.netty.allocator.pageSize: 8192
2017-10-20 21:40:29.053 [Thread-1] DEBUG io.netty.buffer.PooledByteBufAllocator - -Dio.netty.allocator.maxOrder: 11
2017-10-20 21:40:29.053 [Thread-1] DEBUG io.netty.buffer.PooledByteBufAllocator - -Dio.netty.allocator.chunkSize: 16777216
2017-10-20 21:40:29.053 [Thread-1] DEBUG io.netty.buffer.PooledByteBufAllocator - -Dio.netty.allocator.tinyCacheSize: 512
2017-10-20 21:40:29.053 [Thread-1] DEBUG io.netty.buffer.PooledByteBufAllocator - -Dio.netty.allocator.smallCacheSize: 256
2017-10-20 21:40:29.053 [Thread-1] DEBUG io.netty.buffer.PooledByteBufAllocator - -Dio.netty.allocator.normalCacheSize: 64
2017-10-20 21:40:29.053 [Thread-1] DEBUG io.netty.buffer.PooledByteBufAllocator - -Dio.netty.allocator.maxCachedBufferCapacity: 32768
2017-10-20 21:40:29.054 [Thread-1] DEBUG io.netty.buffer.PooledByteBufAllocator - -Dio.netty.allocator.cacheTrimInterval: 8192
2017-10-20 21:40:29.054 [Thread-1] DEBUG io.netty.buffer.PooledByteBufAllocator - -Dio.netty.allocator.useCacheForAllThreads: true
2017-10-20 21:40:29.061 [Thread-1] DEBUG io.netty.buffer.ByteBufUtil - -Dio.netty.allocator.type: pooled
2017-10-20 21:40:29.061 [Thread-1] DEBUG io.netty.buffer.ByteBufUtil - -Dio.netty.threadLocalDirectBufferSize: 65536
2017-10-20 21:40:29.061 [Thread-1] DEBUG io.netty.buffer.ByteBufUtil - -Dio.netty.maxThreadLocalCharBufferSize: 16384
2017-10-20 21:40:33.445 [main] DEBUG io.netty.util.internal.logging.InternalLoggerFactory - Using SLF4J as the default logging framework
2017-10-20 21:40:33.450 [main] DEBUG io.netty.channel.MultithreadEventLoopGroup - -Dio.netty.eventLoopThreads: 8
2017-10-20 21:40:33.479 [main] DEBUG io.netty.util.internal.PlatformDependent - Platform: Windows
2017-10-20 21:40:33.482 [main] DEBUG io.netty.util.internal.PlatformDependent0 - -Dio.netty.noUnsafe: false
2017-10-20 21:40:33.482 [main] DEBUG io.netty.util.internal.PlatformDependent0 - Java version: 8
2017-10-20 21:40:33.484 [main] DEBUG io.netty.util.internal.PlatformDependent0 - sun.misc.Unsafe.theUnsafe: available
2017-10-20 21:40:33.485 [main] DEBUG io.netty.util.internal.PlatformDependent0 - sun.misc.Unsafe.copyMemory: available
2017-10-20 21:40:33.486 [main] DEBUG io.netty.util.internal.PlatformDependent0 - java.nio.Buffer.address: available
2017-10-20 21:40:33.489 [main] DEBUG io.netty.util.internal.PlatformDependent0 - direct buffer constructor: available
2017-10-20 21:40:33.492 [main] DEBUG io.netty.util.internal.PlatformDependent0 - java.nio.Bits.unaligned: available, true
2017-10-20 21:40:33.493 [main] DEBUG io.netty.util.internal.PlatformDependent0 - jdk.internal.misc.Unsafe.allocateUninitializedArray(int): unavailable prior to Java9
2017-10-20 21:40:33.494 [main] DEBUG io.netty.util.internal.PlatformDependent0 - java.nio.DirectByteBuffer.<init>(long, int): available
2017-10-20 21:40:33.499 [main] DEBUG io.netty.util.internal.PlatformDependent - sun.misc.Unsafe: available
2017-10-20 21:40:33.506 [main] DEBUG io.netty.util.internal.PlatformDependent - -Dio.netty.tmpdir: C:\Users\HEHAOX~1\AppData\Local\Temp (java.io.tmpdir)
2017-10-20 21:40:33.507 [main] DEBUG io.netty.util.internal.PlatformDependent - -Dio.netty.bitMode: 64 (sun.arch.data.model)
2017-10-20 21:40:33.509 [main] DEBUG io.netty.util.internal.PlatformDependent - -Dio.netty.noPreferDirect: false
2017-10-20 21:40:33.510 [main] DEBUG io.netty.util.internal.PlatformDependent - -Dio.netty.maxDirectMemory: 1883242496 bytes
2017-10-20 21:40:33.510 [main] DEBUG io.netty.util.internal.PlatformDependent - -Dio.netty.uninitializedArrayAllocationThreshold: -1
2017-10-20 21:40:33.514 [main] DEBUG io.netty.util.internal.CleanerJava6 - java.nio.ByteBuffer.cleaner(): available
2017-10-20 21:40:33.534 [main] DEBUG io.netty.channel.nio.NioEventLoop - -Dio.netty.noKeySetOptimization: false
2017-10-20 21:40:33.534 [main] DEBUG io.netty.channel.nio.NioEventLoop - -Dio.netty.selectorAutoRebuildThreshold: 512
2017-10-20 21:40:33.545 [main] DEBUG io.netty.util.internal.PlatformDependent - org.jctools-core.MpscChunkedArrayQueue: available
2017-10-20 21:40:33.742 [main] DEBUG io.netty.channel.DefaultChannelId - -Dio.netty.processId: 11256 (auto-detected)
2017-10-20 21:40:33.743 [main] DEBUG io.netty.util.NetUtil - -Djava.net.preferIPv4Stack: false
2017-10-20 21:40:33.744 [main] DEBUG io.netty.util.NetUtil - -Djava.net.preferIPv6Addresses: false
2017-10-20 21:40:33.798 [main] DEBUG io.netty.util.NetUtil - Loopback interface: lo (Software Loopback Interface 1, 127.0.0.1)
2017-10-20 21:40:33.799 [main] DEBUG io.netty.util.NetUtil - Failed to get SOMAXCONN from sysctl and file \proc\sys\net\core\somaxconn. Default: 200
2017-10-20 21:40:33.872 [main] DEBUG io.netty.channel.DefaultChannelId - -Dio.netty.machineId: 00:00:00:00:00:00:00:e0 (auto-detected)
2017-10-20 21:40:33.876 [main] DEBUG io.netty.util.internal.InternalThreadLocalMap - -Dio.netty.threadLocalMap.stringBuilder.initialSize: 1024
2017-10-20 21:40:33.876 [main] DEBUG io.netty.util.internal.InternalThreadLocalMap - -Dio.netty.threadLocalMap.stringBuilder.maxSize: 4096
2017-10-20 21:40:33.882 [main] DEBUG io.netty.util.ResourceLeakDetector - -Dio.netty.leakDetection.level: simple
2017-10-20 21:40:33.883 [main] DEBUG io.netty.util.ResourceLeakDetector - -Dio.netty.leakDetection.maxRecords: 4
2017-10-20 21:40:33.883 [main] DEBUG io.netty.util.ResourceLeakDetector - -Dio.netty.leakDetection.maxSampledRecords: 40
2017-10-20 21:40:33.901 [main] DEBUG io.netty.buffer.PooledByteBufAllocator - -Dio.netty.allocator.numHeapArenas: 8
2017-10-20 21:40:33.901 [main] DEBUG io.netty.buffer.PooledByteBufAllocator - -Dio.netty.allocator.numDirectArenas: 8
2017-10-20 21:40:33.901 [main] DEBUG io.netty.buffer.PooledByteBufAllocator - -Dio.netty.allocator.pageSize: 8192
2017-10-20 21:40:33.901 [main] DEBUG io.netty.buffer.PooledByteBufAllocator - -Dio.netty.allocator.maxOrder: 11
2017-10-20 21:40:33.901 [main] DEBUG io.netty.buffer.PooledByteBufAllocator - -Dio.netty.allocator.chunkSize: 16777216
2017-10-20 21:40:33.901 [main] DEBUG io.netty.buffer.PooledByteBufAllocator - -Dio.netty.allocator.tinyCacheSize: 512
2017-10-20 21:40:33.901 [main] DEBUG io.netty.buffer.PooledByteBufAllocator - -Dio.netty.allocator.smallCacheSize: 256
2017-10-20 21:40:33.901 [main] DEBUG io.netty.buffer.PooledByteBufAllocator - -Dio.netty.allocator.normalCacheSize: 64
2017-10-20 21:40:33.901 [main] DEBUG io.netty.buffer.PooledByteBufAllocator - -Dio.netty.allocator.maxCachedBufferCapacity: 32768
2017-10-20 21:40:33.902 [main] DEBUG io.netty.buffer.PooledByteBufAllocator - -Dio.netty.allocator.cacheTrimInterval: 8192
2017-10-20 21:40:33.902 [main] DEBUG io.netty.buffer.PooledByteBufAllocator - -Dio.netty.allocator.useCacheForAllThreads: true
2017-10-20 21:40:33.909 [main] DEBUG io.netty.buffer.ByteBufUtil - -Dio.netty.allocator.type: pooled
2017-10-20 21:40:33.909 [main] DEBUG io.netty.buffer.ByteBufUtil - -Dio.netty.threadLocalDirectBufferSize: 65536
2017-10-20 21:40:33.909 [main] DEBUG io.netty.buffer.ByteBufUtil - -Dio.netty.maxThreadLocalCharBufferSize: 16384
2017-10-20 21:40:33.935 [nioEventLoopGroup-2-1] DEBUG io.netty.util.Recycler - -Dio.netty.recycler.maxCapacityPerThread: 32768
2017-10-20 21:40:33.935 [nioEventLoopGroup-2-1] DEBUG io.netty.util.Recycler - -Dio.netty.recycler.maxSharedCapacityFactor: 2
2017-10-20 21:40:33.935 [nioEventLoopGroup-2-1] DEBUG io.netty.util.Recycler - -Dio.netty.recycler.linkCapacity: 16
2017-10-20 21:40:33.935 [nioEventLoopGroup-2-1] DEBUG io.netty.util.Recycler - -Dio.netty.recycler.ratio: 8
2017-10-20 21:40:33.948 [nioEventLoopGroup-2-1] DEBUG io.netty.buffer.AbstractByteBuf - -Dio.netty.buffer.bytebuf.checkAccessible: true
2017-10-20 21:40:33.949 [nioEventLoopGroup-2-1] DEBUG io.netty.util.ResourceLeakDetectorFactory - Loaded default ResourceLeakDetector: io.netty.util.ResourceLeakDetector@685290b4
2017-10-20 21:40:33.956 [nioEventLoopGroup-3-1] DEBUG io.netty.util.Recycler - -Dio.netty.recycler.maxCapacityPerThread: 32768
2017-10-20 21:40:33.956 [nioEventLoopGroup-3-1] DEBUG io.netty.util.Recycler - -Dio.netty.recycler.maxSharedCapacityFactor: 2
2017-10-20 21:40:33.956 [nioEventLoopGroup-3-1] DEBUG io.netty.util.Recycler - -Dio.netty.recycler.linkCapacity: 16
2017-10-20 21:40:33.956 [nioEventLoopGroup-3-1] DEBUG io.netty.util.Recycler - -Dio.netty.recycler.ratio: 8
2017-10-20 21:40:33.964 [nioEventLoopGroup-3-1] DEBUG io.netty.buffer.AbstractByteBuf - -Dio.netty.buffer.bytebuf.checkAccessible: true
2017-10-20 21:40:33.965 [nioEventLoopGroup-3-1] DEBUG io.netty.util.ResourceLeakDetectorFactory - Loaded default ResourceLeakDetector: io.netty.util.ResourceLeakDetector@51bd1364
2017-10-20 21:43:40.104 [Thread-1] DEBUG io.netty.util.internal.logging.InternalLoggerFactory - Using SLF4J as the default logging framework
2017-10-20 21:43:40.112 [Thread-1] DEBUG io.netty.channel.MultithreadEventLoopGroup - -Dio.netty.eventLoopThreads: 8
2017-10-20 21:43:40.152 [Thread-1] DEBUG io.netty.util.internal.PlatformDependent - Platform: Windows
2017-10-20 21:43:40.154 [Thread-1] DEBUG io.netty.util.internal.PlatformDependent0 - -Dio.netty.noUnsafe: false
2017-10-20 21:43:40.154 [Thread-1] DEBUG io.netty.util.internal.PlatformDependent0 - Java version: 8
2017-10-20 21:43:40.156 [Thread-1] DEBUG io.netty.util.internal.PlatformDependent0 - sun.misc.Unsafe.theUnsafe: available
2017-10-20 21:43:40.156 [Thread-1] DEBUG io.netty.util.internal.PlatformDependent0 - sun.misc.Unsafe.copyMemory: available
2017-10-20 21:43:40.157 [Thread-1] DEBUG io.netty.util.internal.PlatformDependent0 - java.nio.Buffer.address: available
2017-10-20 21:43:40.158 [Thread-1] DEBUG io.netty.util.internal.PlatformDependent0 - direct buffer constructor: available
2017-10-20 21:43:40.159 [Thread-1] DEBUG io.netty.util.internal.PlatformDependent0 - java.nio.Bits.unaligned: available, true
2017-10-20 21:43:40.159 [Thread-1] DEBUG io.netty.util.internal.PlatformDependent0 - jdk.internal.misc.Unsafe.allocateUninitializedArray(int): unavailable prior to Java9
2017-10-20 21:43:40.159 [Thread-1] DEBUG io.netty.util.internal.PlatformDependent0 - java.nio.DirectByteBuffer.<init>(long, int): available
2017-10-20 21:43:40.160 [Thread-1] DEBUG io.netty.util.internal.PlatformDependent - sun.misc.Unsafe: available
2017-10-20 21:43:40.160 [Thread-1] DEBUG io.netty.util.internal.PlatformDependent - -Dio.netty.tmpdir: C:\Users\HEHAOX~1\AppData\Local\Temp (java.io.tmpdir)
2017-10-20 21:43:40.160 [Thread-1] DEBUG io.netty.util.internal.PlatformDependent - -Dio.netty.bitMode: 64 (sun.arch.data.model)
2017-10-20 21:43:40.162 [Thread-1] DEBUG io.netty.util.internal.PlatformDependent - -Dio.netty.noPreferDirect: false
2017-10-20 21:43:40.162 [Thread-1] DEBUG io.netty.util.internal.PlatformDependent - -Dio.netty.maxDirectMemory: 1883242496 bytes
2017-10-20 21:43:40.162 [Thread-1] DEBUG io.netty.util.internal.PlatformDependent - -Dio.netty.uninitializedArrayAllocationThreshold: -1
2017-10-20 21:43:40.163 [Thread-1] DEBUG io.netty.util.internal.CleanerJava6 - java.nio.ByteBuffer.cleaner(): available
2017-10-20 21:43:40.176 [Thread-1] DEBUG io.netty.channel.nio.NioEventLoop - -Dio.netty.noKeySetOptimization: false
2017-10-20 21:43:40.176 [Thread-1] DEBUG io.netty.channel.nio.NioEventLoop - -Dio.netty.selectorAutoRebuildThreshold: 512
2017-10-20 21:43:40.183 [Thread-1] DEBUG io.netty.util.internal.PlatformDependent - org.jctools-core.MpscChunkedArrayQueue: available
2017-10-20 21:43:40.325 [Thread-1] DEBUG io.netty.channel.DefaultChannelId - -Dio.netty.processId: 10936 (auto-detected)
2017-10-20 21:43:40.328 [Thread-1] DEBUG io.netty.util.NetUtil - -Djava.net.preferIPv4Stack: false
2017-10-20 21:43:40.328 [Thread-1] DEBUG io.netty.util.NetUtil - -Djava.net.preferIPv6Addresses: false
2017-10-20 21:43:40.390 [Thread-1] DEBUG io.netty.util.NetUtil - Loopback interface: lo (Software Loopback Interface 1, 127.0.0.1)
2017-10-20 21:43:40.391 [Thread-1] DEBUG io.netty.util.NetUtil - Failed to get SOMAXCONN from sysctl and file \proc\sys\net\core\somaxconn. Default: 200
2017-10-20 21:43:40.466 [Thread-1] DEBUG io.netty.channel.DefaultChannelId - -Dio.netty.machineId: 00:00:00:00:00:00:00:e0 (auto-detected)
2017-10-20 21:43:40.475 [Thread-1] DEBUG io.netty.util.internal.InternalThreadLocalMap - -Dio.netty.threadLocalMap.stringBuilder.initialSize: 1024
2017-10-20 21:43:40.475 [Thread-1] DEBUG io.netty.util.internal.InternalThreadLocalMap - -Dio.netty.threadLocalMap.stringBuilder.maxSize: 4096
2017-10-20 21:43:40.483 [Thread-1] DEBUG io.netty.util.ResourceLeakDetector - -Dio.netty.leakDetection.level: simple
2017-10-20 21:43:40.483 [Thread-1] DEBUG io.netty.util.ResourceLeakDetector - -Dio.netty.leakDetection.maxRecords: 4
2017-10-20 21:43:40.484 [Thread-1] DEBUG io.netty.util.ResourceLeakDetector - -Dio.netty.leakDetection.maxSampledRecords: 40
2017-10-20 21:43:40.506 [Thread-1] DEBUG io.netty.buffer.PooledByteBufAllocator - -Dio.netty.allocator.numHeapArenas: 8
2017-10-20 21:43:40.506 [Thread-1] DEBUG io.netty.buffer.PooledByteBufAllocator - -Dio.netty.allocator.numDirectArenas: 8
2017-10-20 21:43:40.506 [Thread-1] DEBUG io.netty.buffer.PooledByteBufAllocator - -Dio.netty.allocator.pageSize: 8192
2017-10-20 21:43:40.506 [Thread-1] DEBUG io.netty.buffer.PooledByteBufAllocator - -Dio.netty.allocator.maxOrder: 11
2017-10-20 21:43:40.506 [Thread-1] DEBUG io.netty.buffer.PooledByteBufAllocator - -Dio.netty.allocator.chunkSize: 16777216
2017-10-20 21:43:40.506 [Thread-1] DEBUG io.netty.buffer.PooledByteBufAllocator - -Dio.netty.allocator.tinyCacheSize: 512
2017-10-20 21:43:40.506 [Thread-1] DEBUG io.netty.buffer.PooledByteBufAllocator - -Dio.netty.allocator.smallCacheSize: 256
2017-10-20 21:43:40.507 [Thread-1] DEBUG io.netty.buffer.PooledByteBufAllocator - -Dio.netty.allocator.normalCacheSize: 64
2017-10-20 21:43:40.507 [Thread-1] DEBUG io.netty.buffer.PooledByteBufAllocator - -Dio.netty.allocator.maxCachedBufferCapacity: 32768
2017-10-20 21:43:40.507 [Thread-1] DEBUG io.netty.buffer.PooledByteBufAllocator - -Dio.netty.allocator.cacheTrimInterval: 8192
2017-10-20 21:43:40.507 [Thread-1] DEBUG io.netty.buffer.PooledByteBufAllocator - -Dio.netty.allocator.useCacheForAllThreads: true
2017-10-20 21:43:40.515 [Thread-1] DEBUG io.netty.buffer.ByteBufUtil - -Dio.netty.allocator.type: pooled
2017-10-20 21:43:40.515 [Thread-1] DEBUG io.netty.buffer.ByteBufUtil - -Dio.netty.threadLocalDirectBufferSize: 65536
2017-10-20 21:43:40.515 [Thread-1] DEBUG io.netty.buffer.ByteBufUtil - -Dio.netty.maxThreadLocalCharBufferSize: 16384
2017-10-20 21:43:46.622 [main] DEBUG io.netty.util.internal.logging.InternalLoggerFactory - Using SLF4J as the default logging framework
2017-10-20 21:43:46.627 [main] DEBUG io.netty.channel.MultithreadEventLoopGroup - -Dio.netty.eventLoopThreads: 8
2017-10-20 21:43:46.649 [main] DEBUG io.netty.util.internal.PlatformDependent - Platform: Windows
2017-10-20 21:43:46.651 [main] DEBUG io.netty.util.internal.PlatformDependent0 - -Dio.netty.noUnsafe: false
2017-10-20 21:43:46.652 [main] DEBUG io.netty.util.internal.PlatformDependent0 - Java version: 8
2017-10-20 21:43:46.654 [main] DEBUG io.netty.util.internal.PlatformDependent0 - sun.misc.Unsafe.theUnsafe: available
2017-10-20 21:43:46.654 [main] DEBUG io.netty.util.internal.PlatformDependent0 - sun.misc.Unsafe.copyMemory: available
2017-10-20 21:43:46.655 [main] DEBUG io.netty.util.internal.PlatformDependent0 - java.nio.Buffer.address: available
2017-10-20 21:43:46.656 [main] DEBUG io.netty.util.internal.PlatformDependent0 - direct buffer constructor: available
2017-10-20 21:43:46.657 [main] DEBUG io.netty.util.internal.PlatformDependent0 - java.nio.Bits.unaligned: available, true
2017-10-20 21:43:46.657 [main] DEBUG io.netty.util.internal.PlatformDependent0 - jdk.internal.misc.Unsafe.allocateUninitializedArray(int): unavailable prior to Java9
2017-10-20 21:43:46.657 [main] DEBUG io.netty.util.internal.PlatformDependent0 - java.nio.DirectByteBuffer.<init>(long, int): available
2017-10-20 21:43:46.657 [main] DEBUG io.netty.util.internal.PlatformDependent - sun.misc.Unsafe: available
2017-10-20 21:43:46.658 [main] DEBUG io.netty.util.internal.PlatformDependent - -Dio.netty.tmpdir: C:\Users\HEHAOX~1\AppData\Local\Temp (java.io.tmpdir)
2017-10-20 21:43:46.658 [main] DEBUG io.netty.util.internal.PlatformDependent - -Dio.netty.bitMode: 64 (sun.arch.data.model)
2017-10-20 21:43:46.659 [main] DEBUG io.netty.util.internal.PlatformDependent - -Dio.netty.noPreferDirect: false
2017-10-20 21:43:46.659 [main] DEBUG io.netty.util.internal.PlatformDependent - -Dio.netty.maxDirectMemory: 1883242496 bytes
2017-10-20 21:43:46.660 [main] DEBUG io.netty.util.internal.PlatformDependent - -Dio.netty.uninitializedArrayAllocationThreshold: -1
2017-10-20 21:43:46.660 [main] DEBUG io.netty.util.internal.CleanerJava6 - java.nio.ByteBuffer.cleaner(): available
2017-10-20 21:43:46.675 [main] DEBUG io.netty.channel.nio.NioEventLoop - -Dio.netty.noKeySetOptimization: false
2017-10-20 21:43:46.675 [main] DEBUG io.netty.channel.nio.NioEventLoop - -Dio.netty.selectorAutoRebuildThreshold: 512
2017-10-20 21:43:46.684 [main] DEBUG io.netty.util.internal.PlatformDependent - org.jctools-core.MpscChunkedArrayQueue: available
2017-10-20 21:43:46.855 [main] DEBUG io.netty.channel.DefaultChannelId - -Dio.netty.processId: 10028 (auto-detected)
2017-10-20 21:43:46.857 [main] DEBUG io.netty.util.NetUtil - -Djava.net.preferIPv4Stack: false
2017-10-20 21:43:46.857 [main] DEBUG io.netty.util.NetUtil - -Djava.net.preferIPv6Addresses: false
2017-10-20 21:43:46.915 [main] DEBUG io.netty.util.NetUtil - Loopback interface: lo (Software Loopback Interface 1, 127.0.0.1)
2017-10-20 21:43:46.916 [main] DEBUG io.netty.util.NetUtil - Failed to get SOMAXCONN from sysctl and file \proc\sys\net\core\somaxconn. Default: 200
2017-10-20 21:43:46.991 [main] DEBUG io.netty.channel.DefaultChannelId - -Dio.netty.machineId: 00:00:00:00:00:00:00:e0 (auto-detected)
2017-10-20 21:43:46.995 [main] DEBUG io.netty.util.internal.InternalThreadLocalMap - -Dio.netty.threadLocalMap.stringBuilder.initialSize: 1024
2017-10-20 21:43:46.995 [main] DEBUG io.netty.util.internal.InternalThreadLocalMap - -Dio.netty.threadLocalMap.stringBuilder.maxSize: 4096
2017-10-20 21:43:47.002 [main] DEBUG io.netty.util.ResourceLeakDetector - -Dio.netty.leakDetection.level: simple
2017-10-20 21:43:47.004 [main] DEBUG io.netty.util.ResourceLeakDetector - -Dio.netty.leakDetection.maxRecords: 4
2017-10-20 21:43:47.004 [main] DEBUG io.netty.util.ResourceLeakDetector - -Dio.netty.leakDetection.maxSampledRecords: 40
2017-10-20 21:43:47.021 [main] DEBUG io.netty.buffer.PooledByteBufAllocator - -Dio.netty.allocator.numHeapArenas: 8
2017-10-20 21:43:47.021 [main] DEBUG io.netty.buffer.PooledByteBufAllocator - -Dio.netty.allocator.numDirectArenas: 8
2017-10-20 21:43:47.021 [main] DEBUG io.netty.buffer.PooledByteBufAllocator - -Dio.netty.allocator.pageSize: 8192
2017-10-20 21:43:47.021 [main] DEBUG io.netty.buffer.PooledByteBufAllocator - -Dio.netty.allocator.maxOrder: 11
2017-10-20 21:43:47.021 [main] DEBUG io.netty.buffer.PooledByteBufAllocator - -Dio.netty.allocator.chunkSize: 16777216
2017-10-20 21:43:47.021 [main] DEBUG io.netty.buffer.PooledByteBufAllocator - -Dio.netty.allocator.tinyCacheSize: 512
2017-10-20 21:43:47.022 [main] DEBUG io.netty.buffer.PooledByteBufAllocator - -Dio.netty.allocator.smallCacheSize: 256
2017-10-20 21:43:47.022 [main] DEBUG io.netty.buffer.PooledByteBufAllocator - -Dio.netty.allocator.normalCacheSize: 64
2017-10-20 21:43:47.022 [main] DEBUG io.netty.buffer.PooledByteBufAllocator - -Dio.netty.allocator.maxCachedBufferCapacity: 32768
2017-10-20 21:43:47.022 [main] DEBUG io.netty.buffer.PooledByteBufAllocator - -Dio.netty.allocator.cacheTrimInterval: 8192
2017-10-20 21:43:47.022 [main] DEBUG io.netty.buffer.PooledByteBufAllocator - -Dio.netty.allocator.useCacheForAllThreads: true
2017-10-20 21:43:47.029 [main] DEBUG io.netty.buffer.ByteBufUtil - -Dio.netty.allocator.type: pooled
2017-10-20 21:43:47.029 [main] DEBUG io.netty.buffer.ByteBufUtil - -Dio.netty.threadLocalDirectBufferSize: 65536
2017-10-20 21:43:47.029 [main] DEBUG io.netty.buffer.ByteBufUtil - -Dio.netty.maxThreadLocalCharBufferSize: 16384
2017-10-20 21:43:47.054 [nioEventLoopGroup-2-1] DEBUG io.netty.util.Recycler - -Dio.netty.recycler.maxCapacityPerThread: 32768
2017-10-20 21:43:47.054 [nioEventLoopGroup-2-1] DEBUG io.netty.util.Recycler - -Dio.netty.recycler.maxSharedCapacityFactor: 2
2017-10-20 21:43:47.055 [nioEventLoopGroup-2-1] DEBUG io.netty.util.Recycler - -Dio.netty.recycler.linkCapacity: 16
2017-10-20 21:43:47.055 [nioEventLoopGroup-2-1] DEBUG io.netty.util.Recycler - -Dio.netty.recycler.ratio: 8
2017-10-20 21:43:47.066 [nioEventLoopGroup-2-1] DEBUG io.netty.buffer.AbstractByteBuf - -Dio.netty.buffer.bytebuf.checkAccessible: true
2017-10-20 21:43:47.068 [nioEventLoopGroup-2-1] DEBUG io.netty.util.ResourceLeakDetectorFactory - Loaded default ResourceLeakDetector: io.netty.util.ResourceLeakDetector@6a0f41e5
2017-10-20 21:43:47.075 [nioEventLoopGroup-3-1] DEBUG io.netty.util.Recycler - -Dio.netty.recycler.maxCapacityPerThread: 32768
2017-10-20 21:43:47.076 [nioEventLoopGroup-3-1] DEBUG io.netty.util.Recycler - -Dio.netty.recycler.maxSharedCapacityFactor: 2
2017-10-20 21:43:47.076 [nioEventLoopGroup-3-1] DEBUG io.netty.util.Recycler - -Dio.netty.recycler.linkCapacity: 16
2017-10-20 21:43:47.076 [nioEventLoopGroup-3-1] DEBUG io.netty.util.Recycler - -Dio.netty.recycler.ratio: 8
2017-10-20 21:43:47.084 [nioEventLoopGroup-3-1] DEBUG io.netty.buffer.AbstractByteBuf - -Dio.netty.buffer.bytebuf.checkAccessible: true
2017-10-20 21:43:47.085 [nioEventLoopGroup-3-1] DEBUG io.netty.util.ResourceLeakDetectorFactory - Loaded default ResourceLeakDetector: io.netty.util.ResourceLeakDetector@51bd1364
2017-10-20 21:44:09.449 [Thread-1] DEBUG io.netty.util.internal.logging.InternalLoggerFactory - Using SLF4J as the default logging framework
2017-10-20 21:44:09.454 [Thread-1] DEBUG io.netty.channel.MultithreadEventLoopGroup - -Dio.netty.eventLoopThreads: 8
2017-10-20 21:44:09.495 [Thread-1] DEBUG io.netty.util.internal.PlatformDependent - Platform: Windows
2017-10-20 21:44:09.497 [Thread-1] DEBUG io.netty.util.internal.PlatformDependent0 - -Dio.netty.noUnsafe: false
2017-10-20 21:44:09.498 [Thread-1] DEBUG io.netty.util.internal.PlatformDependent0 - Java version: 8
2017-10-20 21:44:09.500 [Thread-1] DEBUG io.netty.util.internal.PlatformDependent0 - sun.misc.Unsafe.theUnsafe: available
2017-10-20 21:44:09.500 [Thread-1] DEBUG io.netty.util.internal.PlatformDependent0 - sun.misc.Unsafe.copyMemory: available
2017-10-20 21:44:09.501 [Thread-1] DEBUG io.netty.util.internal.PlatformDependent0 - java.nio.Buffer.address: available
2017-10-20 21:44:09.501 [Thread-1] DEBUG io.netty.util.internal.PlatformDependent0 - direct buffer constructor: available
2017-10-20 21:44:09.502 [Thread-1] DEBUG io.netty.util.internal.PlatformDependent0 - java.nio.Bits.unaligned: available, true
2017-10-20 21:44:09.502 [Thread-1] DEBUG io.netty.util.internal.PlatformDependent0 - jdk.internal.misc.Unsafe.allocateUninitializedArray(int): unavailable prior to Java9
2017-10-20 21:44:09.502 [Thread-1] DEBUG io.netty.util.internal.PlatformDependent0 - java.nio.DirectByteBuffer.<init>(long, int): available
2017-10-20 21:44:09.502 [Thread-1] DEBUG io.netty.util.internal.PlatformDependent - sun.misc.Unsafe: available
2017-10-20 21:44:09.503 [Thread-1] DEBUG io.netty.util.internal.PlatformDependent - -Dio.netty.tmpdir: C:\Users\HEHAOX~1\AppData\Local\Temp (java.io.tmpdir)
2017-10-20 21:44:09.503 [Thread-1] DEBUG io.netty.util.internal.PlatformDependent - -Dio.netty.bitMode: 64 (sun.arch.data.model)
2017-10-20 21:44:09.505 [Thread-1] DEBUG io.netty.util.internal.PlatformDependent - -Dio.netty.noPreferDirect: false
2017-10-20 21:44:09.505 [Thread-1] DEBUG io.netty.util.internal.PlatformDependent - -Dio.netty.maxDirectMemory: 1883242496 bytes
2017-10-20 21:44:09.506 [Thread-1] DEBUG io.netty.util.internal.PlatformDependent - -Dio.netty.uninitializedArrayAllocationThreshold: -1
2017-10-20 21:44:09.507 [Thread-1] DEBUG io.netty.util.internal.CleanerJava6 - java.nio.ByteBuffer.cleaner(): available
2017-10-20 21:44:09.522 [Thread-1] DEBUG io.netty.channel.nio.NioEventLoop - -Dio.netty.noKeySetOptimization: false
2017-10-20 21:44:09.522 [Thread-1] DEBUG io.netty.channel.nio.NioEventLoop - -Dio.netty.selectorAutoRebuildThreshold: 512
2017-10-20 21:44:09.529 [Thread-1] DEBUG io.netty.util.internal.PlatformDependent - org.jctools-core.MpscChunkedArrayQueue: available
2017-10-20 21:44:09.661 [Thread-1] DEBUG io.netty.channel.DefaultChannelId - -Dio.netty.processId: 9524 (auto-detected)
2017-10-20 21:44:09.663 [Thread-1] DEBUG io.netty.util.NetUtil - -Djava.net.preferIPv4Stack: false
2017-10-20 21:44:09.663 [Thread-1] DEBUG io.netty.util.NetUtil - -Djava.net.preferIPv6Addresses: false
2017-10-20 21:44:09.719 [Thread-1] DEBUG io.netty.util.NetUtil - Loopback interface: lo (Software Loopback Interface 1, 127.0.0.1)
2017-10-20 21:44:09.719 [Thread-1] DEBUG io.netty.util.NetUtil - Failed to get SOMAXCONN from sysctl and file \proc\sys\net\core\somaxconn. Default: 200
2017-10-20 21:44:09.790 [Thread-1] DEBUG io.netty.channel.DefaultChannelId - -Dio.netty.machineId: 00:00:00:00:00:00:00:e0 (auto-detected)
2017-10-20 21:44:09.796 [Thread-1] DEBUG io.netty.util.internal.InternalThreadLocalMap - -Dio.netty.threadLocalMap.stringBuilder.initialSize: 1024
2017-10-20 21:44:09.796 [Thread-1] DEBUG io.netty.util.internal.InternalThreadLocalMap - -Dio.netty.threadLocalMap.stringBuilder.maxSize: 4096
2017-10-20 21:44:09.804 [Thread-1] DEBUG io.netty.util.ResourceLeakDetector - -Dio.netty.leakDetection.level: simple
2017-10-20 21:44:09.804 [Thread-1] DEBUG io.netty.util.ResourceLeakDetector - -Dio.netty.leakDetection.maxRecords: 4
2017-10-20 21:44:09.805 [Thread-1] DEBUG io.netty.util.ResourceLeakDetector - -Dio.netty.leakDetection.maxSampledRecords: 40
2017-10-20 21:44:09.823 [Thread-1] DEBUG io.netty.buffer.PooledByteBufAllocator - -Dio.netty.allocator.numHeapArenas: 8
2017-10-20 21:44:09.824 [Thread-1] DEBUG io.netty.buffer.PooledByteBufAllocator - -Dio.netty.allocator.numDirectArenas: 8
2017-10-20 21:44:09.824 [Thread-1] DEBUG io.netty.buffer.PooledByteBufAllocator - -Dio.netty.allocator.pageSize: 8192
2017-10-20 21:44:09.824 [Thread-1] DEBUG io.netty.buffer.PooledByteBufAllocator - -Dio.netty.allocator.maxOrder: 11
2017-10-20 21:44:09.824 [Thread-1] DEBUG io.netty.buffer.PooledByteBufAllocator - -Dio.netty.allocator.chunkSize: 16777216
2017-10-20 21:44:09.824 [Thread-1] DEBUG io.netty.buffer.PooledByteBufAllocator - -Dio.netty.allocator.tinyCacheSize: 512
2017-10-20 21:44:09.824 [Thread-1] DEBUG io.netty.buffer.PooledByteBufAllocator - -Dio.netty.allocator.smallCacheSize: 256
2017-10-20 21:44:09.824 [Thread-1] DEBUG io.netty.buffer.PooledByteBufAllocator - -Dio.netty.allocator.normalCacheSize: 64
2017-10-20 21:44:09.824 [Thread-1] DEBUG io.netty.buffer.PooledByteBufAllocator - -Dio.netty.allocator.maxCachedBufferCapacity: 32768
2017-10-20 21:44:09.824 [Thread-1] DEBUG io.netty.buffer.PooledByteBufAllocator - -Dio.netty.allocator.cacheTrimInterval: 8192
2017-10-20 21:44:09.824 [Thread-1] DEBUG io.netty.buffer.PooledByteBufAllocator - -Dio.netty.allocator.useCacheForAllThreads: true
2017-10-20 21:44:09.831 [Thread-1] DEBUG io.netty.buffer.ByteBufUtil - -Dio.netty.allocator.type: pooled
2017-10-20 21:44:09.831 [Thread-1] DEBUG io.netty.buffer.ByteBufUtil - -Dio.netty.threadLocalDirectBufferSize: 65536
2017-10-20 21:44:09.831 [Thread-1] DEBUG io.netty.buffer.ByteBufUtil - -Dio.netty.maxThreadLocalCharBufferSize: 16384
2017-10-20 21:44:15.652 [main] DEBUG io.netty.util.internal.logging.InternalLoggerFactory - Using SLF4J as the default logging framework
2017-10-20 21:44:15.659 [main] DEBUG io.netty.channel.MultithreadEventLoopGroup - -Dio.netty.eventLoopThreads: 8
2017-10-20 21:44:15.679 [main] DEBUG io.netty.util.internal.PlatformDependent - Platform: Windows
2017-10-20 21:44:15.681 [main] DEBUG io.netty.util.internal.PlatformDependent0 - -Dio.netty.noUnsafe: false
2017-10-20 21:44:15.682 [main] DEBUG io.netty.util.internal.PlatformDependent0 - Java version: 8
2017-10-20 21:44:15.683 [main] DEBUG io.netty.util.internal.PlatformDependent0 - sun.misc.Unsafe.theUnsafe: available
2017-10-20 21:44:15.684 [main] DEBUG io.netty.util.internal.PlatformDependent0 - sun.misc.Unsafe.copyMemory: available
2017-10-20 21:44:15.685 [main] DEBUG io.netty.util.internal.PlatformDependent0 - java.nio.Buffer.address: available
2017-10-20 21:44:15.685 [main] DEBUG io.netty.util.internal.PlatformDependent0 - direct buffer constructor: available
2017-10-20 21:44:15.687 [main] DEBUG io.netty.util.internal.PlatformDependent0 - java.nio.Bits.unaligned: available, true
2017-10-20 21:44:15.687 [main] DEBUG io.netty.util.internal.PlatformDependent0 - jdk.internal.misc.Unsafe.allocateUninitializedArray(int): unavailable prior to Java9
2017-10-20 21:44:15.687 [main] DEBUG io.netty.util.internal.PlatformDependent0 - java.nio.DirectByteBuffer.<init>(long, int): available
2017-10-20 21:44:15.687 [main] DEBUG io.netty.util.internal.PlatformDependent - sun.misc.Unsafe: available
2017-10-20 21:44:15.688 [main] DEBUG io.netty.util.internal.PlatformDependent - -Dio.netty.tmpdir: C:\Users\HEHAOX~1\AppData\Local\Temp (java.io.tmpdir)
2017-10-20 21:44:15.688 [main] DEBUG io.netty.util.internal.PlatformDependent - -Dio.netty.bitMode: 64 (sun.arch.data.model)
2017-10-20 21:44:15.689 [main] DEBUG io.netty.util.internal.PlatformDependent - -Dio.netty.noPreferDirect: false
2017-10-20 21:44:15.690 [main] DEBUG io.netty.util.internal.PlatformDependent - -Dio.netty.maxDirectMemory: 1883242496 bytes
2017-10-20 21:44:15.690 [main] DEBUG io.netty.util.internal.PlatformDependent - -Dio.netty.uninitializedArrayAllocationThreshold: -1
2017-10-20 21:44:15.691 [main] DEBUG io.netty.util.internal.CleanerJava6 - java.nio.ByteBuffer.cleaner(): available
2017-10-20 21:44:15.706 [main] DEBUG io.netty.channel.nio.NioEventLoop - -Dio.netty.noKeySetOptimization: false
2017-10-20 21:44:15.706 [main] DEBUG io.netty.channel.nio.NioEventLoop - -Dio.netty.selectorAutoRebuildThreshold: 512
2017-10-20 21:44:15.715 [main] DEBUG io.netty.util.internal.PlatformDependent - org.jctools-core.MpscChunkedArrayQueue: available
2017-10-20 21:44:15.888 [main] DEBUG io.netty.channel.DefaultChannelId - -Dio.netty.processId: 2004 (auto-detected)
2017-10-20 21:44:15.890 [main] DEBUG io.netty.util.NetUtil - -Djava.net.preferIPv4Stack: false
2017-10-20 21:44:15.890 [main] DEBUG io.netty.util.NetUtil - -Djava.net.preferIPv6Addresses: false
2017-10-20 21:44:15.947 [main] DEBUG io.netty.util.NetUtil - Loopback interface: lo (Software Loopback Interface 1, 127.0.0.1)
2017-10-20 21:44:15.948 [main] DEBUG io.netty.util.NetUtil - Failed to get SOMAXCONN from sysctl and file \proc\sys\net\core\somaxconn. Default: 200
2017-10-20 21:44:16.019 [main] DEBUG io.netty.channel.DefaultChannelId - -Dio.netty.machineId: 00:00:00:00:00:00:00:e0 (auto-detected)
2017-10-20 21:44:16.024 [main] DEBUG io.netty.util.internal.InternalThreadLocalMap - -Dio.netty.threadLocalMap.stringBuilder.initialSize: 1024
2017-10-20 21:44:16.024 [main] DEBUG io.netty.util.internal.InternalThreadLocalMap - -Dio.netty.threadLocalMap.stringBuilder.maxSize: 4096
2017-10-20 21:44:16.030 [main] DEBUG io.netty.util.ResourceLeakDetector - -Dio.netty.leakDetection.level: simple
2017-10-20 21:44:16.032 [main] DEBUG io.netty.util.ResourceLeakDetector - -Dio.netty.leakDetection.maxRecords: 4
2017-10-20 21:44:16.032 [main] DEBUG io.netty.util.ResourceLeakDetector - -Dio.netty.leakDetection.maxSampledRecords: 40
2017-10-20 21:44:16.050 [main] DEBUG io.netty.buffer.PooledByteBufAllocator - -Dio.netty.allocator.numHeapArenas: 8
2017-10-20 21:44:16.050 [main] DEBUG io.netty.buffer.PooledByteBufAllocator - -Dio.netty.allocator.numDirectArenas: 8
2017-10-20 21:44:16.050 [main] DEBUG io.netty.buffer.PooledByteBufAllocator - -Dio.netty.allocator.pageSize: 8192
2017-10-20 21:44:16.050 [main] DEBUG io.netty.buffer.PooledByteBufAllocator - -Dio.netty.allocator.maxOrder: 11
2017-10-20 21:44:16.050 [main] DEBUG io.netty.buffer.PooledByteBufAllocator - -Dio.netty.allocator.chunkSize: 16777216
2017-10-20 21:44:16.050 [main] DEBUG io.netty.buffer.PooledByteBufAllocator - -Dio.netty.allocator.tinyCacheSize: 512
2017-10-20 21:44:16.050 [main] DEBUG io.netty.buffer.PooledByteBufAllocator - -Dio.netty.allocator.smallCacheSize: 256
2017-10-20 21:44:16.050 [main] DEBUG io.netty.buffer.PooledByteBufAllocator - -Dio.netty.allocator.normalCacheSize: 64
2017-10-20 21:44:16.050 [main] DEBUG io.netty.buffer.PooledByteBufAllocator - -Dio.netty.allocator.maxCachedBufferCapacity: 32768
2017-10-20 21:44:16.050 [main] DEBUG io.netty.buffer.PooledByteBufAllocator - -Dio.netty.allocator.cacheTrimInterval: 8192
2017-10-20 21:44:16.050 [main] DEBUG io.netty.buffer.PooledByteBufAllocator - -Dio.netty.allocator.useCacheForAllThreads: true
2017-10-20 21:44:16.057 [main] DEBUG io.netty.buffer.ByteBufUtil - -Dio.netty.allocator.type: pooled
2017-10-20 21:44:16.057 [main] DEBUG io.netty.buffer.ByteBufUtil - -Dio.netty.threadLocalDirectBufferSize: 65536
2017-10-20 21:44:16.057 [main] DEBUG io.netty.buffer.ByteBufUtil - -Dio.netty.maxThreadLocalCharBufferSize: 16384
2017-10-20 21:44:16.082 [nioEventLoopGroup-2-1] DEBUG io.netty.util.Recycler - -Dio.netty.recycler.maxCapacityPerThread: 32768
2017-10-20 21:44:16.082 [nioEventLoopGroup-2-1] DEBUG io.netty.util.Recycler - -Dio.netty.recycler.maxSharedCapacityFactor: 2
2017-10-20 21:44:16.082 [nioEventLoopGroup-2-1] DEBUG io.netty.util.Recycler - -Dio.netty.recycler.linkCapacity: 16
2017-10-20 21:44:16.082 [nioEventLoopGroup-2-1] DEBUG io.netty.util.Recycler - -Dio.netty.recycler.ratio: 8
2017-10-20 21:44:16.094 [nioEventLoopGroup-2-1] DEBUG io.netty.buffer.AbstractByteBuf - -Dio.netty.buffer.bytebuf.checkAccessible: true
2017-10-20 21:44:16.096 [nioEventLoopGroup-2-1] DEBUG io.netty.util.ResourceLeakDetectorFactory - Loaded default ResourceLeakDetector: io.netty.util.ResourceLeakDetector@6a0f41e5
2017-10-20 21:44:16.103 [nioEventLoopGroup-3-1] DEBUG io.netty.util.Recycler - -Dio.netty.recycler.maxCapacityPerThread: 32768
2017-10-20 21:44:16.103 [nioEventLoopGroup-3-1] DEBUG io.netty.util.Recycler - -Dio.netty.recycler.maxSharedCapacityFactor: 2
2017-10-20 21:44:16.103 [nioEventLoopGroup-3-1] DEBUG io.netty.util.Recycler - -Dio.netty.recycler.linkCapacity: 16
2017-10-20 21:44:16.103 [nioEventLoopGroup-3-1] DEBUG io.netty.util.Recycler - -Dio.netty.recycler.ratio: 8
2017-10-20 21:44:16.112 [nioEventLoopGroup-3-1] DEBUG io.netty.buffer.AbstractByteBuf - -Dio.netty.buffer.bytebuf.checkAccessible: true
2017-10-20 21:44:16.113 [nioEventLoopGroup-3-1] DEBUG io.netty.util.ResourceLeakDetectorFactory - Loaded default ResourceLeakDetector: io.netty.util.ResourceLeakDetector@76dfc386
2017-10-20 22:29:05.494 [main] DEBUG io.netty.util.internal.logging.InternalLoggerFactory - Using SLF4J as the default logging framework
2017-10-20 22:29:05.498 [main] DEBUG io.netty.channel.MultithreadEventLoopGroup - -Dio.netty.eventLoopThreads: 8
2017-10-20 22:29:05.543 [main] DEBUG io.netty.util.internal.PlatformDependent - Platform: Windows
2017-10-20 22:29:05.546 [main] DEBUG io.netty.util.internal.PlatformDependent0 - -Dio.netty.noUnsafe: false
2017-10-20 22:29:05.547 [main] DEBUG io.netty.util.internal.PlatformDependent0 - Java version: 8
2017-10-20 22:29:05.548 [main] DEBUG io.netty.util.internal.PlatformDependent0 - sun.misc.Unsafe.theUnsafe: available
2017-10-20 22:29:05.551 [main] DEBUG io.netty.util.internal.PlatformDependent0 - sun.misc.Unsafe.copyMemory: available
2017-10-20 22:29:05.552 [main] DEBUG io.netty.util.internal.PlatformDependent0 - java.nio.Buffer.address: available
2017-10-20 22:29:05.554 [main] DEBUG io.netty.util.internal.PlatformDependent0 - direct buffer constructor: available
2017-10-20 22:29:05.556 [main] DEBUG io.netty.util.internal.PlatformDependent0 - java.nio.Bits.unaligned: available, true
2017-10-20 22:29:05.557 [main] DEBUG io.netty.util.internal.PlatformDependent0 - jdk.internal.misc.Unsafe.allocateUninitializedArray(int): unavailable prior to Java9
2017-10-20 22:29:05.558 [main] DEBUG io.netty.util.internal.PlatformDependent0 - java.nio.DirectByteBuffer.<init>(long, int): available
2017-10-20 22:29:05.559 [main] DEBUG io.netty.util.internal.PlatformDependent - sun.misc.Unsafe: available
2017-10-20 22:29:05.560 [main] DEBUG io.netty.util.internal.PlatformDependent - -Dio.netty.tmpdir: C:\Users\HEHAOX~1\AppData\Local\Temp (java.io.tmpdir)
2017-10-20 22:29:05.561 [main] DEBUG io.netty.util.internal.PlatformDependent - -Dio.netty.bitMode: 64 (sun.arch.data.model)
2017-10-20 22:29:05.565 [main] DEBUG io.netty.util.internal.PlatformDependent - -Dio.netty.noPreferDirect: false
2017-10-20 22:29:05.566 [main] DEBUG io.netty.util.internal.PlatformDependent - -Dio.netty.maxDirectMemory: 1883242496 bytes
2017-10-20 22:29:05.566 [main] DEBUG io.netty.util.internal.PlatformDependent - -Dio.netty.uninitializedArrayAllocationThreshold: -1
2017-10-20 22:29:05.569 [main] DEBUG io.netty.util.internal.CleanerJava6 - java.nio.ByteBuffer.cleaner(): available
2017-10-20 22:29:05.603 [main] DEBUG io.netty.channel.nio.NioEventLoop - -Dio.netty.noKeySetOptimization: false
2017-10-20 22:29:05.605 [main] DEBUG io.netty.channel.nio.NioEventLoop - -Dio.netty.selectorAutoRebuildThreshold: 512
2017-10-20 22:29:05.632 [main] DEBUG io.netty.util.internal.PlatformDependent - org.jctools-core.MpscChunkedArrayQueue: available
2017-10-20 22:29:05.824 [main] DEBUG io.netty.channel.DefaultChannelId - -Dio.netty.processId: 3212 (auto-detected)
2017-10-20 22:29:05.826 [main] DEBUG io.netty.util.NetUtil - -Djava.net.preferIPv4Stack: false
2017-10-20 22:29:05.826 [main] DEBUG io.netty.util.NetUtil - -Djava.net.preferIPv6Addresses: false
2017-10-20 22:29:05.886 [main] DEBUG io.netty.util.NetUtil - Loopback interface: lo (Software Loopback Interface 1, 127.0.0.1)
2017-10-20 22:29:05.886 [main] DEBUG io.netty.util.NetUtil - Failed to get SOMAXCONN from sysctl and file \proc\sys\net\core\somaxconn. Default: 200
2017-10-20 22:29:05.957 [main] DEBUG io.netty.channel.DefaultChannelId - -Dio.netty.machineId: 00:00:00:00:00:00:00:e0 (auto-detected)
2017-10-20 22:29:05.962 [main] DEBUG io.netty.util.internal.InternalThreadLocalMap - -Dio.netty.threadLocalMap.stringBuilder.initialSize: 1024
2017-10-20 22:29:05.963 [main] DEBUG io.netty.util.internal.InternalThreadLocalMap - -Dio.netty.threadLocalMap.stringBuilder.maxSize: 4096
2017-10-20 22:29:05.970 [main] DEBUG io.netty.util.ResourceLeakDetector - -Dio.netty.leakDetection.level: simple
2017-10-20 22:29:05.971 [main] DEBUG io.netty.util.ResourceLeakDetector - -Dio.netty.leakDetection.maxRecords: 4
2017-10-20 22:29:05.971 [main] DEBUG io.netty.util.ResourceLeakDetector - -Dio.netty.leakDetection.maxSampledRecords: 40
2017-10-20 22:29:05.988 [main] DEBUG io.netty.buffer.PooledByteBufAllocator - -Dio.netty.allocator.numHeapArenas: 8
2017-10-20 22:29:05.989 [main] DEBUG io.netty.buffer.PooledByteBufAllocator - -Dio.netty.allocator.numDirectArenas: 8
2017-10-20 22:29:05.989 [main] DEBUG io.netty.buffer.PooledByteBufAllocator - -Dio.netty.allocator.pageSize: 8192
2017-10-20 22:29:05.989 [main] DEBUG io.netty.buffer.PooledByteBufAllocator - -Dio.netty.allocator.maxOrder: 11
2017-10-20 22:29:05.989 [main] DEBUG io.netty.buffer.PooledByteBufAllocator - -Dio.netty.allocator.chunkSize: 16777216
2017-10-20 22:29:05.989 [main] DEBUG io.netty.buffer.PooledByteBufAllocator - -Dio.netty.allocator.tinyCacheSize: 512
2017-10-20 22:29:05.989 [main] DEBUG io.netty.buffer.PooledByteBufAllocator - -Dio.netty.allocator.smallCacheSize: 256
2017-10-20 22:29:05.989 [main] DEBUG io.netty.buffer.PooledByteBufAllocator - -Dio.netty.allocator.normalCacheSize: 64
2017-10-20 22:29:05.989 [main] DEBUG io.netty.buffer.PooledByteBufAllocator - -Dio.netty.allocator.maxCachedBufferCapacity: 32768
2017-10-20 22:29:05.989 [main] DEBUG io.netty.buffer.PooledByteBufAllocator - -Dio.netty.allocator.cacheTrimInterval: 8192
2017-10-20 22:29:05.989 [main] DEBUG io.netty.buffer.PooledByteBufAllocator - -Dio.netty.allocator.useCacheForAllThreads: true
2017-10-20 22:29:05.996 [main] DEBUG io.netty.buffer.ByteBufUtil - -Dio.netty.allocator.type: pooled
2017-10-20 22:29:05.996 [main] DEBUG io.netty.buffer.ByteBufUtil - -Dio.netty.threadLocalDirectBufferSize: 65536
2017-10-20 22:29:05.996 [main] DEBUG io.netty.buffer.ByteBufUtil - -Dio.netty.maxThreadLocalCharBufferSize: 16384
