2017-10-09 21:49:30.579 [main] INFO  cc.litstar.core.MapReduce - Split book.txt
2017-10-09 21:49:30.687 [main] INFO  cc.litstar.core.MapReduce - DoMap: read split mrtmp.book.txt-0:95831
2017-10-09 21:49:30.758 [main] INFO  cc.litstar.core.MapReduce - DoMap: read split mrtmp.book.txt-1:93921
2017-10-09 21:49:30.814 [main] INFO  cc.litstar.core.MapReduce - DoMap: read split mrtmp.book.txt-2:95121
2017-10-09 21:49:30.870 [main] INFO  cc.litstar.core.MapReduce - DoMap: read split mrtmp.book.txt-3:94995
2017-10-09 21:49:30.906 [main] INFO  cc.litstar.core.MapReduce - DoMap: read split mrtmp.book.txt-4:94522
2017-10-09 21:49:30.943 [main] INFO  cc.litstar.core.MapReduce - DoMap: read split mrtmp.book.txt-5:95186
2017-10-09 21:49:30.987 [main] INFO  cc.litstar.core.MapReduce - DoMap: read split mrtmp.book.txt-6:94483
2017-10-09 21:49:31.029 [main] INFO  cc.litstar.core.MapReduce - DoMap: read split mrtmp.book.txt-7:95444
2017-10-09 21:49:31.088 [main] INFO  cc.litstar.core.MapReduce - DoMap: read split mrtmp.book.txt-8:94409
2017-10-09 21:49:31.122 [main] INFO  cc.litstar.core.MapReduce - DoMap: read split mrtmp.book.txt-9:89161
2017-10-09 21:56:41.709 [main] INFO  cc.litstar.core.MapReduce - Split book.txt
2017-10-09 21:56:41.816 [main] INFO  cc.litstar.core.MapReduce - DoMap: read split mrtmp.book.txt-0:95831
2017-10-09 21:56:41.891 [main] INFO  cc.litstar.core.MapReduce - DoMap: read split mrtmp.book.txt-1:93921
2017-10-09 21:56:41.947 [main] INFO  cc.litstar.core.MapReduce - DoMap: read split mrtmp.book.txt-2:95121
2017-10-09 21:56:42.018 [main] INFO  cc.litstar.core.MapReduce - DoMap: read split mrtmp.book.txt-3:94995
2017-10-09 21:56:42.062 [main] INFO  cc.litstar.core.MapReduce - DoMap: read split mrtmp.book.txt-4:94522
2017-10-09 21:56:42.097 [main] INFO  cc.litstar.core.MapReduce - DoMap: read split mrtmp.book.txt-5:95186
2017-10-09 21:56:42.153 [main] INFO  cc.litstar.core.MapReduce - DoMap: read split mrtmp.book.txt-6:94483
2017-10-09 21:56:42.204 [main] INFO  cc.litstar.core.MapReduce - DoMap: read split mrtmp.book.txt-7:95444
2017-10-09 21:56:42.261 [main] INFO  cc.litstar.core.MapReduce - DoMap: read split mrtmp.book.txt-8:94409
2017-10-09 21:56:42.310 [main] INFO  cc.litstar.core.MapReduce - DoMap: read split mrtmp.book.txt-9:89161
2017-10-09 21:58:02.012 [main] INFO  cc.litstar.core.MapReduce - Split book.txt
2017-10-09 21:58:02.123 [main] INFO  cc.litstar.core.MapReduce - DoMap: read split mrtmp.book.txt-0:95831
2017-10-09 21:58:02.214 [main] INFO  cc.litstar.core.MapReduce - DoMap: read split mrtmp.book.txt-1:93921
2017-10-09 21:58:02.274 [main] INFO  cc.litstar.core.MapReduce - DoMap: read split mrtmp.book.txt-2:95121
2017-10-09 21:58:02.332 [main] INFO  cc.litstar.core.MapReduce - DoMap: read split mrtmp.book.txt-3:94995
2017-10-09 21:58:02.365 [main] INFO  cc.litstar.core.MapReduce - DoMap: read split mrtmp.book.txt-4:94522
2017-10-09 21:58:02.406 [main] INFO  cc.litstar.core.MapReduce - DoMap: read split mrtmp.book.txt-5:95186
2017-10-09 21:58:02.457 [main] INFO  cc.litstar.core.MapReduce - DoMap: read split mrtmp.book.txt-6:94483
2017-10-09 21:58:02.503 [main] INFO  cc.litstar.core.MapReduce - DoMap: read split mrtmp.book.txt-7:95444
2017-10-09 21:58:02.561 [main] INFO  cc.litstar.core.MapReduce - DoMap: read split mrtmp.book.txt-8:94409
2017-10-09 21:58:02.598 [main] INFO  cc.litstar.core.MapReduce - DoMap: read split mrtmp.book.txt-9:89161
2017-10-09 21:58:45.808 [main] INFO  cc.litstar.core.MapReduce - Split book.txt
2017-10-09 21:58:45.911 [main] INFO  cc.litstar.core.MapReduce - DoMap: read split mrtmp.book.txt-0:95831
2017-10-09 21:58:45.983 [main] INFO  cc.litstar.core.MapReduce - DoMap: read split mrtmp.book.txt-1:93921
2017-10-09 21:58:46.041 [main] INFO  cc.litstar.core.MapReduce - DoMap: read split mrtmp.book.txt-2:95121
2017-10-09 21:58:46.111 [main] INFO  cc.litstar.core.MapReduce - DoMap: read split mrtmp.book.txt-3:94995
2017-10-09 21:58:46.157 [main] INFO  cc.litstar.core.MapReduce - DoMap: read split mrtmp.book.txt-4:94522
2017-10-09 21:58:46.195 [main] INFO  cc.litstar.core.MapReduce - DoMap: read split mrtmp.book.txt-5:95186
2017-10-09 21:58:46.241 [main] INFO  cc.litstar.core.MapReduce - DoMap: read split mrtmp.book.txt-6:94483
2017-10-09 21:58:46.284 [main] INFO  cc.litstar.core.MapReduce - DoMap: read split mrtmp.book.txt-7:95444
2017-10-09 21:58:46.335 [main] INFO  cc.litstar.core.MapReduce - DoMap: read split mrtmp.book.txt-8:94409
2017-10-09 21:58:46.377 [main] INFO  cc.litstar.core.MapReduce - DoMap: read split mrtmp.book.txt-9:89161
2017-10-09 22:10:17.991 [main] INFO  cc.litstar.core.MapReduce - Split book.txt
2017-10-09 22:10:18.104 [main] INFO  cc.litstar.core.MapReduce - DoMap: read split mrtmp.book.txt-0:95831
2017-10-09 22:10:18.180 [main] INFO  cc.litstar.core.MapReduce - DoMap: read split mrtmp.book.txt-1:93921
2017-10-09 22:10:18.243 [main] INFO  cc.litstar.core.MapReduce - DoMap: read split mrtmp.book.txt-2:95121
2017-10-09 22:10:18.301 [main] INFO  cc.litstar.core.MapReduce - DoMap: read split mrtmp.book.txt-3:94995
2017-10-09 22:10:18.341 [main] INFO  cc.litstar.core.MapReduce - DoMap: read split mrtmp.book.txt-4:94522
2017-10-09 22:10:18.381 [main] INFO  cc.litstar.core.MapReduce - DoMap: read split mrtmp.book.txt-5:95186
2017-10-09 22:10:18.435 [main] INFO  cc.litstar.core.MapReduce - DoMap: read split mrtmp.book.txt-6:94483
2017-10-09 22:10:18.484 [main] INFO  cc.litstar.core.MapReduce - DoMap: read split mrtmp.book.txt-7:95444
2017-10-09 22:10:18.542 [main] INFO  cc.litstar.core.MapReduce - DoMap: read split mrtmp.book.txt-8:94409
2017-10-09 22:10:18.583 [main] INFO  cc.litstar.core.MapReduce - DoMap: read split mrtmp.book.txt-9:89161
2017-10-09 22:12:39.490 [main] INFO  cc.litstar.core.MapReduce - Split book.txt
2017-10-09 22:12:39.588 [main] INFO  cc.litstar.core.MapReduce - DoMap: read split mrtmp.book.txt-0:95831
2017-10-09 22:12:39.663 [main] INFO  cc.litstar.core.MapReduce - DoMap: read split mrtmp.book.txt-1:93921
2017-10-09 22:12:39.743 [main] INFO  cc.litstar.core.MapReduce - DoMap: read split mrtmp.book.txt-2:95121
2017-10-09 22:12:39.846 [main] INFO  cc.litstar.core.MapReduce - DoMap: read split mrtmp.book.txt-3:94995
2017-10-09 22:12:39.901 [main] INFO  cc.litstar.core.MapReduce - DoMap: read split mrtmp.book.txt-4:94522
2017-10-09 22:12:39.931 [main] INFO  cc.litstar.core.MapReduce - DoMap: read split mrtmp.book.txt-5:95186
2017-10-09 22:12:39.976 [main] INFO  cc.litstar.core.MapReduce - DoMap: read split mrtmp.book.txt-6:94483
2017-10-09 22:12:40.020 [main] INFO  cc.litstar.core.MapReduce - DoMap: read split mrtmp.book.txt-7:95444
2017-10-09 22:12:40.079 [main] INFO  cc.litstar.core.MapReduce - DoMap: read split mrtmp.book.txt-8:94409
2017-10-09 22:12:40.114 [main] INFO  cc.litstar.core.MapReduce - DoMap: read split mrtmp.book.txt-9:89161
2017-10-09 22:14:34.916 [main] INFO  cc.litstar.core.MapReduce - Split book.txt
2017-10-09 22:14:35.006 [main] INFO  cc.litstar.core.MapReduce - DoMap: read split mrtmp.book.txt-0:95831
2017-10-09 22:14:35.074 [main] INFO  cc.litstar.core.MapReduce - DoMap: read split mrtmp.book.txt-1:93921
2017-10-09 22:14:35.139 [main] INFO  cc.litstar.core.MapReduce - DoMap: read split mrtmp.book.txt-2:95121
2017-10-09 22:14:35.204 [main] INFO  cc.litstar.core.MapReduce - DoMap: read split mrtmp.book.txt-3:94995
2017-10-09 22:14:35.238 [main] INFO  cc.litstar.core.MapReduce - DoMap: read split mrtmp.book.txt-4:94522
2017-10-09 22:14:35.275 [main] INFO  cc.litstar.core.MapReduce - DoMap: read split mrtmp.book.txt-5:95186
2017-10-09 22:14:35.324 [main] INFO  cc.litstar.core.MapReduce - DoMap: read split mrtmp.book.txt-6:94483
2017-10-09 22:14:35.370 [main] INFO  cc.litstar.core.MapReduce - DoMap: read split mrtmp.book.txt-7:95444
2017-10-09 22:14:35.421 [main] INFO  cc.litstar.core.MapReduce - DoMap: read split mrtmp.book.txt-8:94409
2017-10-09 22:14:35.460 [main] INFO  cc.litstar.core.MapReduce - DoMap: read split mrtmp.book.txt-9:89161
2017-10-09 22:15:44.219 [main] INFO  cc.litstar.core.MapReduce - Split book.txt
2017-10-09 22:15:44.319 [main] INFO  cc.litstar.core.MapReduce - DoMap: read split mrtmp.book.txt-0:95831
2017-10-09 22:15:44.390 [main] INFO  cc.litstar.core.MapReduce - DoMap: read split mrtmp.book.txt-1:93921
2017-10-09 22:15:44.443 [main] INFO  cc.litstar.core.MapReduce - DoMap: read split mrtmp.book.txt-2:95121
2017-10-09 22:15:44.511 [main] INFO  cc.litstar.core.MapReduce - DoMap: read split mrtmp.book.txt-3:94995
2017-10-09 22:15:44.557 [main] INFO  cc.litstar.core.MapReduce - DoMap: read split mrtmp.book.txt-4:94522
2017-10-09 22:15:44.596 [main] INFO  cc.litstar.core.MapReduce - DoMap: read split mrtmp.book.txt-5:95186
2017-10-09 22:15:44.647 [main] INFO  cc.litstar.core.MapReduce - DoMap: read split mrtmp.book.txt-6:94483
2017-10-09 22:15:44.691 [main] INFO  cc.litstar.core.MapReduce - DoMap: read split mrtmp.book.txt-7:95444
2017-10-09 22:15:44.739 [main] INFO  cc.litstar.core.MapReduce - DoMap: read split mrtmp.book.txt-8:94409
2017-10-09 22:15:44.776 [main] INFO  cc.litstar.core.MapReduce - DoMap: read split mrtmp.book.txt-9:89161
2017-10-09 22:17:27.656 [main] INFO  cc.litstar.core.MapReduce - Split book.txt
2017-10-09 22:17:27.759 [main] INFO  cc.litstar.core.MapReduce - DoMap: read split mrtmp.book.txt-0:95831
2017-10-09 22:17:27.833 [main] INFO  cc.litstar.core.MapReduce - DoMap: read split mrtmp.book.txt-1:93921
2017-10-09 22:17:27.887 [main] INFO  cc.litstar.core.MapReduce - DoMap: read split mrtmp.book.txt-2:95121
2017-10-09 22:17:27.952 [main] INFO  cc.litstar.core.MapReduce - DoMap: read split mrtmp.book.txt-3:94995
2017-10-09 22:17:27.986 [main] INFO  cc.litstar.core.MapReduce - DoMap: read split mrtmp.book.txt-4:94522
2017-10-09 22:17:28.023 [main] INFO  cc.litstar.core.MapReduce - DoMap: read split mrtmp.book.txt-5:95186
2017-10-09 22:17:28.067 [main] INFO  cc.litstar.core.MapReduce - DoMap: read split mrtmp.book.txt-6:94483
2017-10-09 22:17:28.114 [main] INFO  cc.litstar.core.MapReduce - DoMap: read split mrtmp.book.txt-7:95444
2017-10-09 22:17:28.177 [main] INFO  cc.litstar.core.MapReduce - DoMap: read split mrtmp.book.txt-8:94409
2017-10-09 22:17:28.224 [main] INFO  cc.litstar.core.MapReduce - DoMap: read split mrtmp.book.txt-9:89161
2017-10-09 22:18:22.359 [main] INFO  cc.litstar.core.MapReduce - Split book.txt
2017-10-09 22:18:22.517 [main] INFO  cc.litstar.core.MapReduce - DoMap: read split mrtmp.book.txt-0:95831
2017-10-09 22:18:22.589 [main] INFO  cc.litstar.core.MapReduce - DoMap: read split mrtmp.book.txt-1:93921
2017-10-09 22:18:22.640 [main] INFO  cc.litstar.core.MapReduce - DoMap: read split mrtmp.book.txt-2:95121
2017-10-09 22:18:22.702 [main] INFO  cc.litstar.core.MapReduce - DoMap: read split mrtmp.book.txt-3:94995
2017-10-09 22:18:22.735 [main] INFO  cc.litstar.core.MapReduce - DoMap: read split mrtmp.book.txt-4:94522
2017-10-09 22:18:22.772 [main] INFO  cc.litstar.core.MapReduce - DoMap: read split mrtmp.book.txt-5:95186
2017-10-09 22:18:22.820 [main] INFO  cc.litstar.core.MapReduce - DoMap: read split mrtmp.book.txt-6:94483
2017-10-09 22:18:22.868 [main] INFO  cc.litstar.core.MapReduce - DoMap: read split mrtmp.book.txt-7:95444
2017-10-09 22:18:22.933 [main] INFO  cc.litstar.core.MapReduce - DoMap: read split mrtmp.book.txt-8:94409
2017-10-09 22:18:22.976 [main] INFO  cc.litstar.core.MapReduce - DoMap: read split mrtmp.book.txt-9:89161
2017-10-09 22:19:26.835 [main] INFO  cc.litstar.core.MapReduce - Split book.txt
2017-10-09 22:19:26.934 [main] INFO  cc.litstar.core.MapReduce - DoMap: read split mrtmp.book.txt-0:95831
2017-10-09 22:19:27.005 [main] INFO  cc.litstar.core.MapReduce - DoMap: read split mrtmp.book.txt-1:93921
2017-10-09 22:19:27.057 [main] INFO  cc.litstar.core.MapReduce - DoMap: read split mrtmp.book.txt-2:95121
2017-10-09 22:19:27.116 [main] INFO  cc.litstar.core.MapReduce - DoMap: read split mrtmp.book.txt-3:94995
2017-10-09 22:19:27.160 [main] INFO  cc.litstar.core.MapReduce - DoMap: read split mrtmp.book.txt-4:94522
2017-10-09 22:19:27.188 [main] INFO  cc.litstar.core.MapReduce - DoMap: read split mrtmp.book.txt-5:95186
2017-10-09 22:19:27.225 [main] INFO  cc.litstar.core.MapReduce - DoMap: read split mrtmp.book.txt-6:94483
2017-10-09 22:19:27.261 [main] INFO  cc.litstar.core.MapReduce - DoMap: read split mrtmp.book.txt-7:95444
2017-10-09 22:19:27.309 [main] INFO  cc.litstar.core.MapReduce - DoMap: read split mrtmp.book.txt-8:94409
2017-10-09 22:19:27.346 [main] INFO  cc.litstar.core.MapReduce - DoMap: read split mrtmp.book.txt-9:89161
2017-10-09 22:20:22.137 [main] INFO  cc.litstar.core.MapReduce - Split book.txt
2017-10-09 22:20:22.234 [main] INFO  cc.litstar.core.MapReduce - DoMap: read split mrtmp.book.txt-0:95831
2017-10-09 22:20:22.307 [main] INFO  cc.litstar.core.MapReduce - DoMap: read split mrtmp.book.txt-1:93921
2017-10-09 22:20:22.378 [main] INFO  cc.litstar.core.MapReduce - DoMap: read split mrtmp.book.txt-2:95121
2017-10-09 22:20:22.438 [main] INFO  cc.litstar.core.MapReduce - DoMap: read split mrtmp.book.txt-3:94995
2017-10-09 22:20:22.470 [main] INFO  cc.litstar.core.MapReduce - DoMap: read split mrtmp.book.txt-4:94522
2017-10-09 22:20:22.507 [main] INFO  cc.litstar.core.MapReduce - DoMap: read split mrtmp.book.txt-5:95186
2017-10-09 22:20:22.552 [main] INFO  cc.litstar.core.MapReduce - DoMap: read split mrtmp.book.txt-6:94483
2017-10-09 22:20:22.589 [main] INFO  cc.litstar.core.MapReduce - DoMap: read split mrtmp.book.txt-7:95444
2017-10-09 22:20:22.649 [main] INFO  cc.litstar.core.MapReduce - DoMap: read split mrtmp.book.txt-8:94409
2017-10-09 22:20:22.694 [main] INFO  cc.litstar.core.MapReduce - DoMap: read split mrtmp.book.txt-9:89161
2017-10-09 22:21:58.843 [main] INFO  cc.litstar.core.MapReduce - Split book.txt
2017-10-09 22:21:58.942 [main] INFO  cc.litstar.core.MapReduce - DoMap: read split mrtmp.book.txt-0:95831
2017-10-09 22:21:59.012 [main] INFO  cc.litstar.core.MapReduce - DoMap: read split mrtmp.book.txt-1:93921
2017-10-09 22:21:59.067 [main] INFO  cc.litstar.core.MapReduce - DoMap: read split mrtmp.book.txt-2:95121
2017-10-09 22:21:59.131 [main] INFO  cc.litstar.core.MapReduce - DoMap: read split mrtmp.book.txt-3:94995
2017-10-09 22:21:59.179 [main] INFO  cc.litstar.core.MapReduce - DoMap: read split mrtmp.book.txt-4:94522
2017-10-09 22:21:59.215 [main] INFO  cc.litstar.core.MapReduce - DoMap: read split mrtmp.book.txt-5:95186
2017-10-09 22:21:59.269 [main] INFO  cc.litstar.core.MapReduce - DoMap: read split mrtmp.book.txt-6:94483
2017-10-09 22:21:59.318 [main] INFO  cc.litstar.core.MapReduce - DoMap: read split mrtmp.book.txt-7:95444
2017-10-09 22:21:59.374 [main] INFO  cc.litstar.core.MapReduce - DoMap: read split mrtmp.book.txt-8:94409
2017-10-09 22:21:59.415 [main] INFO  cc.litstar.core.MapReduce - DoMap: read split mrtmp.book.txt-9:89161
2017-10-09 22:22:26.250 [main] INFO  cc.litstar.core.MapReduce - Split book.txt
2017-10-09 22:22:26.378 [main] INFO  cc.litstar.core.MapReduce - DoMap: read split mrtmp.book.txt-0:95831
2017-10-09 22:22:26.480 [main] INFO  cc.litstar.core.MapReduce - DoMap: read split mrtmp.book.txt-1:93921
2017-10-09 22:22:26.594 [main] INFO  cc.litstar.core.MapReduce - DoMap: read split mrtmp.book.txt-2:95121
2017-10-09 22:22:26.655 [main] INFO  cc.litstar.core.MapReduce - DoMap: read split mrtmp.book.txt-3:94995
2017-10-09 22:22:26.687 [main] INFO  cc.litstar.core.MapReduce - DoMap: read split mrtmp.book.txt-4:94522
2017-10-09 22:22:26.718 [main] INFO  cc.litstar.core.MapReduce - DoMap: read split mrtmp.book.txt-5:95186
2017-10-09 22:22:26.775 [main] INFO  cc.litstar.core.MapReduce - DoMap: read split mrtmp.book.txt-6:94483
2017-10-09 22:22:26.818 [main] INFO  cc.litstar.core.MapReduce - DoMap: read split mrtmp.book.txt-7:95444
2017-10-09 22:22:26.869 [main] INFO  cc.litstar.core.MapReduce - DoMap: read split mrtmp.book.txt-8:94409
2017-10-09 22:22:26.909 [main] INFO  cc.litstar.core.MapReduce - DoMap: read split mrtmp.book.txt-9:89161
2017-10-09 22:24:00.029 [main] INFO  cc.litstar.core.MapReduce - Split book.txt
2017-10-09 22:24:00.160 [main] INFO  cc.litstar.core.MapReduce - DoMap: read split mrtmp.book.txt-0:95831
2017-10-09 22:24:00.229 [main] INFO  cc.litstar.core.MapReduce - DoMap: read split mrtmp.book.txt-1:93921
2017-10-09 22:24:00.288 [main] INFO  cc.litstar.core.MapReduce - DoMap: read split mrtmp.book.txt-2:95121
2017-10-09 22:24:00.348 [main] INFO  cc.litstar.core.MapReduce - DoMap: read split mrtmp.book.txt-3:94995
2017-10-09 22:24:00.379 [main] INFO  cc.litstar.core.MapReduce - DoMap: read split mrtmp.book.txt-4:94522
2017-10-09 22:24:00.416 [main] INFO  cc.litstar.core.MapReduce - DoMap: read split mrtmp.book.txt-5:95186
2017-10-09 22:24:00.463 [main] INFO  cc.litstar.core.MapReduce - DoMap: read split mrtmp.book.txt-6:94483
2017-10-09 22:24:00.505 [main] INFO  cc.litstar.core.MapReduce - DoMap: read split mrtmp.book.txt-7:95444
2017-10-09 22:24:00.560 [main] INFO  cc.litstar.core.MapReduce - DoMap: read split mrtmp.book.txt-8:94409
2017-10-09 22:24:00.601 [main] INFO  cc.litstar.core.MapReduce - DoMap: read split mrtmp.book.txt-9:89161
2017-10-09 22:24:41.861 [main] INFO  cc.litstar.core.MapReduce - Split book.txt
2017-10-09 22:24:41.963 [main] INFO  cc.litstar.core.MapReduce - DoMap: read split mrtmp.book.txt-0:95831
2017-10-09 22:24:42.038 [main] INFO  cc.litstar.core.MapReduce - DoMap: read split mrtmp.book.txt-1:93921
2017-10-09 22:24:42.093 [main] INFO  cc.litstar.core.MapReduce - DoMap: read split mrtmp.book.txt-2:95121
2017-10-09 22:24:42.151 [main] INFO  cc.litstar.core.MapReduce - DoMap: read split mrtmp.book.txt-3:94995
2017-10-09 22:24:42.192 [main] INFO  cc.litstar.core.MapReduce - DoMap: read split mrtmp.book.txt-4:94522
2017-10-09 22:24:42.226 [main] INFO  cc.litstar.core.MapReduce - DoMap: read split mrtmp.book.txt-5:95186
2017-10-09 22:24:42.277 [main] INFO  cc.litstar.core.MapReduce - DoMap: read split mrtmp.book.txt-6:94483
2017-10-09 22:24:42.341 [main] INFO  cc.litstar.core.MapReduce - DoMap: read split mrtmp.book.txt-7:95444
2017-10-09 22:24:42.413 [main] INFO  cc.litstar.core.MapReduce - DoMap: read split mrtmp.book.txt-8:94409
2017-10-09 22:24:42.646 [main] INFO  cc.litstar.core.MapReduce - DoMap: read split mrtmp.book.txt-9:89161
2017-10-09 22:25:27.299 [main] INFO  cc.litstar.core.MapReduce - Split book.txt
2017-10-09 22:25:27.405 [main] INFO  cc.litstar.core.MapReduce - DoMap: read split mrtmp.book.txt-0:95831
2017-10-09 22:25:27.476 [main] INFO  cc.litstar.core.MapReduce - DoMap: read split mrtmp.book.txt-1:93921
2017-10-09 22:25:27.536 [main] INFO  cc.litstar.core.MapReduce - DoMap: read split mrtmp.book.txt-2:95121
2017-10-09 22:25:27.595 [main] INFO  cc.litstar.core.MapReduce - DoMap: read split mrtmp.book.txt-3:94995
2017-10-09 22:25:27.629 [main] INFO  cc.litstar.core.MapReduce - DoMap: read split mrtmp.book.txt-4:94522
2017-10-09 22:25:27.667 [main] INFO  cc.litstar.core.MapReduce - DoMap: read split mrtmp.book.txt-5:95186
2017-10-09 22:25:27.723 [main] INFO  cc.litstar.core.MapReduce - DoMap: read split mrtmp.book.txt-6:94483
2017-10-09 22:25:27.765 [main] INFO  cc.litstar.core.MapReduce - DoMap: read split mrtmp.book.txt-7:95444
2017-10-09 22:25:27.823 [main] INFO  cc.litstar.core.MapReduce - DoMap: read split mrtmp.book.txt-8:94409
2017-10-09 22:25:27.860 [main] INFO  cc.litstar.core.MapReduce - DoMap: read split mrtmp.book.txt-9:89161
2017-10-09 22:25:50.869 [main] INFO  cc.litstar.core.MapReduce - Split book.txt
2017-10-09 22:25:50.973 [main] INFO  cc.litstar.core.MapReduce - DoMap: read split mrtmp.book.txt-0:95831
2017-10-09 22:25:51.047 [main] INFO  cc.litstar.core.MapReduce - DoMap: read split mrtmp.book.txt-1:93921
2017-10-09 22:25:51.106 [main] INFO  cc.litstar.core.MapReduce - DoMap: read split mrtmp.book.txt-2:95121
2017-10-09 22:25:51.176 [main] INFO  cc.litstar.core.MapReduce - DoMap: read split mrtmp.book.txt-3:94995
2017-10-09 22:25:51.217 [main] INFO  cc.litstar.core.MapReduce - DoMap: read split mrtmp.book.txt-4:94522
2017-10-09 22:25:51.252 [main] INFO  cc.litstar.core.MapReduce - DoMap: read split mrtmp.book.txt-5:95186
2017-10-09 22:25:51.306 [main] INFO  cc.litstar.core.MapReduce - DoMap: read split mrtmp.book.txt-6:94483
2017-10-09 22:25:51.358 [main] INFO  cc.litstar.core.MapReduce - DoMap: read split mrtmp.book.txt-7:95444
2017-10-09 22:25:51.402 [main] INFO  cc.litstar.core.MapReduce - DoMap: read split mrtmp.book.txt-8:94409
2017-10-09 22:25:51.445 [main] INFO  cc.litstar.core.MapReduce - DoMap: read split mrtmp.book.txt-9:89161
2017-10-09 22:28:05.830 [main] INFO  cc.litstar.core.MapReduce - Split book.txt
2017-10-09 22:28:05.933 [main] INFO  cc.litstar.core.MapReduce - DoMap: read split mrtmp.book.txt-0:95831
2017-10-09 22:28:06.004 [main] INFO  cc.litstar.core.MapReduce - DoMap: read split mrtmp.book.txt-1:93921
2017-10-09 22:28:06.061 [main] INFO  cc.litstar.core.MapReduce - DoMap: read split mrtmp.book.txt-2:95121
2017-10-09 22:28:06.121 [main] INFO  cc.litstar.core.MapReduce - DoMap: read split mrtmp.book.txt-3:94995
2017-10-09 22:28:06.152 [main] INFO  cc.litstar.core.MapReduce - DoMap: read split mrtmp.book.txt-4:94522
2017-10-09 22:28:06.189 [main] INFO  cc.litstar.core.MapReduce - DoMap: read split mrtmp.book.txt-5:95186
2017-10-09 22:28:06.238 [main] INFO  cc.litstar.core.MapReduce - DoMap: read split mrtmp.book.txt-6:94483
2017-10-09 22:28:06.290 [main] INFO  cc.litstar.core.MapReduce - DoMap: read split mrtmp.book.txt-7:95444
2017-10-09 22:28:06.340 [main] INFO  cc.litstar.core.MapReduce - DoMap: read split mrtmp.book.txt-8:94409
2017-10-09 22:28:06.378 [main] INFO  cc.litstar.core.MapReduce - DoMap: read split mrtmp.book.txt-9:89161
2017-10-09 22:32:03.210 [main] INFO  cc.litstar.core.MapReduce - Split book.txt
2017-10-09 22:32:03.308 [main] INFO  cc.litstar.core.MapReduce - DoMap: read split mrtmp.book.txt-0:95831
2017-10-09 22:32:03.391 [main] INFO  cc.litstar.core.MapReduce - DoMap: read split mrtmp.book.txt-1:93921
2017-10-09 22:32:03.452 [main] INFO  cc.litstar.core.MapReduce - DoMap: read split mrtmp.book.txt-2:95121
2017-10-09 22:32:03.519 [main] INFO  cc.litstar.core.MapReduce - DoMap: read split mrtmp.book.txt-3:94995
2017-10-09 22:32:03.550 [main] INFO  cc.litstar.core.MapReduce - DoMap: read split mrtmp.book.txt-4:94522
2017-10-09 22:32:03.591 [main] INFO  cc.litstar.core.MapReduce - DoMap: read split mrtmp.book.txt-5:95186
2017-10-09 22:32:03.637 [main] INFO  cc.litstar.core.MapReduce - DoMap: read split mrtmp.book.txt-6:94483
2017-10-09 22:32:03.679 [main] INFO  cc.litstar.core.MapReduce - DoMap: read split mrtmp.book.txt-7:95444
2017-10-09 22:32:03.735 [main] INFO  cc.litstar.core.MapReduce - DoMap: read split mrtmp.book.txt-8:94409
2017-10-09 22:32:03.780 [main] INFO  cc.litstar.core.MapReduce - DoMap: read split mrtmp.book.txt-9:89161
2017-10-09 22:39:34.465 [main] INFO  cc.litstar.core.MapReduce - Split book.txt
2017-10-09 22:39:34.565 [main] INFO  cc.litstar.core.MapReduce - DoMap: read split mrtmp.book.txt-0:95831
2017-10-09 22:39:34.646 [main] INFO  cc.litstar.core.MapReduce - DoMap: read split mrtmp.book.txt-1:93921
2017-10-09 22:39:34.706 [main] INFO  cc.litstar.core.MapReduce - DoMap: read split mrtmp.book.txt-2:95121
2017-10-09 22:39:34.775 [main] INFO  cc.litstar.core.MapReduce - DoMap: read split mrtmp.book.txt-3:94995
2017-10-09 22:39:34.810 [main] INFO  cc.litstar.core.MapReduce - DoMap: read split mrtmp.book.txt-4:94522
2017-10-09 22:39:34.849 [main] INFO  cc.litstar.core.MapReduce - DoMap: read split mrtmp.book.txt-5:95186
2017-10-09 22:39:34.898 [main] INFO  cc.litstar.core.MapReduce - DoMap: read split mrtmp.book.txt-6:94483
2017-10-09 22:39:34.942 [main] INFO  cc.litstar.core.MapReduce - DoMap: read split mrtmp.book.txt-7:95444
2017-10-09 22:39:34.997 [main] INFO  cc.litstar.core.MapReduce - DoMap: read split mrtmp.book.txt-8:94409
2017-10-09 22:39:35.042 [main] INFO  cc.litstar.core.MapReduce - DoMap: read split mrtmp.book.txt-9:89161
2017-10-09 22:39:35.116 [main] INFO  cc.litstar.core.MapReduce - DoReduce: read split mrtmp.book.txt-0-0
2017-10-09 22:39:35.116 [main] INFO  cc.litstar.core.MapReduce - DoReduce: read split mrtmp.book.txt-1-0
2017-10-09 22:39:35.116 [main] INFO  cc.litstar.core.MapReduce - DoReduce: read split mrtmp.book.txt-2-0
2017-10-09 22:39:35.116 [main] INFO  cc.litstar.core.MapReduce - DoReduce: read split mrtmp.book.txt-3-0
2017-10-09 22:39:35.116 [main] INFO  cc.litstar.core.MapReduce - DoReduce: read split mrtmp.book.txt-4-0
2017-10-09 22:39:35.444 [main] INFO  cc.litstar.core.MapReduce - DoReduce: read split mrtmp.book.txt-0-1
2017-10-09 22:39:35.444 [main] INFO  cc.litstar.core.MapReduce - DoReduce: read split mrtmp.book.txt-1-1
2017-10-09 22:39:35.444 [main] INFO  cc.litstar.core.MapReduce - DoReduce: read split mrtmp.book.txt-2-1
2017-10-09 22:39:35.444 [main] INFO  cc.litstar.core.MapReduce - DoReduce: read split mrtmp.book.txt-3-1
2017-10-09 22:39:35.444 [main] INFO  cc.litstar.core.MapReduce - DoReduce: read split mrtmp.book.txt-4-1
2017-10-09 22:39:35.861 [main] INFO  cc.litstar.core.MapReduce - DoReduce: read split mrtmp.book.txt-0-2
2017-10-09 22:39:35.861 [main] INFO  cc.litstar.core.MapReduce - DoReduce: read split mrtmp.book.txt-1-2
2017-10-09 22:39:35.861 [main] INFO  cc.litstar.core.MapReduce - DoReduce: read split mrtmp.book.txt-2-2
2017-10-09 22:39:35.861 [main] INFO  cc.litstar.core.MapReduce - DoReduce: read split mrtmp.book.txt-3-2
2017-10-09 22:39:35.861 [main] INFO  cc.litstar.core.MapReduce - DoReduce: read split mrtmp.book.txt-4-2
2017-10-09 22:39:36.092 [main] INFO  cc.litstar.core.MapReduce - DoReduce: read split mrtmp.book.txt-0-3
2017-10-09 22:39:36.093 [main] INFO  cc.litstar.core.MapReduce - DoReduce: read split mrtmp.book.txt-1-3
2017-10-09 22:39:36.093 [main] INFO  cc.litstar.core.MapReduce - DoReduce: read split mrtmp.book.txt-2-3
2017-10-09 22:39:36.093 [main] INFO  cc.litstar.core.MapReduce - DoReduce: read split mrtmp.book.txt-3-3
2017-10-09 22:39:36.093 [main] INFO  cc.litstar.core.MapReduce - DoReduce: read split mrtmp.book.txt-4-3
2017-10-09 22:39:36.310 [main] INFO  cc.litstar.core.MapReduce - DoReduce: read split mrtmp.book.txt-0-4
2017-10-09 22:39:36.310 [main] INFO  cc.litstar.core.MapReduce - DoReduce: read split mrtmp.book.txt-1-4
2017-10-09 22:39:36.310 [main] INFO  cc.litstar.core.MapReduce - DoReduce: read split mrtmp.book.txt-2-4
2017-10-09 22:39:36.311 [main] INFO  cc.litstar.core.MapReduce - DoReduce: read split mrtmp.book.txt-3-4
2017-10-09 22:39:36.311 [main] INFO  cc.litstar.core.MapReduce - DoReduce: read split mrtmp.book.txt-4-4
2017-10-09 22:54:02.528 [main] INFO  cc.litstar.core.MapReduce - Split book.txt
2017-10-09 22:54:02.634 [main] INFO  cc.litstar.core.MapReduce - DoMap: read split mrtmp.book.txt-0:95831
2017-10-09 22:54:02.703 [main] INFO  cc.litstar.core.MapReduce - DoMap: read split mrtmp.book.txt-1:93921
2017-10-09 22:54:02.761 [main] INFO  cc.litstar.core.MapReduce - DoMap: read split mrtmp.book.txt-2:95121
2017-10-09 22:54:02.823 [main] INFO  cc.litstar.core.MapReduce - DoMap: read split mrtmp.book.txt-3:94995
2017-10-09 22:54:02.854 [main] INFO  cc.litstar.core.MapReduce - DoMap: read split mrtmp.book.txt-4:94522
2017-10-09 22:54:02.888 [main] INFO  cc.litstar.core.MapReduce - DoMap: read split mrtmp.book.txt-5:95186
2017-10-09 22:54:02.942 [main] INFO  cc.litstar.core.MapReduce - DoMap: read split mrtmp.book.txt-6:94483
2017-10-09 22:54:02.981 [main] INFO  cc.litstar.core.MapReduce - DoMap: read split mrtmp.book.txt-7:95444
2017-10-09 22:54:03.036 [main] INFO  cc.litstar.core.MapReduce - DoMap: read split mrtmp.book.txt-8:94409
2017-10-09 22:54:03.077 [main] INFO  cc.litstar.core.MapReduce - DoMap: read split mrtmp.book.txt-9:89161
2017-10-09 22:54:03.145 [main] INFO  cc.litstar.core.MapReduce - DoReduce: read split mrtmp.book.txt-0-0
2017-10-09 22:54:03.145 [main] INFO  cc.litstar.core.MapReduce - DoReduce: read split mrtmp.book.txt-1-0
2017-10-09 22:54:03.145 [main] INFO  cc.litstar.core.MapReduce - DoReduce: read split mrtmp.book.txt-2-0
2017-10-09 22:54:03.145 [main] INFO  cc.litstar.core.MapReduce - DoReduce: read split mrtmp.book.txt-3-0
2017-10-09 22:54:03.146 [main] INFO  cc.litstar.core.MapReduce - DoReduce: read split mrtmp.book.txt-4-0
2017-10-09 22:54:03.472 [main] INFO  cc.litstar.core.MapReduce - DoReduce: read split mrtmp.book.txt-0-1
2017-10-09 22:54:03.472 [main] INFO  cc.litstar.core.MapReduce - DoReduce: read split mrtmp.book.txt-1-1
2017-10-09 22:54:03.472 [main] INFO  cc.litstar.core.MapReduce - DoReduce: read split mrtmp.book.txt-2-1
2017-10-09 22:54:03.472 [main] INFO  cc.litstar.core.MapReduce - DoReduce: read split mrtmp.book.txt-3-1
2017-10-09 22:54:03.473 [main] INFO  cc.litstar.core.MapReduce - DoReduce: read split mrtmp.book.txt-4-1
2017-10-09 22:54:03.895 [main] INFO  cc.litstar.core.MapReduce - DoReduce: read split mrtmp.book.txt-0-2
2017-10-09 22:54:03.896 [main] INFO  cc.litstar.core.MapReduce - DoReduce: read split mrtmp.book.txt-1-2
2017-10-09 22:54:03.896 [main] INFO  cc.litstar.core.MapReduce - DoReduce: read split mrtmp.book.txt-2-2
2017-10-09 22:54:03.896 [main] INFO  cc.litstar.core.MapReduce - DoReduce: read split mrtmp.book.txt-3-2
2017-10-09 22:54:03.896 [main] INFO  cc.litstar.core.MapReduce - DoReduce: read split mrtmp.book.txt-4-2
2017-10-09 22:54:04.164 [main] INFO  cc.litstar.core.MapReduce - DoReduce: read split mrtmp.book.txt-0-3
2017-10-09 22:54:04.164 [main] INFO  cc.litstar.core.MapReduce - DoReduce: read split mrtmp.book.txt-1-3
2017-10-09 22:54:04.164 [main] INFO  cc.litstar.core.MapReduce - DoReduce: read split mrtmp.book.txt-2-3
2017-10-09 22:54:04.165 [main] INFO  cc.litstar.core.MapReduce - DoReduce: read split mrtmp.book.txt-3-3
2017-10-09 22:54:04.165 [main] INFO  cc.litstar.core.MapReduce - DoReduce: read split mrtmp.book.txt-4-3
2017-10-09 22:54:04.468 [main] INFO  cc.litstar.core.MapReduce - DoReduce: read split mrtmp.book.txt-0-4
2017-10-09 22:54:04.469 [main] INFO  cc.litstar.core.MapReduce - DoReduce: read split mrtmp.book.txt-1-4
2017-10-09 22:54:04.469 [main] INFO  cc.litstar.core.MapReduce - DoReduce: read split mrtmp.book.txt-2-4
2017-10-09 22:54:04.469 [main] INFO  cc.litstar.core.MapReduce - DoReduce: read split mrtmp.book.txt-3-4
2017-10-09 22:54:04.469 [main] INFO  cc.litstar.core.MapReduce - DoReduce: read split mrtmp.book.txt-4-4
2017-10-09 23:04:56.416 [main] INFO  cc.litstar.core.MapReduce - Split book.txt
2017-10-09 23:04:56.515 [main] INFO  cc.litstar.core.MapReduce - DoMap: read split mrtmp.book.txt-0:95831
2017-10-09 23:04:56.585 [main] INFO  cc.litstar.core.MapReduce - DoMap: read split mrtmp.book.txt-1:93921
2017-10-09 23:04:56.641 [main] INFO  cc.litstar.core.MapReduce - DoMap: read split mrtmp.book.txt-2:95121
2017-10-09 23:04:56.705 [main] INFO  cc.litstar.core.MapReduce - DoMap: read split mrtmp.book.txt-3:94995
2017-10-09 23:04:56.737 [main] INFO  cc.litstar.core.MapReduce - DoMap: read split mrtmp.book.txt-4:94522
2017-10-09 23:04:56.778 [main] INFO  cc.litstar.core.MapReduce - DoMap: read split mrtmp.book.txt-5:95186
2017-10-09 23:04:56.822 [main] INFO  cc.litstar.core.MapReduce - DoMap: read split mrtmp.book.txt-6:94483
2017-10-09 23:04:56.868 [main] INFO  cc.litstar.core.MapReduce - DoMap: read split mrtmp.book.txt-7:95444
2017-10-09 23:04:56.922 [main] INFO  cc.litstar.core.MapReduce - DoMap: read split mrtmp.book.txt-8:94409
2017-10-09 23:04:56.954 [main] INFO  cc.litstar.core.MapReduce - DoMap: read split mrtmp.book.txt-9:89161
2017-10-09 23:04:57.021 [main] INFO  cc.litstar.core.MapReduce - DoReduce: read split mrtmp.book.txt-0-0
2017-10-09 23:04:57.021 [main] INFO  cc.litstar.core.MapReduce - DoReduce: read split mrtmp.book.txt-1-0
2017-10-09 23:04:57.021 [main] INFO  cc.litstar.core.MapReduce - DoReduce: read split mrtmp.book.txt-2-0
2017-10-09 23:04:57.021 [main] INFO  cc.litstar.core.MapReduce - DoReduce: read split mrtmp.book.txt-3-0
2017-10-09 23:04:57.021 [main] INFO  cc.litstar.core.MapReduce - DoReduce: read split mrtmp.book.txt-4-0
2017-10-09 23:04:57.387 [main] INFO  cc.litstar.core.MapReduce - DoReduce: read split mrtmp.book.txt-0-1
2017-10-09 23:04:57.388 [main] INFO  cc.litstar.core.MapReduce - DoReduce: read split mrtmp.book.txt-1-1
2017-10-09 23:04:57.388 [main] INFO  cc.litstar.core.MapReduce - DoReduce: read split mrtmp.book.txt-2-1
2017-10-09 23:04:57.388 [main] INFO  cc.litstar.core.MapReduce - DoReduce: read split mrtmp.book.txt-3-1
2017-10-09 23:04:57.388 [main] INFO  cc.litstar.core.MapReduce - DoReduce: read split mrtmp.book.txt-4-1
2017-10-09 23:04:57.789 [main] INFO  cc.litstar.core.MapReduce - DoReduce: read split mrtmp.book.txt-0-2
2017-10-09 23:04:57.789 [main] INFO  cc.litstar.core.MapReduce - DoReduce: read split mrtmp.book.txt-1-2
2017-10-09 23:04:57.790 [main] INFO  cc.litstar.core.MapReduce - DoReduce: read split mrtmp.book.txt-2-2
2017-10-09 23:04:57.790 [main] INFO  cc.litstar.core.MapReduce - DoReduce: read split mrtmp.book.txt-3-2
2017-10-09 23:04:57.790 [main] INFO  cc.litstar.core.MapReduce - DoReduce: read split mrtmp.book.txt-4-2
2017-10-09 23:04:58.040 [main] INFO  cc.litstar.core.MapReduce - DoReduce: read split mrtmp.book.txt-0-3
2017-10-09 23:04:58.041 [main] INFO  cc.litstar.core.MapReduce - DoReduce: read split mrtmp.book.txt-1-3
2017-10-09 23:04:58.041 [main] INFO  cc.litstar.core.MapReduce - DoReduce: read split mrtmp.book.txt-2-3
2017-10-09 23:04:58.041 [main] INFO  cc.litstar.core.MapReduce - DoReduce: read split mrtmp.book.txt-3-3
2017-10-09 23:04:58.041 [main] INFO  cc.litstar.core.MapReduce - DoReduce: read split mrtmp.book.txt-4-3
2017-10-09 23:04:58.256 [main] INFO  cc.litstar.core.MapReduce - DoReduce: read split mrtmp.book.txt-0-4
2017-10-09 23:04:58.256 [main] INFO  cc.litstar.core.MapReduce - DoReduce: read split mrtmp.book.txt-1-4
2017-10-09 23:04:58.256 [main] INFO  cc.litstar.core.MapReduce - DoReduce: read split mrtmp.book.txt-2-4
2017-10-09 23:04:58.256 [main] INFO  cc.litstar.core.MapReduce - DoReduce: read split mrtmp.book.txt-3-4
2017-10-09 23:04:58.256 [main] INFO  cc.litstar.core.MapReduce - DoReduce: read split mrtmp.book.txt-4-4
2017-10-09 23:04:58.430 [main] INFO  cc.litstar.core.MapReduce - DoMerge: read split mrtmp.book.txt-res-0
2017-10-09 23:04:58.431 [main] INFO  cc.litstar.core.MapReduce - DoMerge: read split mrtmp.book.txt-res-1
2017-10-09 23:04:58.431 [main] INFO  cc.litstar.core.MapReduce - DoMerge: read split mrtmp.book.txt-res-2
2017-10-09 23:04:58.431 [main] INFO  cc.litstar.core.MapReduce - DoMerge: read split mrtmp.book.txt-res-3
2017-10-09 23:04:58.431 [main] INFO  cc.litstar.core.MapReduce - DoMerge: read split mrtmp.book.txt-res-4
2017-10-09 23:06:01.530 [main] INFO  cc.litstar.core.MapReduce - Split book.txt
2017-10-09 23:06:01.632 [main] INFO  cc.litstar.core.MapReduce - DoMap: read split mrtmp.book.txt-0:95831
2017-10-09 23:06:01.702 [main] INFO  cc.litstar.core.MapReduce - DoMap: read split mrtmp.book.txt-1:93921
2017-10-09 23:06:01.766 [main] INFO  cc.litstar.core.MapReduce - DoMap: read split mrtmp.book.txt-2:95121
2017-10-09 23:06:01.834 [main] INFO  cc.litstar.core.MapReduce - DoMap: read split mrtmp.book.txt-3:94995
2017-10-09 23:06:01.868 [main] INFO  cc.litstar.core.MapReduce - DoMap: read split mrtmp.book.txt-4:94522
2017-10-09 23:06:01.908 [main] INFO  cc.litstar.core.MapReduce - DoMap: read split mrtmp.book.txt-5:95186
2017-10-09 23:06:01.962 [main] INFO  cc.litstar.core.MapReduce - DoMap: read split mrtmp.book.txt-6:94483
2017-10-09 23:06:02.009 [main] INFO  cc.litstar.core.MapReduce - DoMap: read split mrtmp.book.txt-7:95444
2017-10-09 23:06:02.068 [main] INFO  cc.litstar.core.MapReduce - DoMap: read split mrtmp.book.txt-8:94409
2017-10-09 23:06:02.105 [main] INFO  cc.litstar.core.MapReduce - DoMap: read split mrtmp.book.txt-9:89161
2017-10-09 23:06:02.166 [main] INFO  cc.litstar.core.MapReduce - DoReduce: read split mrtmp.book.txt-0-0
2017-10-09 23:06:02.166 [main] INFO  cc.litstar.core.MapReduce - DoReduce: read split mrtmp.book.txt-1-0
2017-10-09 23:06:02.166 [main] INFO  cc.litstar.core.MapReduce - DoReduce: read split mrtmp.book.txt-2-0
2017-10-09 23:06:02.166 [main] INFO  cc.litstar.core.MapReduce - DoReduce: read split mrtmp.book.txt-3-0
2017-10-09 23:06:02.166 [main] INFO  cc.litstar.core.MapReduce - DoReduce: read split mrtmp.book.txt-4-0
2017-10-09 23:06:02.502 [main] INFO  cc.litstar.core.MapReduce - DoReduce: read split mrtmp.book.txt-0-1
2017-10-09 23:06:02.502 [main] INFO  cc.litstar.core.MapReduce - DoReduce: read split mrtmp.book.txt-1-1
2017-10-09 23:06:02.502 [main] INFO  cc.litstar.core.MapReduce - DoReduce: read split mrtmp.book.txt-2-1
2017-10-09 23:06:02.503 [main] INFO  cc.litstar.core.MapReduce - DoReduce: read split mrtmp.book.txt-3-1
2017-10-09 23:06:02.503 [main] INFO  cc.litstar.core.MapReduce - DoReduce: read split mrtmp.book.txt-4-1
2017-10-09 23:06:02.747 [main] INFO  cc.litstar.core.MapReduce - DoReduce: read split mrtmp.book.txt-0-2
2017-10-09 23:06:02.748 [main] INFO  cc.litstar.core.MapReduce - DoReduce: read split mrtmp.book.txt-1-2
2017-10-09 23:06:02.748 [main] INFO  cc.litstar.core.MapReduce - DoReduce: read split mrtmp.book.txt-2-2
2017-10-09 23:06:02.748 [main] INFO  cc.litstar.core.MapReduce - DoReduce: read split mrtmp.book.txt-3-2
2017-10-09 23:06:02.748 [main] INFO  cc.litstar.core.MapReduce - DoReduce: read split mrtmp.book.txt-4-2
2017-10-09 23:06:03.018 [main] INFO  cc.litstar.core.MapReduce - DoReduce: read split mrtmp.book.txt-0-3
2017-10-09 23:06:03.018 [main] INFO  cc.litstar.core.MapReduce - DoReduce: read split mrtmp.book.txt-1-3
2017-10-09 23:06:03.018 [main] INFO  cc.litstar.core.MapReduce - DoReduce: read split mrtmp.book.txt-2-3
2017-10-09 23:06:03.018 [main] INFO  cc.litstar.core.MapReduce - DoReduce: read split mrtmp.book.txt-3-3
2017-10-09 23:06:03.018 [main] INFO  cc.litstar.core.MapReduce - DoReduce: read split mrtmp.book.txt-4-3
2017-10-09 23:06:03.244 [main] INFO  cc.litstar.core.MapReduce - DoReduce: read split mrtmp.book.txt-0-4
2017-10-09 23:06:03.244 [main] INFO  cc.litstar.core.MapReduce - DoReduce: read split mrtmp.book.txt-1-4
2017-10-09 23:06:03.244 [main] INFO  cc.litstar.core.MapReduce - DoReduce: read split mrtmp.book.txt-2-4
2017-10-09 23:06:03.244 [main] INFO  cc.litstar.core.MapReduce - DoReduce: read split mrtmp.book.txt-3-4
2017-10-09 23:06:03.244 [main] INFO  cc.litstar.core.MapReduce - DoReduce: read split mrtmp.book.txt-4-4
2017-10-09 23:06:03.631 [main] INFO  cc.litstar.core.MapReduce - DoMerge: read split mrtmp.book.txt-res-0
2017-10-09 23:06:03.631 [main] INFO  cc.litstar.core.MapReduce - DoMerge: read split mrtmp.book.txt-res-1
2017-10-09 23:06:03.631 [main] INFO  cc.litstar.core.MapReduce - DoMerge: read split mrtmp.book.txt-res-2
2017-10-09 23:06:03.631 [main] INFO  cc.litstar.core.MapReduce - DoMerge: read split mrtmp.book.txt-res-3
2017-10-09 23:06:03.631 [main] INFO  cc.litstar.core.MapReduce - DoMerge: read split mrtmp.book.txt-res-4
2017-10-09 23:12:26.980 [main] INFO  cc.litstar.core.MapReduce - Split book.txt
2017-10-09 23:12:27.083 [main] INFO  cc.litstar.core.MapReduce - DoMap: read split mrtmp.book.txt-0:95831
2017-10-09 23:12:27.158 [main] INFO  cc.litstar.core.MapReduce - DoMap: read split mrtmp.book.txt-1:93921
2017-10-09 23:12:27.223 [main] INFO  cc.litstar.core.MapReduce - DoMap: read split mrtmp.book.txt-2:95121
2017-10-09 23:12:27.298 [main] INFO  cc.litstar.core.MapReduce - DoMap: read split mrtmp.book.txt-3:94995
2017-10-09 23:12:27.336 [main] INFO  cc.litstar.core.MapReduce - DoMap: read split mrtmp.book.txt-4:94522
2017-10-09 23:12:27.380 [main] INFO  cc.litstar.core.MapReduce - DoMap: read split mrtmp.book.txt-5:95186
2017-10-09 23:12:27.425 [main] INFO  cc.litstar.core.MapReduce - DoMap: read split mrtmp.book.txt-6:94483
2017-10-09 23:12:27.471 [main] INFO  cc.litstar.core.MapReduce - DoMap: read split mrtmp.book.txt-7:95444
2017-10-09 23:12:27.528 [main] INFO  cc.litstar.core.MapReduce - DoMap: read split mrtmp.book.txt-8:94409
2017-10-09 23:12:27.574 [main] INFO  cc.litstar.core.MapReduce - DoMap: read split mrtmp.book.txt-9:89161
2017-10-09 23:12:27.648 [main] INFO  cc.litstar.core.MapReduce - DoReduce: read split mrtmp.book.txt-0-0
2017-10-09 23:12:27.649 [main] INFO  cc.litstar.core.MapReduce - DoReduce: read split mrtmp.book.txt-1-0
2017-10-09 23:12:27.649 [main] INFO  cc.litstar.core.MapReduce - DoReduce: read split mrtmp.book.txt-2-0
2017-10-09 23:12:27.649 [main] INFO  cc.litstar.core.MapReduce - DoReduce: read split mrtmp.book.txt-3-0
2017-10-09 23:12:27.649 [main] INFO  cc.litstar.core.MapReduce - DoReduce: read split mrtmp.book.txt-4-0
2017-10-09 23:12:28.009 [main] INFO  cc.litstar.core.MapReduce - DoReduce: read split mrtmp.book.txt-0-1
2017-10-09 23:12:28.009 [main] INFO  cc.litstar.core.MapReduce - DoReduce: read split mrtmp.book.txt-1-1
2017-10-09 23:12:28.009 [main] INFO  cc.litstar.core.MapReduce - DoReduce: read split mrtmp.book.txt-2-1
2017-10-09 23:12:28.009 [main] INFO  cc.litstar.core.MapReduce - DoReduce: read split mrtmp.book.txt-3-1
2017-10-09 23:12:28.009 [main] INFO  cc.litstar.core.MapReduce - DoReduce: read split mrtmp.book.txt-4-1
2017-10-09 23:12:28.265 [main] INFO  cc.litstar.core.MapReduce - DoReduce: read split mrtmp.book.txt-0-2
2017-10-09 23:12:28.266 [main] INFO  cc.litstar.core.MapReduce - DoReduce: read split mrtmp.book.txt-1-2
2017-10-09 23:12:28.266 [main] INFO  cc.litstar.core.MapReduce - DoReduce: read split mrtmp.book.txt-2-2
2017-10-09 23:12:28.266 [main] INFO  cc.litstar.core.MapReduce - DoReduce: read split mrtmp.book.txt-3-2
2017-10-09 23:12:28.266 [main] INFO  cc.litstar.core.MapReduce - DoReduce: read split mrtmp.book.txt-4-2
2017-10-09 23:12:28.499 [main] INFO  cc.litstar.core.MapReduce - DoReduce: read split mrtmp.book.txt-0-3
2017-10-09 23:12:28.499 [main] INFO  cc.litstar.core.MapReduce - DoReduce: read split mrtmp.book.txt-1-3
2017-10-09 23:12:28.499 [main] INFO  cc.litstar.core.MapReduce - DoReduce: read split mrtmp.book.txt-2-3
2017-10-09 23:12:28.499 [main] INFO  cc.litstar.core.MapReduce - DoReduce: read split mrtmp.book.txt-3-3
2017-10-09 23:12:28.499 [main] INFO  cc.litstar.core.MapReduce - DoReduce: read split mrtmp.book.txt-4-3
2017-10-09 23:12:28.700 [main] INFO  cc.litstar.core.MapReduce - DoReduce: read split mrtmp.book.txt-0-4
2017-10-09 23:12:28.700 [main] INFO  cc.litstar.core.MapReduce - DoReduce: read split mrtmp.book.txt-1-4
2017-10-09 23:12:28.700 [main] INFO  cc.litstar.core.MapReduce - DoReduce: read split mrtmp.book.txt-2-4
2017-10-09 23:12:28.700 [main] INFO  cc.litstar.core.MapReduce - DoReduce: read split mrtmp.book.txt-3-4
2017-10-09 23:12:28.700 [main] INFO  cc.litstar.core.MapReduce - DoReduce: read split mrtmp.book.txt-4-4
2017-10-09 23:12:28.879 [main] INFO  cc.litstar.core.MapReduce - DoMerge: read split mrtmp.book.txt-res-0
2017-10-09 23:12:28.880 [main] INFO  cc.litstar.core.MapReduce - DoMerge: read split mrtmp.book.txt-res-1
2017-10-09 23:12:28.880 [main] INFO  cc.litstar.core.MapReduce - DoMerge: read split mrtmp.book.txt-res-2
2017-10-09 23:12:28.880 [main] INFO  cc.litstar.core.MapReduce - DoMerge: read split mrtmp.book.txt-res-3
2017-10-09 23:12:28.880 [main] INFO  cc.litstar.core.MapReduce - DoMerge: read split mrtmp.book.txt-res-4
2017-10-09 23:13:26.509 [main] INFO  cc.litstar.core.MapReduce - Split book.txt
2017-10-09 23:13:26.610 [main] INFO  cc.litstar.core.MapReduce - DoMap: read split mrtmp.book.txt-0:95831
2017-10-09 23:13:26.679 [main] INFO  cc.litstar.core.MapReduce - DoMap: read split mrtmp.book.txt-1:93921
2017-10-09 23:13:26.740 [main] INFO  cc.litstar.core.MapReduce - DoMap: read split mrtmp.book.txt-2:95121
2017-10-09 23:13:26.801 [main] INFO  cc.litstar.core.MapReduce - DoMap: read split mrtmp.book.txt-3:94995
2017-10-09 23:13:26.834 [main] INFO  cc.litstar.core.MapReduce - DoMap: read split mrtmp.book.txt-4:94522
2017-10-09 23:13:26.871 [main] INFO  cc.litstar.core.MapReduce - DoMap: read split mrtmp.book.txt-5:95186
2017-10-09 23:13:26.924 [main] INFO  cc.litstar.core.MapReduce - DoMap: read split mrtmp.book.txt-6:94483
2017-10-09 23:13:26.972 [main] INFO  cc.litstar.core.MapReduce - DoMap: read split mrtmp.book.txt-7:95444
2017-10-09 23:13:27.031 [main] INFO  cc.litstar.core.MapReduce - DoMap: read split mrtmp.book.txt-8:94409
2017-10-09 23:13:27.079 [main] INFO  cc.litstar.core.MapReduce - DoMap: read split mrtmp.book.txt-9:89161
2017-10-09 23:13:27.203 [main] INFO  cc.litstar.core.MapReduce - DoReduce: read split mrtmp.book.txt-0-0
2017-10-09 23:13:27.203 [main] INFO  cc.litstar.core.MapReduce - DoReduce: read split mrtmp.book.txt-1-0
2017-10-09 23:13:27.204 [main] INFO  cc.litstar.core.MapReduce - DoReduce: read split mrtmp.book.txt-2-0
2017-10-09 23:13:27.204 [main] INFO  cc.litstar.core.MapReduce - DoReduce: read split mrtmp.book.txt-3-0
2017-10-09 23:13:27.204 [main] INFO  cc.litstar.core.MapReduce - DoReduce: read split mrtmp.book.txt-4-0
2017-10-09 23:13:27.625 [main] INFO  cc.litstar.core.MapReduce - DoReduce: read split mrtmp.book.txt-0-1
2017-10-09 23:13:27.625 [main] INFO  cc.litstar.core.MapReduce - DoReduce: read split mrtmp.book.txt-1-1
2017-10-09 23:13:27.625 [main] INFO  cc.litstar.core.MapReduce - DoReduce: read split mrtmp.book.txt-2-1
2017-10-09 23:13:27.625 [main] INFO  cc.litstar.core.MapReduce - DoReduce: read split mrtmp.book.txt-3-1
2017-10-09 23:13:27.626 [main] INFO  cc.litstar.core.MapReduce - DoReduce: read split mrtmp.book.txt-4-1
2017-10-09 23:13:27.891 [main] INFO  cc.litstar.core.MapReduce - DoReduce: read split mrtmp.book.txt-0-2
2017-10-09 23:13:27.892 [main] INFO  cc.litstar.core.MapReduce - DoReduce: read split mrtmp.book.txt-1-2
2017-10-09 23:13:27.892 [main] INFO  cc.litstar.core.MapReduce - DoReduce: read split mrtmp.book.txt-2-2
2017-10-09 23:13:27.892 [main] INFO  cc.litstar.core.MapReduce - DoReduce: read split mrtmp.book.txt-3-2
2017-10-09 23:13:27.892 [main] INFO  cc.litstar.core.MapReduce - DoReduce: read split mrtmp.book.txt-4-2
2017-10-09 23:13:28.154 [main] INFO  cc.litstar.core.MapReduce - DoReduce: read split mrtmp.book.txt-0-3
2017-10-09 23:13:28.155 [main] INFO  cc.litstar.core.MapReduce - DoReduce: read split mrtmp.book.txt-1-3
2017-10-09 23:13:28.155 [main] INFO  cc.litstar.core.MapReduce - DoReduce: read split mrtmp.book.txt-2-3
2017-10-09 23:13:28.155 [main] INFO  cc.litstar.core.MapReduce - DoReduce: read split mrtmp.book.txt-3-3
2017-10-09 23:13:28.155 [main] INFO  cc.litstar.core.MapReduce - DoReduce: read split mrtmp.book.txt-4-3
2017-10-09 23:13:28.586 [main] INFO  cc.litstar.core.MapReduce - DoReduce: read split mrtmp.book.txt-0-4
2017-10-09 23:13:28.586 [main] INFO  cc.litstar.core.MapReduce - DoReduce: read split mrtmp.book.txt-1-4
2017-10-09 23:13:28.586 [main] INFO  cc.litstar.core.MapReduce - DoReduce: read split mrtmp.book.txt-2-4
2017-10-09 23:13:28.586 [main] INFO  cc.litstar.core.MapReduce - DoReduce: read split mrtmp.book.txt-3-4
2017-10-09 23:13:28.586 [main] INFO  cc.litstar.core.MapReduce - DoReduce: read split mrtmp.book.txt-4-4
2017-10-09 23:13:28.806 [main] INFO  cc.litstar.core.MapReduce - DoMerge: read split mrtmp.book.txt-res-0
2017-10-09 23:13:28.806 [main] INFO  cc.litstar.core.MapReduce - DoMerge: read split mrtmp.book.txt-res-1
2017-10-09 23:13:28.806 [main] INFO  cc.litstar.core.MapReduce - DoMerge: read split mrtmp.book.txt-res-2
2017-10-09 23:13:28.806 [main] INFO  cc.litstar.core.MapReduce - DoMerge: read split mrtmp.book.txt-res-3
2017-10-09 23:13:28.806 [main] INFO  cc.litstar.core.MapReduce - DoMerge: read split mrtmp.book.txt-res-4
2017-10-09 23:15:39.191 [main] INFO  cc.litstar.core.MapReduce - Split book.txt
2017-10-09 23:15:39.292 [main] INFO  cc.litstar.core.MapReduce - DoMap: read split mrtmp.book.txt-0:95831
2017-10-09 23:15:39.366 [main] INFO  cc.litstar.core.MapReduce - DoMap: read split mrtmp.book.txt-1:93921
2017-10-09 23:15:39.424 [main] INFO  cc.litstar.core.MapReduce - DoMap: read split mrtmp.book.txt-2:95121
2017-10-09 23:15:39.493 [main] INFO  cc.litstar.core.MapReduce - DoMap: read split mrtmp.book.txt-3:94995
2017-10-09 23:15:39.538 [main] INFO  cc.litstar.core.MapReduce - DoMap: read split mrtmp.book.txt-4:94522
2017-10-09 23:15:39.573 [main] INFO  cc.litstar.core.MapReduce - DoMap: read split mrtmp.book.txt-5:95186
2017-10-09 23:15:39.625 [main] INFO  cc.litstar.core.MapReduce - DoMap: read split mrtmp.book.txt-6:94483
2017-10-09 23:15:39.680 [main] INFO  cc.litstar.core.MapReduce - DoMap: read split mrtmp.book.txt-7:95444
2017-10-09 23:15:39.737 [main] INFO  cc.litstar.core.MapReduce - DoMap: read split mrtmp.book.txt-8:94409
2017-10-09 23:15:39.773 [main] INFO  cc.litstar.core.MapReduce - DoMap: read split mrtmp.book.txt-9:89161
2017-10-09 23:15:39.847 [main] INFO  cc.litstar.core.MapReduce - DoReduce: read split mrtmp.book.txt-0-0
2017-10-09 23:15:39.847 [main] INFO  cc.litstar.core.MapReduce - DoReduce: read split mrtmp.book.txt-1-0
2017-10-09 23:15:39.847 [main] INFO  cc.litstar.core.MapReduce - DoReduce: read split mrtmp.book.txt-2-0
2017-10-09 23:15:39.847 [main] INFO  cc.litstar.core.MapReduce - DoReduce: read split mrtmp.book.txt-3-0
2017-10-09 23:15:39.847 [main] INFO  cc.litstar.core.MapReduce - DoReduce: read split mrtmp.book.txt-4-0
2017-10-09 23:15:40.189 [main] INFO  cc.litstar.core.MapReduce - DoReduce: read split mrtmp.book.txt-0-1
2017-10-09 23:15:40.189 [main] INFO  cc.litstar.core.MapReduce - DoReduce: read split mrtmp.book.txt-1-1
2017-10-09 23:15:40.189 [main] INFO  cc.litstar.core.MapReduce - DoReduce: read split mrtmp.book.txt-2-1
2017-10-09 23:15:40.189 [main] INFO  cc.litstar.core.MapReduce - DoReduce: read split mrtmp.book.txt-3-1
2017-10-09 23:15:40.189 [main] INFO  cc.litstar.core.MapReduce - DoReduce: read split mrtmp.book.txt-4-1
2017-10-09 23:15:40.470 [main] INFO  cc.litstar.core.MapReduce - DoReduce: read split mrtmp.book.txt-0-2
2017-10-09 23:15:40.471 [main] INFO  cc.litstar.core.MapReduce - DoReduce: read split mrtmp.book.txt-1-2
2017-10-09 23:15:40.471 [main] INFO  cc.litstar.core.MapReduce - DoReduce: read split mrtmp.book.txt-2-2
2017-10-09 23:15:40.471 [main] INFO  cc.litstar.core.MapReduce - DoReduce: read split mrtmp.book.txt-3-2
2017-10-09 23:15:40.471 [main] INFO  cc.litstar.core.MapReduce - DoReduce: read split mrtmp.book.txt-4-2
2017-10-09 23:15:40.699 [main] INFO  cc.litstar.core.MapReduce - DoReduce: read split mrtmp.book.txt-0-3
2017-10-09 23:15:40.701 [main] INFO  cc.litstar.core.MapReduce - DoReduce: read split mrtmp.book.txt-1-3
2017-10-09 23:15:40.701 [main] INFO  cc.litstar.core.MapReduce - DoReduce: read split mrtmp.book.txt-2-3
2017-10-09 23:15:40.701 [main] INFO  cc.litstar.core.MapReduce - DoReduce: read split mrtmp.book.txt-3-3
2017-10-09 23:15:40.701 [main] INFO  cc.litstar.core.MapReduce - DoReduce: read split mrtmp.book.txt-4-3
2017-10-09 23:15:40.938 [main] INFO  cc.litstar.core.MapReduce - DoReduce: read split mrtmp.book.txt-0-4
2017-10-09 23:15:40.939 [main] INFO  cc.litstar.core.MapReduce - DoReduce: read split mrtmp.book.txt-1-4
2017-10-09 23:15:40.939 [main] INFO  cc.litstar.core.MapReduce - DoReduce: read split mrtmp.book.txt-2-4
2017-10-09 23:15:40.939 [main] INFO  cc.litstar.core.MapReduce - DoReduce: read split mrtmp.book.txt-3-4
2017-10-09 23:15:40.939 [main] INFO  cc.litstar.core.MapReduce - DoReduce: read split mrtmp.book.txt-4-4
2017-10-09 23:15:41.271 [main] INFO  cc.litstar.core.MapReduce - DoMerge: read split mrtmp.book.txt-res-0
2017-10-09 23:15:41.271 [main] INFO  cc.litstar.core.MapReduce - DoMerge: read split mrtmp.book.txt-res-1
2017-10-09 23:15:41.271 [main] INFO  cc.litstar.core.MapReduce - DoMerge: read split mrtmp.book.txt-res-2
2017-10-09 23:15:41.271 [main] INFO  cc.litstar.core.MapReduce - DoMerge: read split mrtmp.book.txt-res-3
2017-10-09 23:15:41.271 [main] INFO  cc.litstar.core.MapReduce - DoMerge: read split mrtmp.book.txt-res-4
