2017-10-13 15:32:15.413 [Thread-1] DEBUG io.netty.util.internal.logging.InternalLoggerFactory - Using SLF4J as the default logging framework
2017-10-13 15:32:15.417 [Thread-1] DEBUG io.netty.channel.MultithreadEventLoopGroup - -Dio.netty.eventLoopThreads: 8
2017-10-13 15:32:15.450 [Thread-1] DEBUG io.netty.util.internal.PlatformDependent - Platform: Windows
2017-10-13 15:32:15.452 [Thread-1] DEBUG io.netty.util.internal.PlatformDependent0 - -Dio.netty.noUnsafe: false
2017-10-13 15:32:15.452 [Thread-1] DEBUG io.netty.util.internal.PlatformDependent0 - Java version: 8
2017-10-13 15:32:15.453 [Thread-1] DEBUG io.netty.util.internal.PlatformDependent0 - sun.misc.Unsafe.theUnsafe: available
2017-10-13 15:32:15.454 [Thread-1] DEBUG io.netty.util.internal.PlatformDependent0 - sun.misc.Unsafe.copyMemory: available
2017-10-13 15:32:15.454 [Thread-1] DEBUG io.netty.util.internal.PlatformDependent0 - java.nio.Buffer.address: available
2017-10-13 15:32:15.455 [Thread-1] DEBUG io.netty.util.internal.PlatformDependent0 - direct buffer constructor: available
2017-10-13 15:32:15.455 [Thread-1] DEBUG io.netty.util.internal.PlatformDependent0 - java.nio.Bits.unaligned: available, true
2017-10-13 15:32:15.455 [Thread-1] DEBUG io.netty.util.internal.PlatformDependent0 - jdk.internal.misc.Unsafe.allocateUninitializedArray(int): unavailable prior to Java9
2017-10-13 15:32:15.456 [Thread-1] DEBUG io.netty.util.internal.PlatformDependent0 - java.nio.DirectByteBuffer.<init>(long, int): available
2017-10-13 15:32:15.456 [Thread-1] DEBUG io.netty.util.internal.PlatformDependent - sun.misc.Unsafe: available
2017-10-13 15:32:15.456 [Thread-1] DEBUG io.netty.util.internal.PlatformDependent - -Dio.netty.tmpdir: C:\Users\HEHAOX~1\AppData\Local\Temp (java.io.tmpdir)
2017-10-13 15:32:15.456 [Thread-1] DEBUG io.netty.util.internal.PlatformDependent - -Dio.netty.bitMode: 64 (sun.arch.data.model)
2017-10-13 15:32:15.457 [Thread-1] DEBUG io.netty.util.internal.PlatformDependent - -Dio.netty.noPreferDirect: false
2017-10-13 15:32:15.458 [Thread-1] DEBUG io.netty.util.internal.PlatformDependent - -Dio.netty.maxDirectMemory: 1883242496 bytes
2017-10-13 15:32:15.458 [Thread-1] DEBUG io.netty.util.internal.PlatformDependent - -Dio.netty.uninitializedArrayAllocationThreshold: -1
2017-10-13 15:32:15.459 [Thread-1] DEBUG io.netty.util.internal.CleanerJava6 - java.nio.ByteBuffer.cleaner(): available
2017-10-13 15:32:15.474 [Thread-1] DEBUG io.netty.channel.nio.NioEventLoop - -Dio.netty.noKeySetOptimization: false
2017-10-13 15:32:15.474 [Thread-1] DEBUG io.netty.channel.nio.NioEventLoop - -Dio.netty.selectorAutoRebuildThreshold: 512
2017-10-13 15:32:15.481 [Thread-1] DEBUG io.netty.util.internal.PlatformDependent - org.jctools-core.MpscChunkedArrayQueue: available
2017-10-13 15:32:15.596 [Thread-1] DEBUG io.netty.channel.DefaultChannelId - -Dio.netty.processId: 9976 (auto-detected)
2017-10-13 15:32:15.597 [Thread-1] DEBUG io.netty.util.NetUtil - -Djava.net.preferIPv4Stack: false
2017-10-13 15:32:15.597 [Thread-1] DEBUG io.netty.util.NetUtil - -Djava.net.preferIPv6Addresses: false
2017-10-13 15:32:15.638 [Thread-1] DEBUG io.netty.util.NetUtil - Loopback interface: lo (Software Loopback Interface 1, 127.0.0.1)
2017-10-13 15:32:15.638 [Thread-1] DEBUG io.netty.util.NetUtil - Failed to get SOMAXCONN from sysctl and file \proc\sys\net\core\somaxconn. Default: 200
2017-10-13 15:32:15.694 [Thread-1] DEBUG io.netty.channel.DefaultChannelId - -Dio.netty.machineId: 00:00:00:00:00:00:00:e0 (auto-detected)
2017-10-13 15:32:15.699 [Thread-1] DEBUG io.netty.util.internal.InternalThreadLocalMap - -Dio.netty.threadLocalMap.stringBuilder.initialSize: 1024
2017-10-13 15:32:15.699 [Thread-1] DEBUG io.netty.util.internal.InternalThreadLocalMap - -Dio.netty.threadLocalMap.stringBuilder.maxSize: 4096
2017-10-13 15:32:15.707 [Thread-1] DEBUG io.netty.util.ResourceLeakDetector - -Dio.netty.leakDetection.level: simple
2017-10-13 15:32:15.707 [Thread-1] DEBUG io.netty.util.ResourceLeakDetector - -Dio.netty.leakDetection.maxRecords: 4
2017-10-13 15:32:15.708 [Thread-1] DEBUG io.netty.util.ResourceLeakDetector - -Dio.netty.leakDetection.maxSampledRecords: 40
2017-10-13 15:32:15.732 [Thread-1] DEBUG io.netty.buffer.PooledByteBufAllocator - -Dio.netty.allocator.numHeapArenas: 8
2017-10-13 15:32:15.733 [Thread-1] DEBUG io.netty.buffer.PooledByteBufAllocator - -Dio.netty.allocator.numDirectArenas: 8
2017-10-13 15:32:15.733 [Thread-1] DEBUG io.netty.buffer.PooledByteBufAllocator - -Dio.netty.allocator.pageSize: 8192
2017-10-13 15:32:15.733 [Thread-1] DEBUG io.netty.buffer.PooledByteBufAllocator - -Dio.netty.allocator.maxOrder: 11
2017-10-13 15:32:15.733 [Thread-1] DEBUG io.netty.buffer.PooledByteBufAllocator - -Dio.netty.allocator.chunkSize: 16777216
2017-10-13 15:32:15.733 [Thread-1] DEBUG io.netty.buffer.PooledByteBufAllocator - -Dio.netty.allocator.tinyCacheSize: 512
2017-10-13 15:32:15.733 [Thread-1] DEBUG io.netty.buffer.PooledByteBufAllocator - -Dio.netty.allocator.smallCacheSize: 256
2017-10-13 15:32:15.733 [Thread-1] DEBUG io.netty.buffer.PooledByteBufAllocator - -Dio.netty.allocator.normalCacheSize: 64
2017-10-13 15:32:15.733 [Thread-1] DEBUG io.netty.buffer.PooledByteBufAllocator - -Dio.netty.allocator.maxCachedBufferCapacity: 32768
2017-10-13 15:32:15.733 [Thread-1] DEBUG io.netty.buffer.PooledByteBufAllocator - -Dio.netty.allocator.cacheTrimInterval: 8192
2017-10-13 15:32:15.733 [Thread-1] DEBUG io.netty.buffer.PooledByteBufAllocator - -Dio.netty.allocator.useCacheForAllThreads: true
2017-10-13 15:32:15.742 [Thread-1] DEBUG io.netty.buffer.ByteBufUtil - -Dio.netty.allocator.type: pooled
2017-10-13 15:32:15.742 [Thread-1] DEBUG io.netty.buffer.ByteBufUtil - -Dio.netty.threadLocalDirectBufferSize: 65536
2017-10-13 15:32:15.742 [Thread-1] DEBUG io.netty.buffer.ByteBufUtil - -Dio.netty.maxThreadLocalCharBufferSize: 16384
2017-10-13 15:32:43.607 [main] DEBUG io.netty.util.internal.logging.InternalLoggerFactory - Using SLF4J as the default logging framework
2017-10-13 15:32:43.612 [main] DEBUG io.netty.channel.MultithreadEventLoopGroup - -Dio.netty.eventLoopThreads: 8
2017-10-13 15:32:43.630 [main] DEBUG io.netty.util.internal.PlatformDependent - Platform: Windows
2017-10-13 15:32:43.632 [main] DEBUG io.netty.util.internal.PlatformDependent0 - -Dio.netty.noUnsafe: false
2017-10-13 15:32:43.632 [main] DEBUG io.netty.util.internal.PlatformDependent0 - Java version: 8
2017-10-13 15:32:43.633 [main] DEBUG io.netty.util.internal.PlatformDependent0 - sun.misc.Unsafe.theUnsafe: available
2017-10-13 15:32:43.634 [main] DEBUG io.netty.util.internal.PlatformDependent0 - sun.misc.Unsafe.copyMemory: available
2017-10-13 15:32:43.634 [main] DEBUG io.netty.util.internal.PlatformDependent0 - java.nio.Buffer.address: available
2017-10-13 15:32:43.635 [main] DEBUG io.netty.util.internal.PlatformDependent0 - direct buffer constructor: available
2017-10-13 15:32:43.636 [main] DEBUG io.netty.util.internal.PlatformDependent0 - java.nio.Bits.unaligned: available, true
2017-10-13 15:32:43.636 [main] DEBUG io.netty.util.internal.PlatformDependent0 - jdk.internal.misc.Unsafe.allocateUninitializedArray(int): unavailable prior to Java9
2017-10-13 15:32:43.636 [main] DEBUG io.netty.util.internal.PlatformDependent0 - java.nio.DirectByteBuffer.<init>(long, int): available
2017-10-13 15:32:43.636 [main] DEBUG io.netty.util.internal.PlatformDependent - sun.misc.Unsafe: available
2017-10-13 15:32:43.637 [main] DEBUG io.netty.util.internal.PlatformDependent - -Dio.netty.tmpdir: C:\Users\HEHAOX~1\AppData\Local\Temp (java.io.tmpdir)
2017-10-13 15:32:43.637 [main] DEBUG io.netty.util.internal.PlatformDependent - -Dio.netty.bitMode: 64 (sun.arch.data.model)
2017-10-13 15:32:43.638 [main] DEBUG io.netty.util.internal.PlatformDependent - -Dio.netty.noPreferDirect: false
2017-10-13 15:32:43.639 [main] DEBUG io.netty.util.internal.PlatformDependent - -Dio.netty.maxDirectMemory: 1883242496 bytes
2017-10-13 15:32:43.639 [main] DEBUG io.netty.util.internal.PlatformDependent - -Dio.netty.uninitializedArrayAllocationThreshold: -1
2017-10-13 15:32:43.640 [main] DEBUG io.netty.util.internal.CleanerJava6 - java.nio.ByteBuffer.cleaner(): available
2017-10-13 15:32:43.653 [main] DEBUG io.netty.channel.nio.NioEventLoop - -Dio.netty.noKeySetOptimization: false
2017-10-13 15:32:43.654 [main] DEBUG io.netty.channel.nio.NioEventLoop - -Dio.netty.selectorAutoRebuildThreshold: 512
2017-10-13 15:32:43.660 [main] DEBUG io.netty.util.internal.PlatformDependent - org.jctools-core.MpscChunkedArrayQueue: available
2017-10-13 15:32:43.808 [main] DEBUG io.netty.channel.DefaultChannelId - -Dio.netty.processId: 4324 (auto-detected)
2017-10-13 15:32:43.810 [main] DEBUG io.netty.util.NetUtil - -Djava.net.preferIPv4Stack: false
2017-10-13 15:32:43.810 [main] DEBUG io.netty.util.NetUtil - -Djava.net.preferIPv6Addresses: false
2017-10-13 15:32:43.852 [main] DEBUG io.netty.util.NetUtil - Loopback interface: lo (Software Loopback Interface 1, 127.0.0.1)
2017-10-13 15:32:43.853 [main] DEBUG io.netty.util.NetUtil - Failed to get SOMAXCONN from sysctl and file \proc\sys\net\core\somaxconn. Default: 200
2017-10-13 15:32:43.908 [main] DEBUG io.netty.channel.DefaultChannelId - -Dio.netty.machineId: 00:00:00:00:00:00:00:e0 (auto-detected)
2017-10-13 15:32:43.912 [main] DEBUG io.netty.util.internal.InternalThreadLocalMap - -Dio.netty.threadLocalMap.stringBuilder.initialSize: 1024
2017-10-13 15:32:43.912 [main] DEBUG io.netty.util.internal.InternalThreadLocalMap - -Dio.netty.threadLocalMap.stringBuilder.maxSize: 4096
2017-10-13 15:32:43.918 [main] DEBUG io.netty.util.ResourceLeakDetector - -Dio.netty.leakDetection.level: simple
2017-10-13 15:32:43.919 [main] DEBUG io.netty.util.ResourceLeakDetector - -Dio.netty.leakDetection.maxRecords: 4
2017-10-13 15:32:43.919 [main] DEBUG io.netty.util.ResourceLeakDetector - -Dio.netty.leakDetection.maxSampledRecords: 40
2017-10-13 15:32:43.934 [main] DEBUG io.netty.buffer.PooledByteBufAllocator - -Dio.netty.allocator.numHeapArenas: 8
2017-10-13 15:32:43.935 [main] DEBUG io.netty.buffer.PooledByteBufAllocator - -Dio.netty.allocator.numDirectArenas: 8
2017-10-13 15:32:43.935 [main] DEBUG io.netty.buffer.PooledByteBufAllocator - -Dio.netty.allocator.pageSize: 8192
2017-10-13 15:32:43.935 [main] DEBUG io.netty.buffer.PooledByteBufAllocator - -Dio.netty.allocator.maxOrder: 11
2017-10-13 15:32:43.935 [main] DEBUG io.netty.buffer.PooledByteBufAllocator - -Dio.netty.allocator.chunkSize: 16777216
2017-10-13 15:32:43.935 [main] DEBUG io.netty.buffer.PooledByteBufAllocator - -Dio.netty.allocator.tinyCacheSize: 512
2017-10-13 15:32:43.935 [main] DEBUG io.netty.buffer.PooledByteBufAllocator - -Dio.netty.allocator.smallCacheSize: 256
2017-10-13 15:32:43.935 [main] DEBUG io.netty.buffer.PooledByteBufAllocator - -Dio.netty.allocator.normalCacheSize: 64
2017-10-13 15:32:43.935 [main] DEBUG io.netty.buffer.PooledByteBufAllocator - -Dio.netty.allocator.maxCachedBufferCapacity: 32768
2017-10-13 15:32:43.935 [main] DEBUG io.netty.buffer.PooledByteBufAllocator - -Dio.netty.allocator.cacheTrimInterval: 8192
2017-10-13 15:32:43.935 [main] DEBUG io.netty.buffer.PooledByteBufAllocator - -Dio.netty.allocator.useCacheForAllThreads: true
2017-10-13 15:32:43.941 [main] DEBUG io.netty.buffer.ByteBufUtil - -Dio.netty.allocator.type: pooled
2017-10-13 15:32:43.942 [main] DEBUG io.netty.buffer.ByteBufUtil - -Dio.netty.threadLocalDirectBufferSize: 65536
2017-10-13 15:32:43.942 [main] DEBUG io.netty.buffer.ByteBufUtil - -Dio.netty.maxThreadLocalCharBufferSize: 16384
2017-10-13 15:32:43.964 [nioEventLoopGroup-2-1] DEBUG io.netty.util.Recycler - -Dio.netty.recycler.maxCapacityPerThread: 32768
2017-10-13 15:32:43.964 [nioEventLoopGroup-2-1] DEBUG io.netty.util.Recycler - -Dio.netty.recycler.maxSharedCapacityFactor: 2
2017-10-13 15:32:43.964 [nioEventLoopGroup-2-1] DEBUG io.netty.util.Recycler - -Dio.netty.recycler.linkCapacity: 16
2017-10-13 15:32:43.964 [nioEventLoopGroup-2-1] DEBUG io.netty.util.Recycler - -Dio.netty.recycler.ratio: 8
2017-10-13 15:32:43.976 [nioEventLoopGroup-2-1] DEBUG io.netty.buffer.AbstractByteBuf - -Dio.netty.buffer.bytebuf.checkAccessible: true
2017-10-13 15:32:43.977 [nioEventLoopGroup-2-1] DEBUG io.netty.util.ResourceLeakDetectorFactory - Loaded default ResourceLeakDetector: io.netty.util.ResourceLeakDetector@7a4f08e5
2017-10-13 15:32:43.983 [nioEventLoopGroup-3-1] DEBUG io.netty.util.Recycler - -Dio.netty.recycler.maxCapacityPerThread: 32768
2017-10-13 15:32:43.983 [nioEventLoopGroup-3-1] DEBUG io.netty.util.Recycler - -Dio.netty.recycler.maxSharedCapacityFactor: 2
2017-10-13 15:32:43.983 [nioEventLoopGroup-3-1] DEBUG io.netty.util.Recycler - -Dio.netty.recycler.linkCapacity: 16
2017-10-13 15:32:43.983 [nioEventLoopGroup-3-1] DEBUG io.netty.util.Recycler - -Dio.netty.recycler.ratio: 8
2017-10-13 15:32:43.991 [nioEventLoopGroup-3-1] DEBUG io.netty.buffer.AbstractByteBuf - -Dio.netty.buffer.bytebuf.checkAccessible: true
2017-10-13 15:32:43.992 [nioEventLoopGroup-3-1] DEBUG io.netty.util.ResourceLeakDetectorFactory - Loaded default ResourceLeakDetector: io.netty.util.ResourceLeakDetector@51bd1364
