19:39:52.037 [main] INFO cc.litstar.config.ConfReader - Starting reading information from config file
19:39:52.110 [main] INFO cc.litstar.config.ConfReader - Reading config.json finished
19:39:52.110 [main] INFO cc.litstar.main.StartMapReduce - Run as worker
19:39:52.138 [main] DEBUG io.netty.util.internal.logging.InternalLoggerFactory - Using SLF4J as the default logging framework
19:39:52.140 [main] DEBUG io.netty.channel.MultithreadEventLoopGroup - -Dio.netty.eventLoopThreads: 8
19:39:52.172 [main] DEBUG io.netty.util.internal.PlatformDependent0 - -Dio.netty.noUnsafe: false
19:39:52.172 [main] DEBUG io.netty.util.internal.PlatformDependent0 - Java version: 8
19:39:52.173 [main] DEBUG io.netty.util.internal.PlatformDependent0 - sun.misc.Unsafe.theUnsafe: available
19:39:52.174 [main] DEBUG io.netty.util.internal.PlatformDependent0 - sun.misc.Unsafe.copyMemory: available
19:39:52.175 [main] DEBUG io.netty.util.internal.PlatformDependent0 - java.nio.Buffer.address: available
19:39:52.176 [main] DEBUG io.netty.util.internal.PlatformDependent0 - direct buffer constructor: available
19:39:52.176 [main] DEBUG io.netty.util.internal.PlatformDependent0 - java.nio.Bits.unaligned: available, true
19:39:52.177 [main] DEBUG io.netty.util.internal.PlatformDependent0 - jdk.internal.misc.Unsafe.allocateUninitializedArray(int): unavailable prior to Java9
19:39:52.177 [main] DEBUG io.netty.util.internal.PlatformDependent0 - java.nio.DirectByteBuffer.<init>(long, int): available
19:39:52.177 [main] DEBUG io.netty.util.internal.PlatformDependent - sun.misc.Unsafe: available
19:39:52.177 [main] DEBUG io.netty.util.internal.PlatformDependent - -Dio.netty.tmpdir: /tmp (java.io.tmpdir)
19:39:52.177 [main] DEBUG io.netty.util.internal.PlatformDependent - -Dio.netty.bitMode: 64 (sun.arch.data.model)
19:39:52.179 [main] DEBUG io.netty.util.internal.PlatformDependent - -Dio.netty.noPreferDirect: false
19:39:52.179 [main] DEBUG io.netty.util.internal.PlatformDependent - -Dio.netty.maxDirectMemory: 894959616 bytes
19:39:52.179 [main] DEBUG io.netty.util.internal.PlatformDependent - -Dio.netty.uninitializedArrayAllocationThreshold: -1
19:39:52.180 [main] DEBUG io.netty.util.internal.CleanerJava6 - java.nio.ByteBuffer.cleaner(): available
19:39:52.201 [main] DEBUG io.netty.channel.nio.NioEventLoop - -Dio.netty.noKeySetOptimization: false
19:39:52.201 [main] DEBUG io.netty.channel.nio.NioEventLoop - -Dio.netty.selectorAutoRebuildThreshold: 512
19:39:52.211 [main] DEBUG io.netty.util.internal.PlatformDependent - org.jctools-core.MpscChunkedArrayQueue: available
19:39:52.233 [main] INFO cc.litstar.comm.CommServer - Mapreduce server init sucessful
19:39:52.252 [main] DEBUG io.netty.channel.DefaultChannelId - -Dio.netty.processId: 12098 (auto-detected)
19:39:52.254 [main] DEBUG io.netty.util.NetUtil - -Djava.net.preferIPv4Stack: false
19:39:52.254 [main] DEBUG io.netty.util.NetUtil - -Djava.net.preferIPv6Addresses: false
19:39:52.255 [main] DEBUG io.netty.util.NetUtil - Loopback interface: lo (lo, 0:0:0:0:0:0:0:1%lo)
19:39:52.257 [main] DEBUG io.netty.util.NetUtil - /proc/sys/net/core/somaxconn: 128
19:39:52.260 [main] DEBUG io.netty.channel.DefaultChannelId - -Dio.netty.machineId: 00:0c:29:ff:fe:9f:bf:54 (auto-detected)
19:39:52.266 [main] DEBUG io.netty.util.internal.InternalThreadLocalMap - -Dio.netty.threadLocalMap.stringBuilder.initialSize: 1024
19:39:52.266 [main] DEBUG io.netty.util.internal.InternalThreadLocalMap - -Dio.netty.threadLocalMap.stringBuilder.maxSize: 4096
19:39:52.277 [main] DEBUG io.netty.util.ResourceLeakDetector - -Dio.netty.leakDetection.level: simple
19:39:52.277 [main] DEBUG io.netty.util.ResourceLeakDetector - -Dio.netty.leakDetection.maxRecords: 4
19:39:52.277 [main] DEBUG io.netty.util.ResourceLeakDetector - -Dio.netty.leakDetection.maxSampledRecords: 40
19:39:52.307 [main] DEBUG io.netty.buffer.PooledByteBufAllocator - -Dio.netty.allocator.numHeapArenas: 8
19:39:52.307 [main] DEBUG io.netty.buffer.PooledByteBufAllocator - -Dio.netty.allocator.numDirectArenas: 8
19:39:52.307 [main] DEBUG io.netty.buffer.PooledByteBufAllocator - -Dio.netty.allocator.pageSize: 8192
19:39:52.307 [main] DEBUG io.netty.buffer.PooledByteBufAllocator - -Dio.netty.allocator.maxOrder: 11
19:39:52.307 [main] DEBUG io.netty.buffer.PooledByteBufAllocator - -Dio.netty.allocator.chunkSize: 16777216
19:39:52.307 [main] DEBUG io.netty.buffer.PooledByteBufAllocator - -Dio.netty.allocator.tinyCacheSize: 512
19:39:52.307 [main] DEBUG io.netty.buffer.PooledByteBufAllocator - -Dio.netty.allocator.smallCacheSize: 256
19:39:52.307 [main] DEBUG io.netty.buffer.PooledByteBufAllocator - -Dio.netty.allocator.normalCacheSize: 64
19:39:52.307 [main] DEBUG io.netty.buffer.PooledByteBufAllocator - -Dio.netty.allocator.maxCachedBufferCapacity: 32768
19:39:52.307 [main] DEBUG io.netty.buffer.PooledByteBufAllocator - -Dio.netty.allocator.cacheTrimInterval: 8192
19:39:52.307 [main] DEBUG io.netty.buffer.PooledByteBufAllocator - -Dio.netty.allocator.useCacheForAllThreads: true
19:39:52.318 [main] DEBUG io.netty.buffer.ByteBufUtil - -Dio.netty.allocator.type: pooled
19:39:52.318 [main] DEBUG io.netty.buffer.ByteBufUtil - -Dio.netty.threadLocalDirectBufferSize: 65536
19:39:52.318 [main] DEBUG io.netty.buffer.ByteBufUtil - -Dio.netty.maxThreadLocalCharBufferSize: 16384
19:39:52.337 [main] INFO cc.litstar.core.Worker - Sending register information to master
19:39:52.341 [nioEventLoopGroup-2-1] INFO cc.litstar.comm.CommServer - Mapreduce server start sucessful
19:39:52.349 [main] INFO cc.litstar.comm.CommClient - Mapreduce client init sucessful
19:39:52.442 [nioEventLoopGroup-4-1] INFO cc.litstar.comm.CommClient - Starting sending messages
19:39:52.446 [nioEventLoopGroup-4-1] DEBUG io.netty.util.Recycler - -Dio.netty.recycler.maxCapacityPerThread: 32768
19:39:52.446 [nioEventLoopGroup-4-1] DEBUG io.netty.util.Recycler - -Dio.netty.recycler.maxSharedCapacityFactor: 2
19:39:52.446 [nioEventLoopGroup-4-1] DEBUG io.netty.util.Recycler - -Dio.netty.recycler.linkCapacity: 16
19:39:52.446 [nioEventLoopGroup-4-1] DEBUG io.netty.util.Recycler - -Dio.netty.recycler.ratio: 8
19:39:52.468 [nioEventLoopGroup-4-1] DEBUG io.netty.buffer.AbstractByteBuf - -Dio.netty.buffer.bytebuf.checkAccessible: true
19:39:52.469 [nioEventLoopGroup-4-1] DEBUG io.netty.util.ResourceLeakDetectorFactory - Loaded default ResourceLeakDetector: io.netty.util.ResourceLeakDetector@546266f
19:40:15.872 [Thread-0] INFO cc.litstar.core.WorkerMQHandler - Get Message: {"mapNumber":1,"masterInfo":{"ipAddress":"10.108.101.74","port":5000,"username":"root","password":"123456789"},"filePath":"/root/eclipse-workspace/MapReduce/resource/mrtmp.book.txt-1"}
19:40:15.874 [Thread-1] INFO cc.litstar.core.Worker - Get file: [/root/eclipse-workspace/MapReduce/resource/mrtmp.book.txt-1] from master
19:40:15.891 [Thread-0] INFO cc.litstar.core.WorkerMQHandler - Get Message: {"mapNumber":6,"masterInfo":{"ipAddress":"10.108.101.74","port":5000,"username":"root","password":"123456789"},"filePath":"/root/eclipse-workspace/MapReduce/resource/mrtmp.book.txt-6"}
19:40:15.892 [Thread-2] INFO cc.litstar.core.Worker - Get file: [/root/eclipse-workspace/MapReduce/resource/mrtmp.book.txt-6] from master
19:40:17.361 [Thread-2] INFO cc.litstar.core.MapReduce - DoMap: read split mrtmp.book.txt-6:94483
19:40:17.362 [Thread-1] INFO cc.litstar.core.MapReduce - DoMap: read split mrtmp.book.txt-1:93921
19:40:17.437 [Thread-1] INFO cc.litstar.comm.CommClient - Mapreduce client init sucessful
sending successful
19:40:17.456 [nioEventLoopGroup-6-1] INFO cc.litstar.comm.CommClient - Starting sending messages
19:40:17.461 [Thread-2] INFO cc.litstar.comm.CommClient - Mapreduce client init sucessful
sending successful
19:40:17.464 [nioEventLoopGroup-7-1] INFO cc.litstar.comm.CommClient - Starting sending messages
19:40:17.526 [Thread-0] INFO cc.litstar.core.WorkerMQHandler - Get Message: {"reduceNumber":1,"workerList":[{"ipAddress":"10.108.100.236","port":5001,"username":"root","password":"123456789"},{"ipAddress":"10.108.100.125","port":5002,"username":"root","password":"123456789"},{"ipAddress":"10.108.100.240","port":5003,"username":"root","password":"123456789"},{"ipAddress":"10.108.103.102","port":5004,"username":"root","password":"123456789"},{"ipAddress":"10.108.100.247","port":5005,"username":"root","password":"123456789"}],"workerMap":{"0":0,"1":1,"2":2,"3":3,"4":4,"5":0,"6":1,"7":2,"8":3,"9":4},"mapFilePath":{"0":"/root/eclipse-workspace/MapReduce/resource/mrtmp.book.txt-0-1","1":"/root/eclipse-workspace/MapReduce/resource/mrtmp.book.txt-1-1","2":"/root/eclipse-workspace/MapReduce/resource/mrtmp.book.txt-2-1","3":"/root/eclipse-workspace/MapReduce/resource/mrtmp.book.txt-3-1","4":"/root/eclipse-workspace/MapReduce/resource/mrtmp.book.txt-4-1","5":"/root/eclipse-workspace/MapReduce/resource/mrtmp.book.txt-5-1","6":"/root/eclipse-workspace/MapReduce/resource/mrtmp.book.txt-6-1","7":"/root/eclipse-workspace/MapReduce/resource/mrtmp.book.txt-7-1","8":"/root/eclipse-workspace/MapReduce/resource/mrtmp.book.txt-8-1","9":"/root/eclipse-workspace/MapReduce/resource/mrtmp.book.txt-9-1"}}
19:40:17.893 [Thread-5] INFO cc.litstar.core.Worker - Get file: [/root/eclipse-workspace/MapReduce/resource/mrtmp.book.txt-0-1] from worker 0
19:40:17.893 [Thread-5] INFO cc.litstar.core.Worker - Get file: [/root/eclipse-workspace/MapReduce/resource/mrtmp.book.txt-1-1] from worker 1
19:40:18.274 [Thread-5] INFO cc.litstar.core.Worker - Get file: [/root/eclipse-workspace/MapReduce/resource/mrtmp.book.txt-2-1] from worker 2
19:40:18.611 [Thread-5] INFO cc.litstar.core.Worker - Get file: [/root/eclipse-workspace/MapReduce/resource/mrtmp.book.txt-3-1] from worker 3
19:40:18.999 [Thread-5] INFO cc.litstar.core.Worker - Get file: [/root/eclipse-workspace/MapReduce/resource/mrtmp.book.txt-4-1] from worker 4
19:40:19.339 [Thread-5] INFO cc.litstar.core.Worker - Get file: [/root/eclipse-workspace/MapReduce/resource/mrtmp.book.txt-5-1] from worker 0
19:40:19.339 [Thread-5] INFO cc.litstar.core.Worker - Get file: [/root/eclipse-workspace/MapReduce/resource/mrtmp.book.txt-6-1] from worker 1
19:40:19.747 [Thread-5] INFO cc.litstar.core.Worker - Get file: [/root/eclipse-workspace/MapReduce/resource/mrtmp.book.txt-7-1] from worker 2
19:40:20.042 [Thread-5] INFO cc.litstar.core.Worker - Get file: [/root/eclipse-workspace/MapReduce/resource/mrtmp.book.txt-8-1] from worker 3
19:40:20.401 [Thread-5] INFO cc.litstar.core.Worker - Get file: [/root/eclipse-workspace/MapReduce/resource/mrtmp.book.txt-9-1] from worker 4
19:40:20.404 [Thread-5] INFO cc.litstar.core.MapReduce - DoReduce: read map mrtmp.book.txt-0-1:28303
19:40:20.404 [Thread-5] INFO cc.litstar.core.MapReduce - DoReduce: read map mrtmp.book.txt-1-1:28729
19:40:20.404 [Thread-5] INFO cc.litstar.core.MapReduce - DoReduce: read map mrtmp.book.txt-2-1:29691
19:40:20.404 [Thread-5] INFO cc.litstar.core.MapReduce - DoReduce: read map mrtmp.book.txt-3-1:29921
19:40:20.404 [Thread-5] INFO cc.litstar.core.MapReduce - DoReduce: read map mrtmp.book.txt-4-1:28044
19:40:20.404 [Thread-5] INFO cc.litstar.core.MapReduce - DoReduce: read map mrtmp.book.txt-5-1:29238
19:40:20.404 [Thread-5] INFO cc.litstar.core.MapReduce - DoReduce: read map mrtmp.book.txt-6-1:27349
19:40:20.404 [Thread-5] INFO cc.litstar.core.MapReduce - DoReduce: read map mrtmp.book.txt-7-1:29853
19:40:20.404 [Thread-5] INFO cc.litstar.core.MapReduce - DoReduce: read map mrtmp.book.txt-8-1:29640
19:40:20.404 [Thread-5] INFO cc.litstar.core.MapReduce - DoReduce: read map mrtmp.book.txt-9-1:27892
19:40:20.602 [Thread-5] INFO cc.litstar.comm.CommClient - Mapreduce client init sucessful
19:40:20.602 [Thread-5] INFO cc.litstar.core.Worker - sending successful
19:40:20.605 [nioEventLoopGroup-8-1] INFO cc.litstar.comm.CommClient - Starting sending messages
19:40:23.319 [Thread-0] INFO cc.litstar.core.WorkerMQHandler - Get Message: {"info":"ShutDown"}
19:40:23.324 [Thread-14] INFO cc.litstar.comm.CommClient - Mapreduce client init sucessful
19:40:23.326 [nioEventLoopGroup-9-1] INFO cc.litstar.comm.CommClient - Starting sending messages
